[ 2013-10-14T00:06:29+08:00 ] 127.0.0.1 /xingtuo/
INFO: [ app_begin ] --START--
INFO: ReadHtmlCache Behavior ::run [ RunTime:0.002575s ]
INFO: [ app_begin ] --END-- [ RunTime:0.029888s ]
NOTIC: [8] Undefined index: user_info E:\wamp\www\xingtuo\Home\Lib\Action\HtmlBaseAction.class.php 第 44 行.
INFO: [ view_parse ] --START--
INFO: ParseTemplate Behavior ::run [ RunTime:0.044576s ]
INFO: [ view_parse ] --END-- [ RunTime:0.044771s ]
INFO: [ view_filter ] --START--
INFO: ContentReplace Behavior ::run [ RunTime:0.001434s ]
INFO: TokenBuild Behavior ::run [ RunTime:0.001474s ]
INFO: WriteHtmlCache Behavior ::run [ RunTime:0.001307s ]
INFO: ShowRuntime Behavior ::run [ RunTime:0.001538s ]
INFO: [ view_filter ] --END-- [ RunTime:0.006138s ]
INFO: [ view_end ] --START--
INFO: ShowPageTrace Behavior ::run [ RunTime:0.001640s ]
INFO: [ view_end ] --END-- [ RunTime:0.001785s ]

[ 2013-10-14T00:06:34+08:00 ] 127.0.0.1 /xingtuo/?s=/Login/index
INFO: [ route_check ] --START--
INFO: CheckRoute Behavior ::run [ RunTime:0.033326s ]
INFO: [ route_check ] --END-- [ RunTime:0.033458s ]
INFO: [ app_begin ] --START--
INFO: ReadHtmlCache Behavior ::run [ RunTime:0.000809s ]
INFO: [ app_begin ] --END-- [ RunTime:0.000906s ]
NOTIC: [8] Undefined index: user_info E:\wamp\www\xingtuo\Home\Lib\Action\HtmlBaseAction.class.php 第 44 行.
SQL: SHOW COLUMNS FROM `xt_users` [ RunTime:0.145886s ]
SQL: SELECT * FROM `xt_users` WHERE ( `account` = 'admin' ) AND ( `type` = 0 ) AND ( `status` = 0 ) LIMIT 1   [ RunTime:0.015409s ]
INFO: [ view_parse ] --START--
INFO: ParseTemplate Behavior ::run [ RunTime:0.041622s ]
INFO: [ view_parse ] --END-- [ RunTime:0.041895s ]
INFO: [ view_filter ] --START--
INFO: ContentReplace Behavior ::run [ RunTime:0.001122s ]
INFO: TokenBuild Behavior ::run [ RunTime:0.001076s ]
INFO: WriteHtmlCache Behavior ::run [ RunTime:0.000887s ]
INFO: ShowRuntime Behavior ::run [ RunTime:0.001210s ]
INFO: [ view_filter ] --END-- [ RunTime:0.004704s ]
INFO: [ view_end ] --START--
INFO: ShowPageTrace Behavior ::run [ RunTime:0.001310s ]
INFO: [ view_end ] --END-- [ RunTime:0.001460s ]

[ 2013-10-14T00:06:41+08:00 ] 127.0.0.1 /xingtuo/?s=/Login/index
INFO: [ route_check ] --START--
INFO: CheckRoute Behavior ::run [ RunTime:0.001752s ]
INFO: [ route_check ] --END-- [ RunTime:0.001923s ]
INFO: [ app_begin ] --START--
INFO: ReadHtmlCache Behavior ::run [ RunTime:0.001231s ]
INFO: [ app_begin ] --END-- [ RunTime:0.001384s ]
NOTIC: [8] Undefined index: user_info E:\wamp\www\xingtuo\Home\Lib\Action\HtmlBaseAction.class.php 第 44 行.
SQL: SHOW COLUMNS FROM `xt_users` [ RunTime:0.007025s ]
SQL: SELECT * FROM `xt_users` WHERE ( `account` = 'admin' ) AND ( `type` = 0 ) AND ( `status` = 0 ) LIMIT 1   [ RunTime:0.000445s ]
INFO: [ view_parse ] --START--
INFO: ParseTemplate Behavior ::run [ RunTime:0.011651s ]
INFO: [ view_parse ] --END-- [ RunTime:0.011814s ]
INFO: [ view_filter ] --START--
INFO: ContentReplace Behavior ::run [ RunTime:0.000888s ]
INFO: TokenBuild Behavior ::run [ RunTime:0.000909s ]
INFO: WriteHtmlCache Behavior ::run [ RunTime:0.000753s ]
INFO: ShowRuntime Behavior ::run [ RunTime:0.001018s ]
INFO: [ view_filter ] --END-- [ RunTime:0.003918s ]
INFO: [ view_end ] --START--
INFO: ShowPageTrace Behavior ::run [ RunTime:0.001103s ]
INFO: [ view_end ] --END-- [ RunTime:0.001228s ]

[ 2013-10-14T00:06:48+08:00 ] 127.0.0.1 /xingtuo/?s=/Login/index
INFO: [ route_check ] --START--
INFO: CheckRoute Behavior ::run [ RunTime:0.001848s ]
INFO: [ route_check ] --END-- [ RunTime:0.002024s ]
INFO: [ app_begin ] --START--
INFO: ReadHtmlCache Behavior ::run [ RunTime:0.001241s ]
INFO: [ app_begin ] --END-- [ RunTime:0.001393s ]
NOTIC: [8] Undefined index: user_info E:\wamp\www\xingtuo\Home\Lib\Action\HtmlBaseAction.class.php 第 44 行.
SQL: SHOW COLUMNS FROM `xt_users` [ RunTime:0.004513s ]
SQL: SELECT * FROM `xt_users` WHERE ( `account` = 'admin' ) AND ( `type` = 0 ) AND ( `status` = 0 ) LIMIT 1   [ RunTime:0.000348s ]
SQL: UPDATE `xt_users` SET `id`=1,`account`='admin',`name`='管理',`password`='e10adc3949ba59abbe56e057f20f883e',`last_login_time`=1381680408,`last_login_ip`='127.0.0.1',`login_count`=140,`create_time`=1376561926,`update_time`=1376561926,`type`=0,`status`=0 WHERE ( `id` = 1 ) [ RunTime:0.083190s ]

[ 2013-10-14T00:06:48+08:00 ] 127.0.0.1 /xingtuo/index.php?s=/System/index.html
INFO: [ route_check ] --START--
INFO: CheckRoute Behavior ::run [ RunTime:0.001542s ]
INFO: [ route_check ] --END-- [ RunTime:0.001736s ]
INFO: [ app_begin ] --START--
INFO: ReadHtmlCache Behavior ::run [ RunTime:0.001215s ]
INFO: [ app_begin ] --END-- [ RunTime:0.001388s ]
SQL: SHOW COLUMNS FROM `xt_users` [ RunTime:0.004576s ]
SQL: SELECT COUNT(*) AS tp_count FROM `xt_users` WHERE ( `status` = 0 ) LIMIT 1   [ RunTime:0.006088s ]
SQL: SHOW COLUMNS FROM `xt_question` [ RunTime:0.017524s ]
SQL: SELECT COUNT(*) AS tp_count FROM `xt_question` WHERE ( `status` = 0 ) AND ( `is_reply` = 1 ) LIMIT 1   [ RunTime:0.000518s ]
INFO: [ view_parse ] --START--
INFO: ParseTemplate Behavior ::run [ RunTime:0.029185s ]
INFO: [ view_parse ] --END-- [ RunTime:0.029298s ]
INFO: [ view_filter ] --START--
INFO: ContentReplace Behavior ::run [ RunTime:0.000692s ]
INFO: TokenBuild Behavior ::run [ RunTime:0.000646s ]
INFO: WriteHtmlCache Behavior ::run [ RunTime:0.000526s ]
INFO: ShowRuntime Behavior ::run [ RunTime:0.000821s ]
INFO: [ view_filter ] --END-- [ RunTime:0.002931s ]
INFO: [ view_end ] --START--
INFO: ShowPageTrace Behavior ::run [ RunTime:0.000877s ]
INFO: [ view_end ] --END-- [ RunTime:0.000965s ]

[ 2013-10-14T00:06:50+08:00 ] 127.0.0.1 /xingtuo/index.php?s=/Product/index/
INFO: [ route_check ] --START--
INFO: CheckRoute Behavior ::run [ RunTime:0.001541s ]
INFO: [ route_check ] --END-- [ RunTime:0.001714s ]
INFO: [ app_begin ] --START--
INFO: ReadHtmlCache Behavior ::run [ RunTime:0.001074s ]
INFO: [ app_begin ] --END-- [ RunTime:0.001226s ]
SQL: SHOW COLUMNS FROM `xt_product` [ RunTime:0.025793s ]
SQL: SELECT `id`,`name`,`create_time` FROM `xt_product` WHERE ( `status` = 0 )  [ RunTime:0.007607s ]
INFO: [ view_parse ] --START--
INFO: ParseTemplate Behavior ::run [ RunTime:0.029307s ]
INFO: [ view_parse ] --END-- [ RunTime:0.029478s ]
INFO: [ view_filter ] --START--
INFO: ContentReplace Behavior ::run [ RunTime:0.000767s ]
INFO: TokenBuild Behavior ::run [ RunTime:0.000761s ]
INFO: WriteHtmlCache Behavior ::run [ RunTime:0.000605s ]
INFO: ShowRuntime Behavior ::run [ RunTime:0.000864s ]
INFO: [ view_filter ] --END-- [ RunTime:0.003333s ]
INFO: [ view_end ] --START--
INFO: ShowPageTrace Behavior ::run [ RunTime:0.000955s ]
INFO: [ view_end ] --END-- [ RunTime:0.001076s ]

[ 2013-10-14T00:06:54+08:00 ] 127.0.0.1 /xingtuo/index.php?s=/Product/edit/act/add/
INFO: [ route_check ] --START--
INFO: CheckRoute Behavior ::run [ RunTime:0.001345s ]
INFO: [ route_check ] --END-- [ RunTime:0.001515s ]
INFO: [ app_begin ] --START--
INFO: ReadHtmlCache Behavior ::run [ RunTime:0.001050s ]
INFO: [ app_begin ] --END-- [ RunTime:0.001205s ]
SQL: SHOW COLUMNS FROM `xt_product` [ RunTime:0.004420s ]
NOTIC: 建议使用I方法替代_get
NOTIC: 建议使用I方法替代_get
NOTIC: [8] Undefined variable: product_info E:\wamp\www\xingtuo\Home\Lib\Action\ProductAction.class.php 第 57 行.
INFO: [ view_parse ] --START--
INFO: ParseTemplate Behavior ::run [ RunTime:0.037030s ]
INFO: [ view_parse ] --END-- [ RunTime:0.037137s ]
INFO: [ view_filter ] --START--
INFO: ContentReplace Behavior ::run [ RunTime:0.000538s ]
INFO: TokenBuild Behavior ::run [ RunTime:0.000550s ]
INFO: WriteHtmlCache Behavior ::run [ RunTime:0.000419s ]
INFO: ShowRuntime Behavior ::run [ RunTime:0.000675s ]
INFO: [ view_filter ] --END-- [ RunTime:0.002424s ]
INFO: [ view_end ] --START--
INFO: ShowPageTrace Behavior ::run [ RunTime:0.000687s ]
INFO: [ view_end ] --END-- [ RunTime:0.000791s ]

[ 2013-10-14T00:06:58+08:00 ] 127.0.0.1 /xingtuo/index.php?s=/Message/index/
INFO: [ route_check ] --START--
INFO: CheckRoute Behavior ::run [ RunTime:0.001359s ]
INFO: [ route_check ] --END-- [ RunTime:0.001531s ]
INFO: [ app_begin ] --START--
INFO: ReadHtmlCache Behavior ::run [ RunTime:0.001062s ]
INFO: [ app_begin ] --END-- [ RunTime:0.001212s ]
SQL: SHOW COLUMNS FROM `xt_question` [ RunTime:0.007021s ]
SQL: SELECT `id`,`user_id`,`content`,`time`,`is_reply` FROM `xt_question` WHERE ( `status` = 0 ) ORDER BY id DESC  [ RunTime:0.027043s ]
INFO: [ view_parse ] --START--
INFO: ParseTemplate Behavior ::run [ RunTime:0.036539s ]
INFO: [ view_parse ] --END-- [ RunTime:0.036685s ]
INFO: [ view_filter ] --START--
INFO: ContentReplace Behavior ::run [ RunTime:0.000730s ]
INFO: TokenBuild Behavior ::run [ RunTime:0.000712s ]
INFO: WriteHtmlCache Behavior ::run [ RunTime:0.000559s ]
INFO: ShowRuntime Behavior ::run [ RunTime:0.000815s ]
INFO: [ view_filter ] --END-- [ RunTime:0.003137s ]
INFO: [ view_end ] --START--
INFO: ShowPageTrace Behavior ::run [ RunTime:0.000872s ]
INFO: [ view_end ] --END-- [ RunTime:0.000988s ]

[ 2013-10-14T00:07:00+08:00 ] 127.0.0.1 /xingtuo/index.php?s=/Product/index/
INFO: [ route_check ] --START--
INFO: CheckRoute Behavior ::run [ RunTime:0.001345s ]
INFO: [ route_check ] --END-- [ RunTime:0.001514s ]
INFO: [ app_begin ] --START--
INFO: ReadHtmlCache Behavior ::run [ RunTime:0.001055s ]
INFO: [ app_begin ] --END-- [ RunTime:0.001206s ]
SQL: SHOW COLUMNS FROM `xt_product` [ RunTime:0.004547s ]
SQL: SELECT `id`,`name`,`create_time` FROM `xt_product` WHERE ( `status` = 0 )  [ RunTime:0.000253s ]
INFO: [ view_parse ] --START--
INFO: ParseTemplate Behavior ::run [ RunTime:0.013079s ]
INFO: [ view_parse ] --END-- [ RunTime:0.013187s ]
INFO: [ view_filter ] --START--
INFO: ContentReplace Behavior ::run [ RunTime:0.000553s ]
INFO: TokenBuild Behavior ::run [ RunTime:0.000553s ]
INFO: WriteHtmlCache Behavior ::run [ RunTime:0.000441s ]
INFO: ShowRuntime Behavior ::run [ RunTime:0.000629s ]
INFO: [ view_filter ] --END-- [ RunTime:0.002419s ]
INFO: [ view_end ] --START--
INFO: ShowPageTrace Behavior ::run [ RunTime:0.000771s ]
INFO: [ view_end ] --END-- [ RunTime:0.000891s ]

[ 2013-10-14T00:07:00+08:00 ] 127.0.0.1 /xingtuo/index.php?s=/Send/index
INFO: [ route_check ] --START--
INFO: CheckRoute Behavior ::run [ RunTime:0.000927s ]
INFO: [ route_check ] --END-- [ RunTime:0.001073s ]
INFO: [ app_begin ] --START--
INFO: ReadHtmlCache Behavior ::run [ RunTime:0.000639s ]
INFO: [ app_begin ] --END-- [ RunTime:0.000729s ]
INFO: [ view_parse ] --START--
INFO: ParseTemplate Behavior ::run [ RunTime:0.017118s ]
INFO: [ view_parse ] --END-- [ RunTime:0.017244s ]
INFO: [ view_filter ] --START--
INFO: ContentReplace Behavior ::run [ RunTime:0.000704s ]
INFO: TokenBuild Behavior ::run [ RunTime:0.000553s ]
INFO: WriteHtmlCache Behavior ::run [ RunTime:0.000438s ]
INFO: ShowRuntime Behavior ::run [ RunTime:0.000630s ]
INFO: [ view_filter ] --END-- [ RunTime:0.002575s ]
INFO: [ view_end ] --START--
INFO: ShowPageTrace Behavior ::run [ RunTime:0.000683s ]
INFO: [ view_end ] --END-- [ RunTime:0.000771s ]

[ 2013-10-14T00:07:02+08:00 ] 127.0.0.1 /xingtuo/index.php?s=/System/index
INFO: [ route_check ] --START--
INFO: CheckRoute Behavior ::run [ RunTime:0.000810s ]
INFO: [ route_check ] --END-- [ RunTime:0.000915s ]
INFO: [ app_begin ] --START--
INFO: ReadHtmlCache Behavior ::run [ RunTime:0.000652s ]
INFO: [ app_begin ] --END-- [ RunTime:0.000744s ]
SQL: SHOW COLUMNS FROM `xt_users` [ RunTime:0.004782s ]
SQL: SELECT COUNT(*) AS tp_count FROM `xt_users` WHERE ( `status` = 0 ) LIMIT 1   [ RunTime:0.000254s ]
SQL: SHOW COLUMNS FROM `xt_question` [ RunTime:0.004241s ]
SQL: SELECT COUNT(*) AS tp_count FROM `xt_question` WHERE ( `status` = 0 ) AND ( `is_reply` = 1 ) LIMIT 1   [ RunTime:0.000214s ]
INFO: [ view_parse ] --START--
INFO: ParseTemplate Behavior ::run [ RunTime:0.011286s ]
INFO: [ view_parse ] --END-- [ RunTime:0.011391s ]
INFO: [ view_filter ] --START--
INFO: ContentReplace Behavior ::run [ RunTime:0.000566s ]
INFO: TokenBuild Behavior ::run [ RunTime:0.000541s ]
INFO: WriteHtmlCache Behavior ::run [ RunTime:0.000424s ]
INFO: ShowRuntime Behavior ::run [ RunTime:0.000608s ]
INFO: [ view_filter ] --END-- [ RunTime:0.002402s ]
INFO: [ view_end ] --START--
INFO: ShowPageTrace Behavior ::run [ RunTime:0.000660s ]
INFO: [ view_end ] --END-- [ RunTime:0.000746s ]

[ 2013-10-14T00:07:03+08:00 ] 127.0.0.1 /xingtuo/index.php?s=/User/user_list/
INFO: [ route_check ] --START--
INFO: CheckRoute Behavior ::run [ RunTime:0.001208s ]
INFO: [ route_check ] --END-- [ RunTime:0.001361s ]
INFO: [ app_begin ] --START--
INFO: ReadHtmlCache Behavior ::run [ RunTime:0.000958s ]
INFO: [ app_begin ] --END-- [ RunTime:0.001093s ]
SQL: SHOW COLUMNS FROM `xt_users` [ RunTime:0.006161s ]
NOTIC: 建议使用I方法替代_get
SQL: SELECT u.id,u.account,u.name,f.file_address,u.last_login_time,u.last_login_ip,u.login_count,u.type,i.age,i.sex,i.identity,i.email,i.province,i.city,i.street,i.interest,i.purchase,i.remarks FROM xt_users AS u LEFT JOIN xt_user_info AS i ON u.id = i.user_id LEFT JOIN xt_file AS f ON f.id = i.file_id WHERE ( u.status = 0 )  [ RunTime:0.030342s ]
INFO: [ view_parse ] --START--
INFO: ParseTemplate Behavior ::run [ RunTime:0.033233s ]
INFO: [ view_parse ] --END-- [ RunTime:0.033396s ]
INFO: [ view_filter ] --START--
INFO: ContentReplace Behavior ::run [ RunTime:0.001206s ]
INFO: TokenBuild Behavior ::run [ RunTime:0.001084s ]
INFO: WriteHtmlCache Behavior ::run [ RunTime:0.000801s ]
INFO: ShowRuntime Behavior ::run [ RunTime:0.000658s ]
INFO: [ view_filter ] --END-- [ RunTime:0.004194s ]
INFO: [ view_end ] --START--
INFO: ShowPageTrace Behavior ::run [ RunTime:0.000689s ]
INFO: [ view_end ] --END-- [ RunTime:0.000778s ]

[ 2013-10-14T00:07:03+08:00 ] 127.0.0.1 /xingtuo/index.php?s=/User/user_add/type/user
INFO: [ route_check ] --START--
INFO: CheckRoute Behavior ::run [ RunTime:0.001016s ]
INFO: [ route_check ] --END-- [ RunTime:0.001149s ]
INFO: [ app_begin ] --START--
INFO: ReadHtmlCache Behavior ::run [ RunTime:0.000796s ]
INFO: [ app_begin ] --END-- [ RunTime:0.000907s ]
NOTIC: 建议使用I方法替代_get
INFO: [ view_parse ] --START--
INFO: ParseTemplate Behavior ::run [ RunTime:0.020890s ]
INFO: [ view_parse ] --END-- [ RunTime:0.021020s ]
INFO: [ view_filter ] --START--
INFO: ContentReplace Behavior ::run [ RunTime:0.000658s ]
INFO: TokenBuild Behavior ::run [ RunTime:0.000617s ]
INFO: WriteHtmlCache Behavior ::run [ RunTime:0.000483s ]
INFO: ShowRuntime Behavior ::run [ RunTime:0.000953s ]
INFO: [ view_filter ] --END-- [ RunTime:0.003000s ]
INFO: [ view_end ] --START--
INFO: ShowPageTrace Behavior ::run [ RunTime:0.001000s ]
INFO: [ view_end ] --END-- [ RunTime:0.001102s ]

[ 2013-10-14T00:07:04+08:00 ] 127.0.0.1 /xingtuo/index.php?s=/System/index
INFO: [ route_check ] --START--
INFO: CheckRoute Behavior ::run [ RunTime:0.001214s ]
INFO: [ route_check ] --END-- [ RunTime:0.001370s ]
INFO: [ app_begin ] --START--
INFO: ReadHtmlCache Behavior ::run [ RunTime:0.000952s ]
INFO: [ app_begin ] --END-- [ RunTime:0.001087s ]
SQL: SHOW COLUMNS FROM `xt_users` [ RunTime:0.004764s ]
SQL: SELECT COUNT(*) AS tp_count FROM `xt_users` WHERE ( `status` = 0 ) LIMIT 1   [ RunTime:0.000260s ]
SQL: SHOW COLUMNS FROM `xt_question` [ RunTime:0.004366s ]
SQL: SELECT COUNT(*) AS tp_count FROM `xt_question` WHERE ( `status` = 0 ) AND ( `is_reply` = 1 ) LIMIT 1   [ RunTime:0.000217s ]
INFO: [ view_parse ] --START--
INFO: ParseTemplate Behavior ::run [ RunTime:0.010328s ]
INFO: [ view_parse ] --END-- [ RunTime:0.010438s ]
INFO: [ view_filter ] --START--
INFO: ContentReplace Behavior ::run [ RunTime:0.000538s ]
INFO: TokenBuild Behavior ::run [ RunTime:0.000532s ]
INFO: WriteHtmlCache Behavior ::run [ RunTime:0.000418s ]
INFO: ShowRuntime Behavior ::run [ RunTime:0.000819s ]
INFO: [ view_filter ] --END-- [ RunTime:0.002542s ]
INFO: [ view_end ] --START--
INFO: ShowPageTrace Behavior ::run [ RunTime:0.000863s ]
INFO: [ view_end ] --END-- [ RunTime:0.000950s ]

[ 2013-10-14T00:07:05+08:00 ] 127.0.0.1 /xingtuo/index.php?s=/User/user_list/
INFO: [ route_check ] --START--
INFO: CheckRoute Behavior ::run [ RunTime:0.001514s ]
INFO: [ route_check ] --END-- [ RunTime:0.001705s ]
INFO: [ app_begin ] --START--
INFO: ReadHtmlCache Behavior ::run [ RunTime:0.001209s ]
INFO: [ app_begin ] --END-- [ RunTime:0.001343s ]
SQL: SHOW COLUMNS FROM `xt_users` [ RunTime:0.004520s ]
NOTIC: 建议使用I方法替代_get
SQL: SELECT u.id,u.account,u.name,f.file_address,u.last_login_time,u.last_login_ip,u.login_count,u.type,i.age,i.sex,i.identity,i.email,i.province,i.city,i.street,i.interest,i.purchase,i.remarks FROM xt_users AS u LEFT JOIN xt_user_info AS i ON u.id = i.user_id LEFT JOIN xt_file AS f ON f.id = i.file_id WHERE ( u.status = 0 )  [ RunTime:0.000519s ]
INFO: [ view_parse ] --START--
INFO: ParseTemplate Behavior ::run [ RunTime:0.014575s ]
INFO: [ view_parse ] --END-- [ RunTime:0.014679s ]
INFO: [ view_filter ] --START--
INFO: ContentReplace Behavior ::run [ RunTime:0.000577s ]
INFO: TokenBuild Behavior ::run [ RunTime:0.000538s ]
INFO: WriteHtmlCache Behavior ::run [ RunTime:0.000418s ]
INFO: ShowRuntime Behavior ::run [ RunTime:0.000818s ]
INFO: [ view_filter ] --END-- [ RunTime:0.002591s ]
INFO: [ view_end ] --START--
INFO: ShowPageTrace Behavior ::run [ RunTime:0.000862s ]
INFO: [ view_end ] --END-- [ RunTime:0.000946s ]

[ 2013-10-14T00:07:08+08:00 ] 127.0.0.1 /xingtuo/index.php?s=/User/user_add/type/user
INFO: [ route_check ] --START--
INFO: CheckRoute Behavior ::run [ RunTime:0.001358s ]
INFO: [ route_check ] --END-- [ RunTime:0.001530s ]
INFO: [ app_begin ] --START--
INFO: ReadHtmlCache Behavior ::run [ RunTime:0.001055s ]
INFO: [ app_begin ] --END-- [ RunTime:0.001206s ]
NOTIC: 建议使用I方法替代_get
INFO: [ view_parse ] --START--
INFO: ParseTemplate Behavior ::run [ RunTime:0.016097s ]
INFO: [ view_parse ] --END-- [ RunTime:0.016232s ]
INFO: [ view_filter ] --START--
INFO: ContentReplace Behavior ::run [ RunTime:0.000561s ]
INFO: TokenBuild Behavior ::run [ RunTime:0.000535s ]
INFO: WriteHtmlCache Behavior ::run [ RunTime:0.000418s ]
INFO: ShowRuntime Behavior ::run [ RunTime:0.000825s ]
INFO: [ view_filter ] --END-- [ RunTime:0.002588s ]
INFO: [ view_end ] --START--
INFO: ShowPageTrace Behavior ::run [ RunTime:0.000870s ]
INFO: [ view_end ] --END-- [ RunTime:0.000958s ]

[ 2013-10-14T00:07:08+08:00 ] 127.0.0.1 /xingtuo/index.php?s=/User/user_list/type/2
INFO: [ route_check ] --START--
INFO: CheckRoute Behavior ::run [ RunTime:0.001405s ]
INFO: [ route_check ] --END-- [ RunTime:0.001558s ]
INFO: [ app_begin ] --START--
INFO: ReadHtmlCache Behavior ::run [ RunTime:0.000669s ]
INFO: [ app_begin ] --END-- [ RunTime:0.000763s ]
SQL: SHOW COLUMNS FROM `xt_users` [ RunTime:0.004640s ]
NOTIC: 建议使用I方法替代_get
SQL: SELECT u.id,u.account,u.name,f.file_address,u.last_login_time,u.last_login_ip,u.login_count,u.type,i.age,i.sex,i.identity,i.email,i.province,i.city,i.street,i.interest,i.purchase,i.remarks FROM xt_users AS u LEFT JOIN xt_user_info AS i ON u.id = i.user_id LEFT JOIN xt_file AS f ON f.id = i.file_id WHERE ( u.type = '2' ) AND ( u.status = 0 )  [ RunTime:0.000736s ]
INFO: [ view_parse ] --START--
INFO: ParseTemplate Behavior ::run [ RunTime:0.014937s ]
INFO: [ view_parse ] --END-- [ RunTime:0.015048s ]
INFO: [ view_filter ] --START--
INFO: ContentReplace Behavior ::run [ RunTime:0.000561s ]
INFO: TokenBuild Behavior ::run [ RunTime:0.000532s ]
INFO: WriteHtmlCache Behavior ::run [ RunTime:0.000422s ]
INFO: ShowRuntime Behavior ::run [ RunTime:0.000817s ]
INFO: [ view_filter ] --END-- [ RunTime:0.002575s ]
INFO: [ view_end ] --START--
INFO: ShowPageTrace Behavior ::run [ RunTime:0.000892s ]
INFO: [ view_end ] --END-- [ RunTime:0.000977s ]

[ 2013-10-14T00:07:15+08:00 ] 127.0.0.1 /xingtuo/index.php?s=/Message/index/
INFO: [ route_check ] --START--
INFO: CheckRoute Behavior ::run [ RunTime:0.000811s ]
INFO: [ route_check ] --END-- [ RunTime:0.000915s ]
INFO: [ app_begin ] --START--
INFO: ReadHtmlCache Behavior ::run [ RunTime:0.000638s ]
INFO: [ app_begin ] --END-- [ RunTime:0.000728s ]
SQL: SHOW COLUMNS FROM `xt_question` [ RunTime:0.004634s ]
SQL: SELECT `id`,`user_id`,`content`,`time`,`is_reply` FROM `xt_question` WHERE ( `status` = 0 ) ORDER BY id DESC  [ RunTime:0.000344s ]
INFO: [ view_parse ] --START--
INFO: ParseTemplate Behavior ::run [ RunTime:0.012829s ]
INFO: [ view_parse ] --END-- [ RunTime:0.012935s ]
INFO: [ view_filter ] --START--
INFO: ContentReplace Behavior ::run [ RunTime:0.000561s ]
INFO: TokenBuild Behavior ::run [ RunTime:0.000552s ]
INFO: WriteHtmlCache Behavior ::run [ RunTime:0.000424s ]
INFO: ShowRuntime Behavior ::run [ RunTime:0.000813s ]
INFO: [ view_filter ] --END-- [ RunTime:0.002598s ]
INFO: [ view_end ] --START--
INFO: ShowPageTrace Behavior ::run [ RunTime:0.000872s ]
INFO: [ view_end ] --END-- [ RunTime:0.000958s ]

[ 2013-10-14T00:07:16+08:00 ] 127.0.0.1 /xingtuo/index.php?s=/User/user_list/
INFO: [ route_check ] --START--
INFO: CheckRoute Behavior ::run [ RunTime:0.001512s ]
INFO: [ route_check ] --END-- [ RunTime:0.001702s ]
INFO: [ app_begin ] --START--
INFO: ReadHtmlCache Behavior ::run [ RunTime:0.000635s ]
INFO: [ app_begin ] --END-- [ RunTime:0.000767s ]
SQL: SHOW COLUMNS FROM `xt_users` [ RunTime:0.004687s ]
NOTIC: 建议使用I方法替代_get
SQL: SELECT u.id,u.account,u.name,f.file_address,u.last_login_time,u.last_login_ip,u.login_count,u.type,i.age,i.sex,i.identity,i.email,i.province,i.city,i.street,i.interest,i.purchase,i.remarks FROM xt_users AS u LEFT JOIN xt_user_info AS i ON u.id = i.user_id LEFT JOIN xt_file AS f ON f.id = i.file_id WHERE ( u.status = 0 )  [ RunTime:0.000533s ]
INFO: [ view_parse ] --START--
INFO: ParseTemplate Behavior ::run [ RunTime:0.014485s ]
INFO: [ view_parse ] --END-- [ RunTime:0.014589s ]
INFO: [ view_filter ] --START--
INFO: ContentReplace Behavior ::run [ RunTime:0.000578s ]
INFO: TokenBuild Behavior ::run [ RunTime:0.000537s ]
INFO: WriteHtmlCache Behavior ::run [ RunTime:0.000418s ]
INFO: ShowRuntime Behavior ::run [ RunTime:0.000822s ]
INFO: [ view_filter ] --END-- [ RunTime:0.002595s ]
INFO: [ view_end ] --START--
INFO: ShowPageTrace Behavior ::run [ RunTime:0.000867s ]
INFO: [ view_end ] --END-- [ RunTime:0.000952s ]

[ 2013-10-14T00:07:17+08:00 ] 127.0.0.1 /xingtuo/index.php?s=/User/user_list/
INFO: [ route_check ] --START--
INFO: CheckRoute Behavior ::run [ RunTime:0.001034s ]
INFO: [ route_check ] --END-- [ RunTime:0.001167s ]
INFO: [ app_begin ] --START--
INFO: ReadHtmlCache Behavior ::run [ RunTime:0.000801s ]
INFO: [ app_begin ] --END-- [ RunTime:0.000915s ]
SQL: SHOW COLUMNS FROM `xt_users` [ RunTime:0.005172s ]
NOTIC: 建议使用I方法替代_get
SQL: SELECT u.id,u.account,u.name,f.file_address,u.last_login_time,u.last_login_ip,u.login_count,u.type,i.age,i.sex,i.identity,i.email,i.province,i.city,i.street,i.interest,i.purchase,i.remarks FROM xt_users AS u LEFT JOIN xt_user_info AS i ON u.id = i.user_id LEFT JOIN xt_file AS f ON f.id = i.file_id WHERE ( u.status = 0 )  [ RunTime:0.000590s ]
INFO: [ view_parse ] --START--
INFO: ParseTemplate Behavior ::run [ RunTime:0.016667s ]
INFO: [ view_parse ] --END-- [ RunTime:0.016789s ]
INFO: [ view_filter ] --START--
INFO: ContentReplace Behavior ::run [ RunTime:0.000632s ]
INFO: TokenBuild Behavior ::run [ RunTime:0.000578s ]
INFO: WriteHtmlCache Behavior ::run [ RunTime:0.000449s ]
INFO: ShowRuntime Behavior ::run [ RunTime:0.000877s ]
INFO: [ view_filter ] --END-- [ RunTime:0.002795s ]
INFO: [ view_end ] --START--
INFO: ShowPageTrace Behavior ::run [ RunTime:0.000921s ]
INFO: [ view_end ] --END-- [ RunTime:0.001012s ]

[ 2013-10-14T00:16:06+08:00 ] 127.0.0.1 /xingtuo/
INFO: [ app_begin ] --START--
INFO: ReadHtmlCache Behavior ::run [ RunTime:0.001637s ]
INFO: [ app_begin ] --END-- [ RunTime:0.001757s ]
NOTIC: [8] Undefined index: user_info E:\wamp\www\xingtuo\Home\Lib\Action\HtmlBaseAction.class.php 第 44 行.
INFO: [ view_parse ] --START--
INFO: ParseTemplate Behavior ::run [ RunTime:0.012971s ]
INFO: [ view_parse ] --END-- [ RunTime:0.013085s ]
INFO: [ view_filter ] --START--
INFO: ContentReplace Behavior ::run [ RunTime:0.001513s ]
INFO: TokenBuild Behavior ::run [ RunTime:0.001510s ]
INFO: WriteHtmlCache Behavior ::run [ RunTime:0.001379s ]
INFO: ShowRuntime Behavior ::run [ RunTime:0.001552s ]
INFO: [ view_filter ] --END-- [ RunTime:0.006210s ]
INFO: [ view_end ] --START--
INFO: ShowPageTrace Behavior ::run [ RunTime:0.001626s ]
INFO: [ view_end ] --END-- [ RunTime:0.001720s ]

[ 2013-10-14T00:16:09+08:00 ] 127.0.0.1 /xingtuo/?s=/Login/index
INFO: [ route_check ] --START--
INFO: CheckRoute Behavior ::run [ RunTime:0.002910s ]
INFO: [ route_check ] --END-- [ RunTime:0.003072s ]
INFO: [ app_begin ] --START--
INFO: ReadHtmlCache Behavior ::run [ RunTime:0.002373s ]
INFO: [ app_begin ] --END-- [ RunTime:0.002518s ]
NOTIC: [8] Undefined index: user_info E:\wamp\www\xingtuo\Home\Lib\Action\HtmlBaseAction.class.php 第 44 行.
SQL: SHOW COLUMNS FROM `xt_users` [ RunTime:0.006140s ]
SQL: SELECT * FROM `xt_users` WHERE ( `account` = 'admin' ) AND ( `type` = 0 ) AND ( `status` = 0 ) LIMIT 1   [ RunTime:0.000434s ]
SQL: UPDATE `xt_users` SET `id`=1,`account`='admin',`name`='管理',`password`='e10adc3949ba59abbe56e057f20f883e',`last_login_time`=1381680969,`last_login_ip`='127.0.0.1',`login_count`=141,`create_time`=1376561926,`update_time`=1376561926,`type`=0,`status`=0 WHERE ( `id` = 1 ) [ RunTime:0.042237s ]

[ 2013-10-14T00:16:09+08:00 ] 127.0.0.1 /xingtuo/index.php?s=/System/index.html
INFO: [ route_check ] --START--
INFO: CheckRoute Behavior ::run [ RunTime:0.001759s ]
INFO: [ route_check ] --END-- [ RunTime:0.001878s ]
INFO: [ app_begin ] --START--
INFO: ReadHtmlCache Behavior ::run [ RunTime:0.001548s ]
INFO: [ app_begin ] --END-- [ RunTime:0.001655s ]
SQL: SHOW COLUMNS FROM `xt_users` [ RunTime:0.004717s ]
SQL: SELECT COUNT(*) AS tp_count FROM `xt_users` WHERE ( `status` = 0 ) LIMIT 1   [ RunTime:0.000247s ]
SQL: SHOW COLUMNS FROM `xt_question` [ RunTime:0.005045s ]
SQL: SELECT COUNT(*) AS tp_count FROM `xt_question` WHERE ( `status` = 0 ) AND ( `is_reply` = 1 ) LIMIT 1   [ RunTime:0.000231s ]
INFO: [ view_parse ] --START--
INFO: ParseTemplate Behavior ::run [ RunTime:0.015708s ]
INFO: [ view_parse ] --END-- [ RunTime:0.015857s ]
INFO: [ view_filter ] --START--
INFO: ContentReplace Behavior ::run [ RunTime:0.001424s ]
INFO: TokenBuild Behavior ::run [ RunTime:0.001372s ]
INFO: WriteHtmlCache Behavior ::run [ RunTime:0.001228s ]
INFO: ShowRuntime Behavior ::run [ RunTime:0.001417s ]
INFO: [ view_filter ] --END-- [ RunTime:0.005740s ]
INFO: [ view_end ] --START--
INFO: ShowPageTrace Behavior ::run [ RunTime:0.001462s ]
INFO: [ view_end ] --END-- [ RunTime:0.001559s ]

[ 2013-10-14T00:16:11+08:00 ] 127.0.0.1 /xingtuo/index.php?s=/Product/index/
INFO: [ route_check ] --START--
INFO: CheckRoute Behavior ::run [ RunTime:0.001606s ]
INFO: [ route_check ] --END-- [ RunTime:0.001774s ]
INFO: [ app_begin ] --START--
INFO: ReadHtmlCache Behavior ::run [ RunTime:0.001400s ]
INFO: [ app_begin ] --END-- [ RunTime:0.001496s ]
SQL: SHOW COLUMNS FROM `xt_product` [ RunTime:0.004478s ]
SQL: SELECT `id`,`name`,`create_time` FROM `xt_product` WHERE ( `status` = 0 )  [ RunTime:0.000203s ]
INFO: [ view_parse ] --START--
INFO: ParseTemplate Behavior ::run [ RunTime:0.017097s ]
INFO: [ view_parse ] --END-- [ RunTime:0.017213s ]
INFO: [ view_filter ] --START--
INFO: ContentReplace Behavior ::run [ RunTime:0.001407s ]
INFO: TokenBuild Behavior ::run [ RunTime:0.001408s ]
INFO: WriteHtmlCache Behavior ::run [ RunTime:0.001238s ]
INFO: ShowRuntime Behavior ::run [ RunTime:0.001416s ]
INFO: [ view_filter ] --END-- [ RunTime:0.005754s ]
INFO: [ view_end ] --START--
INFO: ShowPageTrace Behavior ::run [ RunTime:0.001463s ]
INFO: [ view_end ] --END-- [ RunTime:0.001555s ]

