[ 2013-10-06T00:04:09+08:00 ] 127.0.0.1 /xingtuo/index.php?s=/ApiProduct/product_list
INFO: [ route_check ] --START--
INFO: CheckRoute Behavior ::run [ RunTime:0.001238s ]
INFO: [ route_check ] --END-- [ RunTime:0.001353s ]
INFO: [ app_begin ] --START--
INFO: ReadHtmlCache Behavior ::run [ RunTime:0.000883s ]
INFO: [ app_begin ] --END-- [ RunTime:0.000977s ]
SQL: SHOW COLUMNS FROM `xt_product` [ RunTime:0.004526s ]
SQL: SELECT `id`,`name`,`content`,`create_time` FROM `xt_product` WHERE ( `status` = 0 )  [ RunTime:0.000200s ]

[ 2013-10-06T00:04:10+08:00 ] 127.0.0.1 /xingtuo/index.php?s=/ApiProduct/product_list
INFO: [ route_check ] --START--
INFO: CheckRoute Behavior ::run [ RunTime:0.001100s ]
INFO: [ route_check ] --END-- [ RunTime:0.001210s ]
INFO: [ app_begin ] --START--
INFO: ReadHtmlCache Behavior ::run [ RunTime:0.000888s ]
INFO: [ app_begin ] --END-- [ RunTime:0.000985s ]
SQL: SHOW COLUMNS FROM `xt_product` [ RunTime:0.004604s ]
SQL: SELECT `id`,`name`,`content`,`create_time` FROM `xt_product` WHERE ( `status` = 0 )  [ RunTime:0.000240s ]

[ 2013-10-06T00:04:10+08:00 ] 127.0.0.1 /xingtuo/index.php?s=/ApiProduct/product_list
INFO: [ route_check ] --START--
INFO: CheckRoute Behavior ::run [ RunTime:0.001076s ]
INFO: [ route_check ] --END-- [ RunTime:0.001190s ]
INFO: [ app_begin ] --START--
INFO: ReadHtmlCache Behavior ::run [ RunTime:0.000941s ]
INFO: [ app_begin ] --END-- [ RunTime:0.001050s ]
SQL: SHOW COLUMNS FROM `xt_product` [ RunTime:0.004763s ]
SQL: SELECT `id`,`name`,`content`,`create_time` FROM `xt_product` WHERE ( `status` = 0 )  [ RunTime:0.000255s ]

[ 2013-10-06T00:04:10+08:00 ] 127.0.0.1 /xingtuo/index.php?s=/ApiProduct/product_list
INFO: [ route_check ] --START--
INFO: CheckRoute Behavior ::run [ RunTime:0.001054s ]
INFO: [ route_check ] --END-- [ RunTime:0.001172s ]
INFO: [ app_begin ] --START--
INFO: ReadHtmlCache Behavior ::run [ RunTime:0.000916s ]
INFO: [ app_begin ] --END-- [ RunTime:0.001015s ]
SQL: SHOW COLUMNS FROM `xt_product` [ RunTime:0.005070s ]
SQL: SELECT `id`,`name`,`content`,`create_time` FROM `xt_product` WHERE ( `status` = 0 )  [ RunTime:0.000246s ]

[ 2013-10-06T00:04:10+08:00 ] 127.0.0.1 /xingtuo/index.php?s=/ApiProduct/product_list
INFO: [ route_check ] --START--
INFO: CheckRoute Behavior ::run [ RunTime:0.001059s ]
INFO: [ route_check ] --END-- [ RunTime:0.001178s ]
INFO: [ app_begin ] --START--
INFO: ReadHtmlCache Behavior ::run [ RunTime:0.000831s ]
INFO: [ app_begin ] --END-- [ RunTime:0.000925s ]
SQL: SHOW COLUMNS FROM `xt_product` [ RunTime:0.004562s ]
SQL: SELECT `id`,`name`,`content`,`create_time` FROM `xt_product` WHERE ( `status` = 0 )  [ RunTime:0.000199s ]

[ 2013-10-06T00:04:11+08:00 ] 127.0.0.1 /xingtuo/index.php?s=/ApiProduct/product_list
INFO: [ route_check ] --START--
INFO: CheckRoute Behavior ::run [ RunTime:0.001013s ]
INFO: [ route_check ] --END-- [ RunTime:0.001128s ]
INFO: [ app_begin ] --START--
INFO: ReadHtmlCache Behavior ::run [ RunTime:0.000950s ]
INFO: [ app_begin ] --END-- [ RunTime:0.001048s ]
SQL: SHOW COLUMNS FROM `xt_product` [ RunTime:0.005654s ]
SQL: SELECT `id`,`name`,`content`,`create_time` FROM `xt_product` WHERE ( `status` = 0 )  [ RunTime:0.000209s ]

[ 2013-10-06T00:04:11+08:00 ] 127.0.0.1 /xingtuo/index.php?s=/ApiProduct/product_list
INFO: [ route_check ] --START--
INFO: CheckRoute Behavior ::run [ RunTime:0.001024s ]
INFO: [ route_check ] --END-- [ RunTime:0.001138s ]
INFO: [ app_begin ] --START--
INFO: ReadHtmlCache Behavior ::run [ RunTime:0.000828s ]
INFO: [ app_begin ] --END-- [ RunTime:0.000923s ]
SQL: SHOW COLUMNS FROM `xt_product` [ RunTime:0.004453s ]
SQL: SELECT `id`,`name`,`content`,`create_time` FROM `xt_product` WHERE ( `status` = 0 )  [ RunTime:0.000258s ]

[ 2013-10-06T00:04:11+08:00 ] 127.0.0.1 /xingtuo/index.php?s=/ApiProduct/product_list
INFO: [ route_check ] --START--
INFO: CheckRoute Behavior ::run [ RunTime:0.001202s ]
INFO: [ route_check ] --END-- [ RunTime:0.001323s ]
INFO: [ app_begin ] --START--
INFO: ReadHtmlCache Behavior ::run [ RunTime:0.000860s ]
INFO: [ app_begin ] --END-- [ RunTime:0.000955s ]
SQL: SHOW COLUMNS FROM `xt_product` [ RunTime:0.004638s ]
SQL: SELECT `id`,`name`,`content`,`create_time` FROM `xt_product` WHERE ( `status` = 0 )  [ RunTime:0.000221s ]

[ 2013-10-06T00:05:53+08:00 ] 127.0.0.1 /xingtuo/index.php?s=/ApiProduct/product_one/id/1
INFO: [ route_check ] --START--
INFO: CheckRoute Behavior ::run [ RunTime:0.001088s ]
INFO: [ route_check ] --END-- [ RunTime:0.001211s ]
INFO: [ app_begin ] --START--
INFO: ReadHtmlCache Behavior ::run [ RunTime:0.000805s ]
INFO: [ app_begin ] --END-- [ RunTime:0.000923s ]
SQL: SHOW COLUMNS FROM `xt_product` [ RunTime:0.004622s ]
NOTIC: 建议使用I方法替代_get
SQL: SELECT `id`,`name`,`create_time` FROM `xt_product` WHERE ( `status` = 0 )  [ RunTime:0.000203s ]
NOTIC: [8] Undefined variable: product_list E:\wamp\www\xingtuo\Home\Lib\Action\ApiProductAction.class.php 第 35 行.

[ 2013-10-06T00:06:00+08:00 ] 127.0.0.1 /xingtuo/index.php?s=/ApiProduct/product_one/id/1
INFO: [ route_check ] --START--
INFO: CheckRoute Behavior ::run [ RunTime:0.001021s ]
INFO: [ route_check ] --END-- [ RunTime:0.001136s ]
INFO: [ app_begin ] --START--
INFO: ReadHtmlCache Behavior ::run [ RunTime:0.000833s ]
INFO: [ app_begin ] --END-- [ RunTime:0.000929s ]
SQL: SHOW COLUMNS FROM `xt_product` [ RunTime:0.004712s ]
NOTIC: 建议使用I方法替代_get
SQL: SELECT `id`,`name`,`create_time` FROM `xt_product` WHERE ( `status` = 0 )  [ RunTime:0.000230s ]

[ 2013-10-06T00:06:15+08:00 ] 127.0.0.1 /xingtuo/index.php?s=/ApiProduct/product_one/id/1
INFO: [ route_check ] --START--
INFO: CheckRoute Behavior ::run [ RunTime:0.001203s ]
INFO: [ route_check ] --END-- [ RunTime:0.001314s ]
INFO: [ app_begin ] --START--
INFO: ReadHtmlCache Behavior ::run [ RunTime:0.000926s ]
INFO: [ app_begin ] --END-- [ RunTime:0.001026s ]
SQL: SHOW COLUMNS FROM `xt_product` [ RunTime:0.004535s ]
NOTIC: 建议使用I方法替代_get
SQL: SELECT `id`,`name`,`create_time` FROM `xt_product` WHERE ( `status` = 0 )  [ RunTime:0.000199s ]

[ 2013-10-06T00:06:16+08:00 ] 127.0.0.1 /xingtuo/index.php?s=/ApiProduct/product_one/id/1
INFO: [ route_check ] --START--
INFO: CheckRoute Behavior ::run [ RunTime:0.001033s ]
INFO: [ route_check ] --END-- [ RunTime:0.001148s ]
INFO: [ app_begin ] --START--
INFO: ReadHtmlCache Behavior ::run [ RunTime:0.000824s ]
INFO: [ app_begin ] --END-- [ RunTime:0.000917s ]
SQL: SHOW COLUMNS FROM `xt_product` [ RunTime:0.004846s ]
NOTIC: 建议使用I方法替代_get
SQL: SELECT `id`,`name`,`create_time` FROM `xt_product` WHERE ( `status` = 0 )  [ RunTime:0.000255s ]

[ 2013-10-06T00:06:16+08:00 ] 127.0.0.1 /xingtuo/index.php?s=/ApiProduct/product_one/id/1
INFO: [ route_check ] --START--
INFO: CheckRoute Behavior ::run [ RunTime:0.000999s ]
INFO: [ route_check ] --END-- [ RunTime:0.001111s ]
INFO: [ app_begin ] --START--
INFO: ReadHtmlCache Behavior ::run [ RunTime:0.000845s ]
INFO: [ app_begin ] --END-- [ RunTime:0.000940s ]
SQL: SHOW COLUMNS FROM `xt_product` [ RunTime:0.013610s ]
NOTIC: 建议使用I方法替代_get
SQL: SELECT `id`,`name`,`create_time` FROM `xt_product` WHERE ( `status` = 0 )  [ RunTime:0.000280s ]

[ 2013-10-06T00:06:16+08:00 ] 127.0.0.1 /xingtuo/index.php?s=/ApiProduct/product_one/id/1
INFO: [ route_check ] --START--
INFO: CheckRoute Behavior ::run [ RunTime:0.001256s ]
INFO: [ route_check ] --END-- [ RunTime:0.001375s ]
INFO: [ app_begin ] --START--
INFO: ReadHtmlCache Behavior ::run [ RunTime:0.000910s ]
INFO: [ app_begin ] --END-- [ RunTime:0.001014s ]
SQL: SHOW COLUMNS FROM `xt_product` [ RunTime:0.009634s ]
NOTIC: 建议使用I方法替代_get
SQL: SELECT `id`,`name`,`create_time` FROM `xt_product` WHERE ( `status` = 0 )  [ RunTime:0.000214s ]

[ 2013-10-06T00:06:16+08:00 ] 127.0.0.1 /xingtuo/index.php?s=/ApiProduct/product_one/id/1
INFO: [ route_check ] --START--
INFO: CheckRoute Behavior ::run [ RunTime:0.001031s ]
INFO: [ route_check ] --END-- [ RunTime:0.001174s ]
INFO: [ app_begin ] --START--
INFO: ReadHtmlCache Behavior ::run [ RunTime:0.000855s ]
INFO: [ app_begin ] --END-- [ RunTime:0.000950s ]
SQL: SHOW COLUMNS FROM `xt_product` [ RunTime:0.004344s ]
NOTIC: 建议使用I方法替代_get
SQL: SELECT `id`,`name`,`create_time` FROM `xt_product` WHERE ( `status` = 0 )  [ RunTime:0.000238s ]

[ 2013-10-06T00:06:16+08:00 ] 127.0.0.1 /xingtuo/index.php?s=/ApiProduct/product_one/id/1
INFO: [ route_check ] --START--
INFO: CheckRoute Behavior ::run [ RunTime:0.001072s ]
INFO: [ route_check ] --END-- [ RunTime:0.001187s ]
INFO: [ app_begin ] --START--
INFO: ReadHtmlCache Behavior ::run [ RunTime:0.000923s ]
INFO: [ app_begin ] --END-- [ RunTime:0.001058s ]
SQL: SHOW COLUMNS FROM `xt_product` [ RunTime:0.004793s ]
NOTIC: 建议使用I方法替代_get
SQL: SELECT `id`,`name`,`create_time` FROM `xt_product` WHERE ( `status` = 0 )  [ RunTime:0.000252s ]

[ 2013-10-06T00:06:16+08:00 ] 127.0.0.1 /xingtuo/index.php?s=/ApiProduct/product_one/id/1
INFO: [ route_check ] --START--
INFO: CheckRoute Behavior ::run [ RunTime:0.001205s ]
INFO: [ route_check ] --END-- [ RunTime:0.001319s ]
INFO: [ app_begin ] --START--
INFO: ReadHtmlCache Behavior ::run [ RunTime:0.000904s ]
INFO: [ app_begin ] --END-- [ RunTime:0.001001s ]
SQL: SHOW COLUMNS FROM `xt_product` [ RunTime:0.005332s ]
NOTIC: 建议使用I方法替代_get
SQL: SELECT `id`,`name`,`create_time` FROM `xt_product` WHERE ( `status` = 0 )  [ RunTime:0.000211s ]

[ 2013-10-06T00:06:16+08:00 ] 127.0.0.1 /xingtuo/index.php?s=/ApiProduct/product_one/id/1
INFO: [ route_check ] --START--
INFO: CheckRoute Behavior ::run [ RunTime:0.001041s ]
INFO: [ route_check ] --END-- [ RunTime:0.001157s ]
INFO: [ app_begin ] --START--
INFO: ReadHtmlCache Behavior ::run [ RunTime:0.000925s ]
INFO: [ app_begin ] --END-- [ RunTime:0.001033s ]
SQL: SHOW COLUMNS FROM `xt_product` [ RunTime:0.008769s ]
NOTIC: 建议使用I方法替代_get
SQL: SELECT `id`,`name`,`create_time` FROM `xt_product` WHERE ( `status` = 0 )  [ RunTime:0.000218s ]

[ 2013-10-06T00:06:16+08:00 ] 127.0.0.1 /xingtuo/index.php?s=/ApiProduct/product_one/id/1
INFO: [ route_check ] --START--
INFO: CheckRoute Behavior ::run [ RunTime:0.001034s ]
INFO: [ route_check ] --END-- [ RunTime:0.001152s ]
INFO: [ app_begin ] --START--
INFO: ReadHtmlCache Behavior ::run [ RunTime:0.000935s ]
INFO: [ app_begin ] --END-- [ RunTime:0.001033s ]
SQL: SHOW COLUMNS FROM `xt_product` [ RunTime:0.009110s ]
NOTIC: 建议使用I方法替代_get
SQL: SELECT `id`,`name`,`create_time` FROM `xt_product` WHERE ( `status` = 0 )  [ RunTime:0.000237s ]

[ 2013-10-06T00:06:16+08:00 ] 127.0.0.1 /xingtuo/index.php?s=/ApiProduct/product_one/id/1
INFO: [ route_check ] --START--
INFO: CheckRoute Behavior ::run [ RunTime:0.001072s ]
INFO: [ route_check ] --END-- [ RunTime:0.001191s ]
INFO: [ app_begin ] --START--
INFO: ReadHtmlCache Behavior ::run [ RunTime:0.000884s ]
INFO: [ app_begin ] --END-- [ RunTime:0.000991s ]
SQL: SHOW COLUMNS FROM `xt_product` [ RunTime:0.004818s ]
NOTIC: 建议使用I方法替代_get
SQL: SELECT `id`,`name`,`create_time` FROM `xt_product` WHERE ( `status` = 0 )  [ RunTime:0.000266s ]

[ 2013-10-06T00:06:16+08:00 ] 127.0.0.1 /xingtuo/index.php?s=/ApiProduct/product_one/id/1
INFO: [ route_check ] --START--
INFO: CheckRoute Behavior ::run [ RunTime:0.001010s ]
INFO: [ route_check ] --END-- [ RunTime:0.001123s ]
INFO: [ app_begin ] --START--
INFO: ReadHtmlCache Behavior ::run [ RunTime:0.000867s ]
INFO: [ app_begin ] --END-- [ RunTime:0.000971s ]
SQL: SHOW COLUMNS FROM `xt_product` [ RunTime:0.007809s ]
NOTIC: 建议使用I方法替代_get
SQL: SELECT `id`,`name`,`create_time` FROM `xt_product` WHERE ( `status` = 0 )  [ RunTime:0.000226s ]

[ 2013-10-06T00:06:17+08:00 ] 127.0.0.1 /xingtuo/index.php?s=/ApiProduct/product_one/id/1
INFO: [ route_check ] --START--
INFO: CheckRoute Behavior ::run [ RunTime:0.001072s ]
INFO: [ route_check ] --END-- [ RunTime:0.001203s ]
INFO: [ app_begin ] --START--
INFO: ReadHtmlCache Behavior ::run [ RunTime:0.000846s ]
INFO: [ app_begin ] --END-- [ RunTime:0.000950s ]
SQL: SHOW COLUMNS FROM `xt_product` [ RunTime:0.018196s ]
NOTIC: 建议使用I方法替代_get
SQL: SELECT `id`,`name`,`create_time` FROM `xt_product` WHERE ( `status` = 0 )  [ RunTime:0.000244s ]

[ 2013-10-06T00:06:17+08:00 ] 127.0.0.1 /xingtuo/index.php?s=/ApiProduct/product_one/id/1
INFO: [ route_check ] --START--
INFO: CheckRoute Behavior ::run [ RunTime:0.001876s ]
INFO: [ route_check ] --END-- [ RunTime:0.002003s ]
INFO: [ app_begin ] --START--
INFO: ReadHtmlCache Behavior ::run [ RunTime:0.000886s ]
INFO: [ app_begin ] --END-- [ RunTime:0.000987s ]
SQL: SHOW COLUMNS FROM `xt_product` [ RunTime:0.004488s ]
NOTIC: 建议使用I方法替代_get
SQL: SELECT `id`,`name`,`create_time` FROM `xt_product` WHERE ( `status` = 0 )  [ RunTime:0.000233s ]

[ 2013-10-06T00:06:17+08:00 ] 127.0.0.1 /xingtuo/index.php?s=/ApiProduct/product_one/id/1
INFO: [ route_check ] --START--
INFO: CheckRoute Behavior ::run [ RunTime:0.001074s ]
INFO: [ route_check ] --END-- [ RunTime:0.001182s ]
INFO: [ app_begin ] --START--
INFO: ReadHtmlCache Behavior ::run [ RunTime:0.001206s ]
INFO: [ app_begin ] --END-- [ RunTime:0.001321s ]
SQL: SHOW COLUMNS FROM `xt_product` [ RunTime:0.014328s ]
NOTIC: 建议使用I方法替代_get
SQL: SELECT `id`,`name`,`create_time` FROM `xt_product` WHERE ( `status` = 0 )  [ RunTime:0.000263s ]

[ 2013-10-06T00:06:17+08:00 ] 127.0.0.1 /xingtuo/index.php?s=/ApiProduct/product_one/id/1
INFO: [ route_check ] --START--
INFO: CheckRoute Behavior ::run [ RunTime:0.001035s ]
INFO: [ route_check ] --END-- [ RunTime:0.001160s ]
INFO: [ app_begin ] --START--
INFO: ReadHtmlCache Behavior ::run [ RunTime:0.000833s ]
INFO: [ app_begin ] --END-- [ RunTime:0.000929s ]
SQL: SHOW COLUMNS FROM `xt_product` [ RunTime:0.006910s ]
NOTIC: 建议使用I方法替代_get
SQL: SELECT `id`,`name`,`create_time` FROM `xt_product` WHERE ( `status` = 0 )  [ RunTime:0.000220s ]

[ 2013-10-06T00:06:17+08:00 ] 127.0.0.1 /xingtuo/index.php?s=/ApiProduct/product_one/id/1
INFO: [ route_check ] --START--
INFO: CheckRoute Behavior ::run [ RunTime:0.001033s ]
INFO: [ route_check ] --END-- [ RunTime:0.001146s ]
INFO: [ app_begin ] --START--
INFO: ReadHtmlCache Behavior ::run [ RunTime:0.000920s ]
INFO: [ app_begin ] --END-- [ RunTime:0.001026s ]
SQL: SHOW COLUMNS FROM `xt_product` [ RunTime:0.010392s ]
NOTIC: 建议使用I方法替代_get
SQL: SELECT `id`,`name`,`create_time` FROM `xt_product` WHERE ( `status` = 0 )  [ RunTime:0.000211s ]

[ 2013-10-06T00:06:17+08:00 ] 127.0.0.1 /xingtuo/index.php?s=/ApiProduct/product_one/id/1
INFO: [ route_check ] --START--
INFO: CheckRoute Behavior ::run [ RunTime:0.001225s ]
INFO: [ route_check ] --END-- [ RunTime:0.001502s ]
INFO: [ app_begin ] --START--
INFO: ReadHtmlCache Behavior ::run [ RunTime:0.000844s ]
INFO: [ app_begin ] --END-- [ RunTime:0.000939s ]
SQL: SHOW COLUMNS FROM `xt_product` [ RunTime:0.004630s ]
NOTIC: 建议使用I方法替代_get
SQL: SELECT `id`,`name`,`create_time` FROM `xt_product` WHERE ( `status` = 0 )  [ RunTime:0.000520s ]

[ 2013-10-06T00:06:17+08:00 ] 127.0.0.1 /xingtuo/index.php?s=/ApiProduct/product_one/id/1
INFO: [ route_check ] --START--
INFO: CheckRoute Behavior ::run [ RunTime:0.001147s ]
INFO: [ route_check ] --END-- [ RunTime:0.001263s ]
INFO: [ app_begin ] --START--
INFO: ReadHtmlCache Behavior ::run [ RunTime:0.000847s ]
INFO: [ app_begin ] --END-- [ RunTime:0.000953s ]
SQL: SHOW COLUMNS FROM `xt_product` [ RunTime:0.005434s ]
NOTIC: 建议使用I方法替代_get
SQL: SELECT `id`,`name`,`create_time` FROM `xt_product` WHERE ( `status` = 0 )  [ RunTime:0.000309s ]

[ 2013-10-06T00:06:17+08:00 ] 127.0.0.1 /xingtuo/index.php?s=/ApiProduct/product_one/id/1
INFO: [ route_check ] --START--
INFO: CheckRoute Behavior ::run [ RunTime:0.001173s ]
INFO: [ route_check ] --END-- [ RunTime:0.001290s ]
INFO: [ app_begin ] --START--
INFO: ReadHtmlCache Behavior ::run [ RunTime:0.000876s ]
INFO: [ app_begin ] --END-- [ RunTime:0.000979s ]
SQL: SHOW COLUMNS FROM `xt_product` [ RunTime:0.007244s ]
NOTIC: 建议使用I方法替代_get
SQL: SELECT `id`,`name`,`create_time` FROM `xt_product` WHERE ( `status` = 0 )  [ RunTime:0.000208s ]

[ 2013-10-06T00:06:17+08:00 ] 127.0.0.1 /xingtuo/index.php?s=/ApiProduct/product_one/id/1
INFO: [ route_check ] --START--
INFO: CheckRoute Behavior ::run [ RunTime:0.001063s ]
INFO: [ route_check ] --END-- [ RunTime:0.001176s ]
INFO: [ app_begin ] --START--
INFO: ReadHtmlCache Behavior ::run [ RunTime:0.000930s ]
INFO: [ app_begin ] --END-- [ RunTime:0.001040s ]
SQL: SHOW COLUMNS FROM `xt_product` [ RunTime:0.004768s ]
NOTIC: 建议使用I方法替代_get
SQL: SELECT `id`,`name`,`create_time` FROM `xt_product` WHERE ( `status` = 0 )  [ RunTime:0.000196s ]

[ 2013-10-06T00:06:17+08:00 ] 127.0.0.1 /xingtuo/index.php?s=/ApiProduct/product_one/id/1
INFO: [ route_check ] --START--
INFO: CheckRoute Behavior ::run [ RunTime:0.001026s ]
INFO: [ route_check ] --END-- [ RunTime:0.001135s ]
INFO: [ app_begin ] --START--
INFO: ReadHtmlCache Behavior ::run [ RunTime:0.000844s ]
INFO: [ app_begin ] --END-- [ RunTime:0.000946s ]
SQL: SHOW COLUMNS FROM `xt_product` [ RunTime:0.006494s ]
NOTIC: 建议使用I方法替代_get
SQL: SELECT `id`,`name`,`create_time` FROM `xt_product` WHERE ( `status` = 0 )  [ RunTime:0.000243s ]

[ 2013-10-06T00:06:18+08:00 ] 127.0.0.1 /xingtuo/index.php?s=/ApiProduct/product_one/id/1
INFO: [ route_check ] --START--
INFO: CheckRoute Behavior ::run [ RunTime:0.001033s ]
INFO: [ route_check ] --END-- [ RunTime:0.001145s ]
INFO: [ app_begin ] --START--
INFO: ReadHtmlCache Behavior ::run [ RunTime:0.000839s ]
INFO: [ app_begin ] --END-- [ RunTime:0.000945s ]
SQL: SHOW COLUMNS FROM `xt_product` [ RunTime:0.004663s ]
NOTIC: 建议使用I方法替代_get
SQL: SELECT `id`,`name`,`create_time` FROM `xt_product` WHERE ( `status` = 0 )  [ RunTime:0.000213s ]

[ 2013-10-06T00:06:18+08:00 ] 127.0.0.1 /xingtuo/index.php?s=/ApiProduct/product_one/id/1
INFO: [ route_check ] --START--
INFO: CheckRoute Behavior ::run [ RunTime:0.002117s ]
INFO: [ route_check ] --END-- [ RunTime:0.002239s ]
INFO: [ app_begin ] --START--
INFO: ReadHtmlCache Behavior ::run [ RunTime:0.000888s ]
INFO: [ app_begin ] --END-- [ RunTime:0.000991s ]
SQL: SHOW COLUMNS FROM `xt_product` [ RunTime:0.004738s ]
NOTIC: 建议使用I方法替代_get
SQL: SELECT `id`,`name`,`create_time` FROM `xt_product` WHERE ( `status` = 0 )  [ RunTime:0.000194s ]

[ 2013-10-06T00:06:18+08:00 ] 127.0.0.1 /xingtuo/index.php?s=/ApiProduct/product_one/id/1
INFO: [ route_check ] --START--
INFO: CheckRoute Behavior ::run [ RunTime:0.001030s ]
INFO: [ route_check ] --END-- [ RunTime:0.001145s ]
INFO: [ app_begin ] --START--
INFO: ReadHtmlCache Behavior ::run [ RunTime:0.000853s ]
INFO: [ app_begin ] --END-- [ RunTime:0.000957s ]
SQL: SHOW COLUMNS FROM `xt_product` [ RunTime:0.004649s ]
NOTIC: 建议使用I方法替代_get
SQL: SELECT `id`,`name`,`create_time` FROM `xt_product` WHERE ( `status` = 0 )  [ RunTime:0.000283s ]

[ 2013-10-06T00:06:18+08:00 ] 127.0.0.1 /xingtuo/index.php?s=/ApiProduct/product_one/id/1
INFO: [ route_check ] --START--
INFO: CheckRoute Behavior ::run [ RunTime:0.001027s ]
INFO: [ route_check ] --END-- [ RunTime:0.001143s ]
INFO: [ app_begin ] --START--
INFO: ReadHtmlCache Behavior ::run [ RunTime:0.000844s ]
INFO: [ app_begin ] --END-- [ RunTime:0.000948s ]
SQL: SHOW COLUMNS FROM `xt_product` [ RunTime:0.004676s ]
NOTIC: 建议使用I方法替代_get
SQL: SELECT `id`,`name`,`create_time` FROM `xt_product` WHERE ( `status` = 0 )  [ RunTime:0.000215s ]

[ 2013-10-06T00:06:18+08:00 ] 127.0.0.1 /xingtuo/index.php?s=/ApiProduct/product_one/id/1
INFO: [ route_check ] --START--
INFO: CheckRoute Behavior ::run [ RunTime:0.001037s ]
INFO: [ route_check ] --END-- [ RunTime:0.001150s ]
INFO: [ app_begin ] --START--
INFO: ReadHtmlCache Behavior ::run [ RunTime:0.000846s ]
INFO: [ app_begin ] --END-- [ RunTime:0.000949s ]
SQL: SHOW COLUMNS FROM `xt_product` [ RunTime:0.004664s ]
NOTIC: 建议使用I方法替代_get
SQL: SELECT `id`,`name`,`create_time` FROM `xt_product` WHERE ( `status` = 0 )  [ RunTime:0.000234s ]

[ 2013-10-06T00:06:18+08:00 ] 127.0.0.1 /xingtuo/index.php?s=/ApiProduct/product_one/id/1
INFO: [ route_check ] --START--
INFO: CheckRoute Behavior ::run [ RunTime:0.001065s ]
INFO: [ route_check ] --END-- [ RunTime:0.001182s ]
INFO: [ app_begin ] --START--
INFO: ReadHtmlCache Behavior ::run [ RunTime:0.000852s ]
INFO: [ app_begin ] --END-- [ RunTime:0.000956s ]
SQL: SHOW COLUMNS FROM `xt_product` [ RunTime:0.004510s ]
NOTIC: 建议使用I方法替代_get
SQL: SELECT `id`,`name`,`create_time` FROM `xt_product` WHERE ( `status` = 0 )  [ RunTime:0.000189s ]

[ 2013-10-06T00:06:19+08:00 ] 127.0.0.1 /xingtuo/index.php?s=/ApiProduct/product_one/id/1
INFO: [ route_check ] --START--
INFO: CheckRoute Behavior ::run [ RunTime:0.001005s ]
INFO: [ route_check ] --END-- [ RunTime:0.001122s ]
INFO: [ app_begin ] --START--
INFO: ReadHtmlCache Behavior ::run [ RunTime:0.000855s ]
INFO: [ app_begin ] --END-- [ RunTime:0.000953s ]
SQL: SHOW COLUMNS FROM `xt_product` [ RunTime:0.004518s ]
NOTIC: 建议使用I方法替代_get
SQL: SELECT `id`,`name`,`create_time` FROM `xt_product` WHERE ( `status` = 0 )  [ RunTime:0.000207s ]

[ 2013-10-06T00:06:19+08:00 ] 127.0.0.1 /xingtuo/index.php?s=/ApiProduct/product_one/id/1
INFO: [ route_check ] --START--
INFO: CheckRoute Behavior ::run [ RunTime:0.001107s ]
INFO: [ route_check ] --END-- [ RunTime:0.001243s ]
INFO: [ app_begin ] --START--
INFO: ReadHtmlCache Behavior ::run [ RunTime:0.000858s ]
INFO: [ app_begin ] --END-- [ RunTime:0.000961s ]
SQL: SHOW COLUMNS FROM `xt_product` [ RunTime:0.004534s ]
NOTIC: 建议使用I方法替代_get
SQL: SELECT `id`,`name`,`create_time` FROM `xt_product` WHERE ( `status` = 0 )  [ RunTime:0.000193s ]

[ 2013-10-06T00:06:19+08:00 ] 127.0.0.1 /xingtuo/index.php?s=/ApiProduct/product_one/id/1
INFO: [ route_check ] --START--
INFO: CheckRoute Behavior ::run [ RunTime:0.001021s ]
INFO: [ route_check ] --END-- [ RunTime:0.001130s ]
INFO: [ app_begin ] --START--
INFO: ReadHtmlCache Behavior ::run [ RunTime:0.000851s ]
INFO: [ app_begin ] --END-- [ RunTime:0.000953s ]
SQL: SHOW COLUMNS FROM `xt_product` [ RunTime:0.004509s ]
NOTIC: 建议使用I方法替代_get
SQL: SELECT `id`,`name`,`create_time` FROM `xt_product` WHERE ( `status` = 0 )  [ RunTime:0.000215s ]

[ 2013-10-06T00:06:19+08:00 ] 127.0.0.1 /xingtuo/index.php?s=/ApiProduct/product_one/id/1
INFO: [ route_check ] --START--
INFO: CheckRoute Behavior ::run [ RunTime:0.001041s ]
INFO: [ route_check ] --END-- [ RunTime:0.001155s ]
INFO: [ app_begin ] --START--
INFO: ReadHtmlCache Behavior ::run [ RunTime:0.000836s ]
INFO: [ app_begin ] --END-- [ RunTime:0.000935s ]
SQL: SHOW COLUMNS FROM `xt_product` [ RunTime:0.004524s ]
NOTIC: 建议使用I方法替代_get
SQL: SELECT `id`,`name`,`create_time` FROM `xt_product` WHERE ( `status` = 0 )  [ RunTime:0.000239s ]

[ 2013-10-06T00:06:25+08:00 ] 127.0.0.1 /xingtuo/index.php?s=/ApiProduct/product_list
INFO: [ route_check ] --START--
INFO: CheckRoute Behavior ::run [ RunTime:0.001130s ]
INFO: [ route_check ] --END-- [ RunTime:0.001246s ]
INFO: [ app_begin ] --START--
INFO: ReadHtmlCache Behavior ::run [ RunTime:0.001116s ]
INFO: [ app_begin ] --END-- [ RunTime:0.001223s ]
SQL: SHOW COLUMNS FROM `xt_product` [ RunTime:0.004638s ]
SQL: SELECT `id`,`name`,`create_time` FROM `xt_product` WHERE ( `status` = 0 )  [ RunTime:0.000213s ]

[ 2013-10-06T00:06:27+08:00 ] 127.0.0.1 /xingtuo/index.php?s=/ApiProduct/product_list
INFO: [ route_check ] --START--
INFO: CheckRoute Behavior ::run [ RunTime:0.001024s ]
INFO: [ route_check ] --END-- [ RunTime:0.001136s ]
INFO: [ app_begin ] --START--
INFO: ReadHtmlCache Behavior ::run [ RunTime:0.000860s ]
INFO: [ app_begin ] --END-- [ RunTime:0.000963s ]
SQL: SHOW COLUMNS FROM `xt_product` [ RunTime:0.004760s ]
SQL: SELECT `id`,`name`,`create_time` FROM `xt_product` WHERE ( `status` = 0 )  [ RunTime:0.000208s ]

[ 2013-10-06T00:06:41+08:00 ] 127.0.0.1 /xingtuo/index.php?s=/Product/index/
INFO: [ route_check ] --START--
INFO: CheckRoute Behavior ::run [ RunTime:0.001033s ]
INFO: [ route_check ] --END-- [ RunTime:0.001146s ]
INFO: [ app_begin ] --START--
INFO: ReadHtmlCache Behavior ::run [ RunTime:0.000825s ]
INFO: [ app_begin ] --END-- [ RunTime:0.000920s ]
SQL: SHOW COLUMNS FROM `xt_product` [ RunTime:0.004714s ]
SQL: SELECT `id`,`name`,`create_time` FROM `xt_product` WHERE ( `status` = 0 )  [ RunTime:0.000276s ]
INFO: [ view_parse ] --START--
INFO: ParseTemplate Behavior ::run [ RunTime:0.014359s ]
INFO: [ view_parse ] --END-- [ RunTime:0.014471s ]
INFO: [ view_filter ] --START--
INFO: ContentReplace Behavior ::run [ RunTime:0.000776s ]
INFO: TokenBuild Behavior ::run [ RunTime:0.000834s ]
INFO: WriteHtmlCache Behavior ::run [ RunTime:0.000669s ]
INFO: ShowRuntime Behavior ::run [ RunTime:0.000926s ]
INFO: [ view_filter ] --END-- [ RunTime:0.003468s ]
INFO: [ view_end ] --START--
INFO: ShowPageTrace Behavior ::run [ RunTime:0.001349s ]
INFO: [ view_end ] --END-- [ RunTime:0.001471s ]

[ 2013-10-06T00:06:44+08:00 ] 127.0.0.1 /xingtuo/index.php?s=/Product/edit/act/edit/id/1
INFO: [ route_check ] --START--
INFO: CheckRoute Behavior ::run [ RunTime:0.001015s ]
INFO: [ route_check ] --END-- [ RunTime:0.001133s ]
INFO: [ app_begin ] --START--
INFO: ReadHtmlCache Behavior ::run [ RunTime:0.000848s ]
INFO: [ app_begin ] --END-- [ RunTime:0.000942s ]
SQL: SHOW COLUMNS FROM `xt_product` [ RunTime:0.004816s ]
NOTIC: 建议使用I方法替代_get
NOTIC: 建议使用I方法替代_get
SQL: SELECT * FROM `xt_product` WHERE ( `status` = 0 ) AND ( `id` = 1 ) LIMIT 1   [ RunTime:0.000251s ]
NOTIC: [8] Undefined offset: 0 E:\wamp\www\xingtuo\Home\Lib\Model\BaseModel.class.php 第 30 行.
INFO: [ view_parse ] --START--
INFO: ParseTemplate Behavior ::run [ RunTime:0.012280s ]
INFO: [ view_parse ] --END-- [ RunTime:0.012394s ]
INFO: [ view_filter ] --START--
INFO: ContentReplace Behavior ::run [ RunTime:0.001107s ]
INFO: TokenBuild Behavior ::run [ RunTime:0.000757s ]
INFO: WriteHtmlCache Behavior ::run [ RunTime:0.000668s ]
INFO: ShowRuntime Behavior ::run [ RunTime:0.000871s ]
INFO: [ view_filter ] --END-- [ RunTime:0.003666s ]
INFO: [ view_end ] --START--
INFO: ShowPageTrace Behavior ::run [ RunTime:0.000917s ]
INFO: [ view_end ] --END-- [ RunTime:0.001010s ]

[ 2013-10-06T00:07:11+08:00 ] 127.0.0.1 /xingtuo/index.php?s=/ApiProduct/product_list
INFO: [ route_check ] --START--
INFO: CheckRoute Behavior ::run [ RunTime:0.001071s ]
INFO: [ route_check ] --END-- [ RunTime:0.001192s ]
INFO: [ app_begin ] --START--
INFO: ReadHtmlCache Behavior ::run [ RunTime:0.000838s ]
INFO: [ app_begin ] --END-- [ RunTime:0.000931s ]
SQL: SHOW COLUMNS FROM `xt_product` [ RunTime:0.004711s ]
SQL: SELECT `id`,`name`,`create_time` FROM `xt_product` WHERE ( `status` = 0 )  [ RunTime:0.000207s ]

[ 2013-10-06T00:07:32+08:00 ] 127.0.0.1 /xingtuo/index.php?s=/ApiProduct/product_one/id/1
INFO: [ route_check ] --START--
INFO: CheckRoute Behavior ::run [ RunTime:0.001002s ]
INFO: [ route_check ] --END-- [ RunTime:0.001113s ]
INFO: [ app_begin ] --START--
INFO: ReadHtmlCache Behavior ::run [ RunTime:0.000795s ]
INFO: [ app_begin ] --END-- [ RunTime:0.000896s ]
SQL: SHOW COLUMNS FROM `xt_product` [ RunTime:0.004569s ]
NOTIC: 建议使用I方法替代_get
SQL: SELECT `id`,`name`,`create_time` FROM `xt_product` WHERE ( `status` = 0 )  [ RunTime:0.000227s ]

[ 2013-10-06T00:07:57+08:00 ] 127.0.0.1 /xingtuo/index.php?s=/ApiProduct/product_one/id/1
INFO: [ route_check ] --START--
INFO: CheckRoute Behavior ::run [ RunTime:0.001283s ]
INFO: [ route_check ] --END-- [ RunTime:0.001428s ]
INFO: [ app_begin ] --START--
INFO: ReadHtmlCache Behavior ::run [ RunTime:0.000936s ]
INFO: [ app_begin ] --END-- [ RunTime:0.001047s ]
SQL: SHOW COLUMNS FROM `xt_product` [ RunTime:0.007781s ]
NOTIC: 建议使用I方法替代_get
SQL: SELECT * FROM `xt_product` WHERE ( `status` = 0 ) AND ( `id` = 1 ) LIMIT 1   [ RunTime:0.000310s ]
NOTIC: [8] Undefined offset: 0 E:\wamp\www\xingtuo\Home\Lib\Model\BaseModel.class.php 第 30 行.

[ 2013-10-06T00:08:29+08:00 ] 127.0.0.1 /xingtuo/index.php?s=/ApiProduct/product_one/id/1
INFO: [ route_check ] --START--
INFO: CheckRoute Behavior ::run [ RunTime:0.001304s ]
INFO: [ route_check ] --END-- [ RunTime:0.001418s ]
INFO: [ app_begin ] --START--
INFO: ReadHtmlCache Behavior ::run [ RunTime:0.000885s ]
INFO: [ app_begin ] --END-- [ RunTime:0.000978s ]
SQL: SHOW COLUMNS FROM `xt_product` [ RunTime:0.004421s ]
NOTIC: 建议使用I方法替代_get
SQL: SELECT `id`,`name`,`content`,`create_time` FROM `xt_product` WHERE ( `status` = 0 ) AND ( `id` = 1 ) LIMIT 1   [ RunTime:0.000206s ]
NOTIC: [8] Undefined offset: 0 E:\wamp\www\xingtuo\Home\Lib\Model\BaseModel.class.php 第 30 行.

[ 2013-10-06T00:08:37+08:00 ] 127.0.0.1 /xingtuo/index.php?s=/ApiProduct/product_one/id/1
INFO: [ route_check ] --START--
INFO: CheckRoute Behavior ::run [ RunTime:0.001068s ]
INFO: [ route_check ] --END-- [ RunTime:0.001182s ]
INFO: [ app_begin ] --START--
INFO: ReadHtmlCache Behavior ::run [ RunTime:0.000887s ]
INFO: [ app_begin ] --END-- [ RunTime:0.000987s ]
SQL: SHOW COLUMNS FROM `xt_product` [ RunTime:0.004722s ]
NOTIC: 建议使用I方法替代_get
SQL: SELECT `id`,`name`,`content`,`create_time` FROM `xt_product` WHERE ( `status` = 0 ) AND ( `id` = 1 ) LIMIT 1   [ RunTime:0.000241s ]
NOTIC: [8] Undefined offset: 0 E:\wamp\www\xingtuo\Home\Lib\Model\BaseModel.class.php 第 30 行.

[ 2013-10-06T00:08:38+08:00 ] 127.0.0.1 /xingtuo/index.php?s=/ApiProduct/product_one/id/1
INFO: [ route_check ] --START--
INFO: CheckRoute Behavior ::run [ RunTime:0.001117s ]
INFO: [ route_check ] --END-- [ RunTime:0.001233s ]
INFO: [ app_begin ] --START--
INFO: ReadHtmlCache Behavior ::run [ RunTime:0.000841s ]
INFO: [ app_begin ] --END-- [ RunTime:0.000937s ]
SQL: SHOW COLUMNS FROM `xt_product` [ RunTime:0.004553s ]
NOTIC: 建议使用I方法替代_get
SQL: SELECT `id`,`name`,`content`,`create_time` FROM `xt_product` WHERE ( `status` = 0 ) AND ( `id` = 1 ) LIMIT 1   [ RunTime:0.000263s ]
NOTIC: [8] Undefined offset: 0 E:\wamp\www\xingtuo\Home\Lib\Model\BaseModel.class.php 第 30 行.

[ 2013-10-06T00:08:38+08:00 ] 127.0.0.1 /xingtuo/index.php?s=/ApiProduct/product_one/id/1
INFO: [ route_check ] --START--
INFO: CheckRoute Behavior ::run [ RunTime:0.001034s ]
INFO: [ route_check ] --END-- [ RunTime:0.001161s ]
INFO: [ app_begin ] --START--
INFO: ReadHtmlCache Behavior ::run [ RunTime:0.000829s ]
INFO: [ app_begin ] --END-- [ RunTime:0.000924s ]
SQL: SHOW COLUMNS FROM `xt_product` [ RunTime:0.004536s ]
NOTIC: 建议使用I方法替代_get
SQL: SELECT `id`,`name`,`content`,`create_time` FROM `xt_product` WHERE ( `status` = 0 ) AND ( `id` = 1 ) LIMIT 1   [ RunTime:0.000214s ]
NOTIC: [8] Undefined offset: 0 E:\wamp\www\xingtuo\Home\Lib\Model\BaseModel.class.php 第 30 行.

[ 2013-10-06T00:08:38+08:00 ] 127.0.0.1 /xingtuo/index.php?s=/ApiProduct/product_one/id/1
INFO: [ route_check ] --START--
INFO: CheckRoute Behavior ::run [ RunTime:0.001064s ]
INFO: [ route_check ] --END-- [ RunTime:0.001180s ]
INFO: [ app_begin ] --START--
INFO: ReadHtmlCache Behavior ::run [ RunTime:0.000894s ]
INFO: [ app_begin ] --END-- [ RunTime:0.000989s ]
SQL: SHOW COLUMNS FROM `xt_product` [ RunTime:0.004575s ]
NOTIC: 建议使用I方法替代_get
SQL: SELECT `id`,`name`,`content`,`create_time` FROM `xt_product` WHERE ( `status` = 0 ) AND ( `id` = 1 ) LIMIT 1   [ RunTime:0.000210s ]
NOTIC: [8] Undefined offset: 0 E:\wamp\www\xingtuo\Home\Lib\Model\BaseModel.class.php 第 30 行.

[ 2013-10-06T00:08:39+08:00 ] 127.0.0.1 /xingtuo/index.php?s=/ApiProduct/product_list
INFO: [ route_check ] --START--
INFO: CheckRoute Behavior ::run [ RunTime:0.001086s ]
INFO: [ route_check ] --END-- [ RunTime:0.001199s ]
INFO: [ app_begin ] --START--
INFO: ReadHtmlCache Behavior ::run [ RunTime:0.000886s ]
INFO: [ app_begin ] --END-- [ RunTime:0.000988s ]
SQL: SHOW COLUMNS FROM `xt_product` [ RunTime:0.005121s ]
SQL: SELECT `id`,`name`,`create_time` FROM `xt_product` WHERE ( `status` = 0 )  [ RunTime:0.000246s ]

[ 2013-10-06T00:08:39+08:00 ] 127.0.0.1 /xingtuo/index.php?s=/ApiProduct/product_list
INFO: [ route_check ] --START--
INFO: CheckRoute Behavior ::run [ RunTime:0.001066s ]
INFO: [ route_check ] --END-- [ RunTime:0.001183s ]
INFO: [ app_begin ] --START--
INFO: ReadHtmlCache Behavior ::run [ RunTime:0.000848s ]
INFO: [ app_begin ] --END-- [ RunTime:0.000945s ]
SQL: SHOW COLUMNS FROM `xt_product` [ RunTime:0.004619s ]
SQL: SELECT `id`,`name`,`create_time` FROM `xt_product` WHERE ( `status` = 0 )  [ RunTime:0.000228s ]

[ 2013-10-06T00:08:39+08:00 ] 127.0.0.1 /xingtuo/index.php?s=/ApiProduct/product_list
INFO: [ route_check ] --START--
INFO: CheckRoute Behavior ::run [ RunTime:0.001080s ]
INFO: [ route_check ] --END-- [ RunTime:0.001192s ]
INFO: [ app_begin ] --START--
INFO: ReadHtmlCache Behavior ::run [ RunTime:0.001142s ]
INFO: [ app_begin ] --END-- [ RunTime:0.001238s ]
SQL: SHOW COLUMNS FROM `xt_product` [ RunTime:0.004707s ]
SQL: SELECT `id`,`name`,`create_time` FROM `xt_product` WHERE ( `status` = 0 )  [ RunTime:0.000188s ]

[ 2013-10-06T00:08:40+08:00 ] 127.0.0.1 /xingtuo/index.php?s=/ApiProduct/product_list
INFO: [ route_check ] --START--
INFO: CheckRoute Behavior ::run [ RunTime:0.001001s ]
INFO: [ route_check ] --END-- [ RunTime:0.001113s ]
INFO: [ app_begin ] --START--
INFO: ReadHtmlCache Behavior ::run [ RunTime:0.000871s ]
INFO: [ app_begin ] --END-- [ RunTime:0.000970s ]
SQL: SHOW COLUMNS FROM `xt_product` [ RunTime:0.004385s ]
SQL: SELECT `id`,`name`,`create_time` FROM `xt_product` WHERE ( `status` = 0 )  [ RunTime:0.000229s ]

[ 2013-10-06T00:08:40+08:00 ] 127.0.0.1 /xingtuo/index.php?s=/ApiProduct/product_list
INFO: [ route_check ] --START--
INFO: CheckRoute Behavior ::run [ RunTime:0.001000s ]
INFO: [ route_check ] --END-- [ RunTime:0.001110s ]
INFO: [ app_begin ] --START--
INFO: ReadHtmlCache Behavior ::run [ RunTime:0.000852s ]
INFO: [ app_begin ] --END-- [ RunTime:0.000946s ]
SQL: SHOW COLUMNS FROM `xt_product` [ RunTime:0.004570s ]
SQL: SELECT `id`,`name`,`create_time` FROM `xt_product` WHERE ( `status` = 0 )  [ RunTime:0.000192s ]

[ 2013-10-06T00:08:40+08:00 ] 127.0.0.1 /xingtuo/index.php?s=/ApiProduct/product_list
INFO: [ route_check ] --START--
INFO: CheckRoute Behavior ::run [ RunTime:0.001006s ]
INFO: [ route_check ] --END-- [ RunTime:0.001116s ]
INFO: [ app_begin ] --START--
INFO: ReadHtmlCache Behavior ::run [ RunTime:0.000809s ]
INFO: [ app_begin ] --END-- [ RunTime:0.000902s ]
SQL: SHOW COLUMNS FROM `xt_product` [ RunTime:0.004456s ]
SQL: SELECT `id`,`name`,`create_time` FROM `xt_product` WHERE ( `status` = 0 )  [ RunTime:0.000190s ]

[ 2013-10-06T00:08:40+08:00 ] 127.0.0.1 /xingtuo/index.php?s=/ApiProduct/product_list
INFO: [ route_check ] --START--
INFO: CheckRoute Behavior ::run [ RunTime:0.001441s ]
INFO: [ route_check ] --END-- [ RunTime:0.001555s ]
INFO: [ app_begin ] --START--
INFO: ReadHtmlCache Behavior ::run [ RunTime:0.001099s ]
INFO: [ app_begin ] --END-- [ RunTime:0.001198s ]
SQL: SHOW COLUMNS FROM `xt_product` [ RunTime:0.004628s ]
SQL: SELECT `id`,`name`,`create_time` FROM `xt_product` WHERE ( `status` = 0 )  [ RunTime:0.000556s ]

[ 2013-10-06T00:08:40+08:00 ] 127.0.0.1 /xingtuo/index.php?s=/ApiProduct/product_list
INFO: [ route_check ] --START--
INFO: CheckRoute Behavior ::run [ RunTime:0.001025s ]
INFO: [ route_check ] --END-- [ RunTime:0.001140s ]
INFO: [ app_begin ] --START--
INFO: ReadHtmlCache Behavior ::run [ RunTime:0.000833s ]
INFO: [ app_begin ] --END-- [ RunTime:0.000928s ]
SQL: SHOW COLUMNS FROM `xt_product` [ RunTime:0.004389s ]
SQL: SELECT `id`,`name`,`create_time` FROM `xt_product` WHERE ( `status` = 0 )  [ RunTime:0.000189s ]

[ 2013-10-06T00:08:40+08:00 ] 127.0.0.1 /xingtuo/index.php?s=/ApiProduct/product_list
INFO: [ route_check ] --START--
INFO: CheckRoute Behavior ::run [ RunTime:0.001093s ]
INFO: [ route_check ] --END-- [ RunTime:0.001208s ]
INFO: [ app_begin ] --START--
INFO: ReadHtmlCache Behavior ::run [ RunTime:0.000893s ]
INFO: [ app_begin ] --END-- [ RunTime:0.000987s ]
SQL: SHOW COLUMNS FROM `xt_product` [ RunTime:0.004704s ]
SQL: SELECT `id`,`name`,`create_time` FROM `xt_product` WHERE ( `status` = 0 )  [ RunTime:0.000216s ]

[ 2013-10-06T00:08:41+08:00 ] 127.0.0.1 /xingtuo/index.php?s=/ApiProduct/product_list
INFO: [ route_check ] --START--
INFO: CheckRoute Behavior ::run [ RunTime:0.000995s ]
INFO: [ route_check ] --END-- [ RunTime:0.001105s ]
INFO: [ app_begin ] --START--
INFO: ReadHtmlCache Behavior ::run [ RunTime:0.000993s ]
INFO: [ app_begin ] --END-- [ RunTime:0.001090s ]
SQL: SHOW COLUMNS FROM `xt_product` [ RunTime:0.004691s ]
SQL: SELECT `id`,`name`,`create_time` FROM `xt_product` WHERE ( `status` = 0 )  [ RunTime:0.000242s ]

[ 2013-10-06T00:08:43+08:00 ] 127.0.0.1 /xingtuo/index.php?s=/Product/index/
INFO: [ route_check ] --START--
INFO: CheckRoute Behavior ::run [ RunTime:0.001124s ]
INFO: [ route_check ] --END-- [ RunTime:0.001239s ]
INFO: [ app_begin ] --START--
INFO: ReadHtmlCache Behavior ::run [ RunTime:0.000845s ]
INFO: [ app_begin ] --END-- [ RunTime:0.000940s ]
SQL: SHOW COLUMNS FROM `xt_product` [ RunTime:0.004742s ]
SQL: SELECT `id`,`name`,`create_time` FROM `xt_product` WHERE ( `status` = 0 )  [ RunTime:0.000212s ]
INFO: [ view_parse ] --START--
INFO: ParseTemplate Behavior ::run [ RunTime:0.015993s ]
INFO: [ view_parse ] --END-- [ RunTime:0.016109s ]
INFO: [ view_filter ] --START--
INFO: ContentReplace Behavior ::run [ RunTime:0.000792s ]
INFO: TokenBuild Behavior ::run [ RunTime:0.000770s ]
INFO: WriteHtmlCache Behavior ::run [ RunTime:0.000661s ]
INFO: ShowRuntime Behavior ::run [ RunTime:0.000859s ]
INFO: [ view_filter ] --END-- [ RunTime:0.003329s ]
INFO: [ view_end ] --START--
INFO: ShowPageTrace Behavior ::run [ RunTime:0.000912s ]
INFO: [ view_end ] --END-- [ RunTime:0.000999s ]

[ 2013-10-06T00:08:45+08:00 ] 127.0.0.1 /xingtuo/index.php?s=/Product/edit/act/edit/id/1
INFO: [ route_check ] --START--
INFO: CheckRoute Behavior ::run [ RunTime:0.000998s ]
INFO: [ route_check ] --END-- [ RunTime:0.001109s ]
INFO: [ app_begin ] --START--
INFO: ReadHtmlCache Behavior ::run [ RunTime:0.000803s ]
INFO: [ app_begin ] --END-- [ RunTime:0.000905s ]
SQL: SHOW COLUMNS FROM `xt_product` [ RunTime:0.005124s ]
NOTIC: 建议使用I方法替代_get
NOTIC: 建议使用I方法替代_get
SQL: SELECT `id`,`name`,`content`,`create_time` FROM `xt_product` WHERE ( `status` = 0 ) AND ( `id` = 1 ) LIMIT 1   [ RunTime:0.000231s ]
NOTIC: [8] Undefined offset: 0 E:\wamp\www\xingtuo\Home\Lib\Model\BaseModel.class.php 第 30 行.
INFO: [ view_parse ] --START--
INFO: ParseTemplate Behavior ::run [ RunTime:0.013640s ]
INFO: [ view_parse ] --END-- [ RunTime:0.013759s ]
INFO: [ view_filter ] --START--
INFO: ContentReplace Behavior ::run [ RunTime:0.000785s ]
INFO: TokenBuild Behavior ::run [ RunTime:0.000719s ]
INFO: WriteHtmlCache Behavior ::run [ RunTime:0.000747s ]
INFO: ShowRuntime Behavior ::run [ RunTime:0.000892s ]
INFO: [ view_filter ] --END-- [ RunTime:0.003415s ]
INFO: [ view_end ] --START--
INFO: ShowPageTrace Behavior ::run [ RunTime:0.000916s ]
INFO: [ view_end ] --END-- [ RunTime:0.001005s ]

[ 2013-10-06T00:08:46+08:00 ] 127.0.0.1 /xingtuo/index.php?s=/Message/index/
INFO: [ route_check ] --START--
INFO: CheckRoute Behavior ::run [ RunTime:0.001047s ]
INFO: [ route_check ] --END-- [ RunTime:0.001162s ]
INFO: [ app_begin ] --START--
INFO: ReadHtmlCache Behavior ::run [ RunTime:0.000898s ]
INFO: [ app_begin ] --END-- [ RunTime:0.000993s ]
SQL: SHOW COLUMNS FROM `xt_question` [ RunTime:0.005747s ]
SQL: SELECT `id`,`user_id`,`content`,`time`,`is_reply` FROM `xt_question` WHERE ( `status` = 0 ) ORDER BY id DESC  [ RunTime:0.000318s ]
INFO: [ view_parse ] --START--
INFO: ParseTemplate Behavior ::run [ RunTime:0.015438s ]
INFO: [ view_parse ] --END-- [ RunTime:0.015557s ]
INFO: [ view_filter ] --START--
INFO: ContentReplace Behavior ::run [ RunTime:0.000824s ]
INFO: TokenBuild Behavior ::run [ RunTime:0.000730s ]
INFO: WriteHtmlCache Behavior ::run [ RunTime:0.000665s ]
INFO: ShowRuntime Behavior ::run [ RunTime:0.000862s ]
INFO: [ view_filter ] --END-- [ RunTime:0.003344s ]
INFO: [ view_end ] --START--
INFO: ShowPageTrace Behavior ::run [ RunTime:0.000911s ]
INFO: [ view_end ] --END-- [ RunTime:0.001006s ]

[ 2013-10-06T00:08:48+08:00 ] 127.0.0.1 /xingtuo/index.php?s=/Product/index/
INFO: [ route_check ] --START--
INFO: CheckRoute Behavior ::run [ RunTime:0.001436s ]
INFO: [ route_check ] --END-- [ RunTime:0.001557s ]
INFO: [ app_begin ] --START--
INFO: ReadHtmlCache Behavior ::run [ RunTime:0.000856s ]
INFO: [ app_begin ] --END-- [ RunTime:0.000950s ]
SQL: SHOW COLUMNS FROM `xt_product` [ RunTime:0.004381s ]
SQL: SELECT `id`,`name`,`create_time` FROM `xt_product` WHERE ( `status` = 0 )  [ RunTime:0.000187s ]
INFO: [ view_parse ] --START--
INFO: ParseTemplate Behavior ::run [ RunTime:0.014823s ]
INFO: [ view_parse ] --END-- [ RunTime:0.014954s ]
INFO: [ view_filter ] --START--
INFO: ContentReplace Behavior ::run [ RunTime:0.000767s ]
INFO: TokenBuild Behavior ::run [ RunTime:0.000726s ]
INFO: WriteHtmlCache Behavior ::run [ RunTime:0.000652s ]
INFO: ShowRuntime Behavior ::run [ RunTime:0.000861s ]
INFO: [ view_filter ] --END-- [ RunTime:0.003252s ]
INFO: [ view_end ] --START--
INFO: ShowPageTrace Behavior ::run [ RunTime:0.000897s ]
INFO: [ view_end ] --END-- [ RunTime:0.000986s ]

[ 2013-10-06T00:08:57+08:00 ] 127.0.0.1 /xingtuo/index.php?s=/ApiProduct/product_one/id/1
INFO: [ route_check ] --START--
INFO: CheckRoute Behavior ::run [ RunTime:0.001026s ]
INFO: [ route_check ] --END-- [ RunTime:0.001138s ]
INFO: [ app_begin ] --START--
INFO: ReadHtmlCache Behavior ::run [ RunTime:0.000813s ]
INFO: [ app_begin ] --END-- [ RunTime:0.000905s ]
SQL: SHOW COLUMNS FROM `xt_product` [ RunTime:0.004565s ]
NOTIC: 建议使用I方法替代_get
SQL: SELECT `id`,`name`,`content`,`create_time` FROM `xt_product` WHERE ( `status` = 0 ) AND ( `id` = 1 ) LIMIT 1   [ RunTime:0.000326s ]
NOTIC: [8] Undefined offset: 0 E:\wamp\www\xingtuo\Home\Lib\Model\BaseModel.class.php 第 30 行.

[ 2013-10-06T00:08:59+08:00 ] 127.0.0.1 /xingtuo/index.php?s=/ApiProduct/product_list
INFO: [ route_check ] --START--
INFO: CheckRoute Behavior ::run [ RunTime:0.001058s ]
INFO: [ route_check ] --END-- [ RunTime:0.001174s ]
INFO: [ app_begin ] --START--
INFO: ReadHtmlCache Behavior ::run [ RunTime:0.000835s ]
INFO: [ app_begin ] --END-- [ RunTime:0.000931s ]
SQL: SHOW COLUMNS FROM `xt_product` [ RunTime:0.004773s ]
SQL: SELECT `id`,`name`,`create_time` FROM `xt_product` WHERE ( `status` = 0 )  [ RunTime:0.000209s ]

[ 2013-10-06T00:08:59+08:00 ] 127.0.0.1 /xingtuo/index.php?s=/ApiProduct/product_one/id/1
INFO: [ route_check ] --START--
INFO: CheckRoute Behavior ::run [ RunTime:0.001003s ]
INFO: [ route_check ] --END-- [ RunTime:0.001115s ]
INFO: [ app_begin ] --START--
INFO: ReadHtmlCache Behavior ::run [ RunTime:0.000838s ]
INFO: [ app_begin ] --END-- [ RunTime:0.000930s ]
SQL: SHOW COLUMNS FROM `xt_product` [ RunTime:0.004807s ]
NOTIC: 建议使用I方法替代_get
SQL: SELECT `id`,`name`,`content`,`create_time` FROM `xt_product` WHERE ( `status` = 0 ) AND ( `id` = 1 ) LIMIT 1   [ RunTime:0.000272s ]
NOTIC: [8] Undefined offset: 0 E:\wamp\www\xingtuo\Home\Lib\Model\BaseModel.class.php 第 30 行.

[ 2013-10-06T00:11:07+08:00 ] 127.0.0.1 /xingtuo/index.php?s=/ApiProduct/product_one/id/1
INFO: [ route_check ] --START--
INFO: CheckRoute Behavior ::run [ RunTime:0.001227s ]
INFO: [ route_check ] --END-- [ RunTime:0.001344s ]
INFO: [ app_begin ] --START--
INFO: ReadHtmlCache Behavior ::run [ RunTime:0.000883s ]
INFO: [ app_begin ] --END-- [ RunTime:0.000985s ]

[ 2013-10-06T00:11:17+08:00 ] 127.0.0.1 /xingtuo/index.php?s=/Message/index/
INFO: [ route_check ] --START--
INFO: CheckRoute Behavior ::run [ RunTime:0.001049s ]
INFO: [ route_check ] --END-- [ RunTime:0.001159s ]
INFO: [ app_begin ] --START--
INFO: ReadHtmlCache Behavior ::run [ RunTime:0.000869s ]
INFO: [ app_begin ] --END-- [ RunTime:0.000961s ]
SQL: SHOW COLUMNS FROM `xt_question` [ RunTime:0.004833s ]
SQL: SELECT `id`,`user_id`,`content`,`time`,`is_reply` FROM `xt_question` WHERE ( `status` = 0 ) ORDER BY id DESC  [ RunTime:0.000343s ]
INFO: [ view_parse ] --START--
INFO: ParseTemplate Behavior ::run [ RunTime:0.015817s ]
INFO: [ view_parse ] --END-- [ RunTime:0.015936s ]
INFO: [ view_filter ] --START--
INFO: ContentReplace Behavior ::run [ RunTime:0.000839s ]
INFO: TokenBuild Behavior ::run [ RunTime:0.000794s ]
INFO: WriteHtmlCache Behavior ::run [ RunTime:0.000734s ]
INFO: ShowRuntime Behavior ::run [ RunTime:0.001235s ]
INFO: [ view_filter ] --END-- [ RunTime:0.003942s ]
INFO: [ view_end ] --START--
INFO: ShowPageTrace Behavior ::run [ RunTime:0.000945s ]
INFO: [ view_end ] --END-- [ RunTime:0.001039s ]

[ 2013-10-06T00:11:18+08:00 ] 127.0.0.1 /xingtuo/index.php?s=/User/user_list/type/2
INFO: [ route_check ] --START--
INFO: CheckRoute Behavior ::run [ RunTime:0.001045s ]
INFO: [ route_check ] --END-- [ RunTime:0.001164s ]
INFO: [ app_begin ] --START--
INFO: ReadHtmlCache Behavior ::run [ RunTime:0.001141s ]
INFO: [ app_begin ] --END-- [ RunTime:0.001240s ]
SQL: SHOW COLUMNS FROM `xt_users` [ RunTime:0.005131s ]
NOTIC: 建议使用I方法替代_get
SQL: SELECT u.id,u.account,u.name,f.file_address,u.last_login_time,u.last_login_ip,u.login_count,u.type,i.age,i.sex,i.identity,i.email,i.province,i.city,i.street,i.interest,i.purchase,i.remarks FROM xt_users AS u LEFT JOIN xt_user_info AS i ON u.id = i.user_id LEFT JOIN xt_file AS f ON f.id = i.file_id WHERE ( u.type = '2' ) AND ( u.status = 0 )  [ RunTime:0.000454s ]
INFO: [ view_parse ] --START--
INFO: ParseTemplate Behavior ::run [ RunTime:0.017090s ]
INFO: [ view_parse ] --END-- [ RunTime:0.017206s ]
INFO: [ view_filter ] --START--
INFO: ContentReplace Behavior ::run [ RunTime:0.000815s ]
INFO: TokenBuild Behavior ::run [ RunTime:0.000767s ]
INFO: WriteHtmlCache Behavior ::run [ RunTime:0.000726s ]
INFO: ShowRuntime Behavior ::run [ RunTime:0.000871s ]
INFO: [ view_filter ] --END-- [ RunTime:0.003446s ]
INFO: [ view_end ] --START--
INFO: ShowPageTrace Behavior ::run [ RunTime:0.000905s ]
INFO: [ view_end ] --END-- [ RunTime:0.000993s ]

[ 2013-10-06T00:11:29+08:00 ] 127.0.0.1 /xingtuo/index.php?s=/User/user_list/
INFO: [ route_check ] --START--
INFO: CheckRoute Behavior ::run [ RunTime:0.000995s ]
INFO: [ route_check ] --END-- [ RunTime:0.001103s ]
INFO: [ app_begin ] --START--
INFO: ReadHtmlCache Behavior ::run [ RunTime:0.000819s ]
INFO: [ app_begin ] --END-- [ RunTime:0.000911s ]
SQL: SHOW COLUMNS FROM `xt_users` [ RunTime:0.004828s ]
NOTIC: 建议使用I方法替代_get
SQL: SELECT u.id,u.account,u.name,f.file_address,u.last_login_time,u.last_login_ip,u.login_count,u.type,i.age,i.sex,i.identity,i.email,i.province,i.city,i.street,i.interest,i.purchase,i.remarks FROM xt_users AS u LEFT JOIN xt_user_info AS i ON u.id = i.user_id LEFT JOIN xt_file AS f ON f.id = i.file_id WHERE ( u.status = 0 )  [ RunTime:0.000508s ]
INFO: [ view_parse ] --START--
INFO: ParseTemplate Behavior ::run [ RunTime:0.017397s ]
INFO: [ view_parse ] --END-- [ RunTime:0.017510s ]
INFO: [ view_filter ] --START--
INFO: ContentReplace Behavior ::run [ RunTime:0.000826s ]
INFO: TokenBuild Behavior ::run [ RunTime:0.000723s ]
INFO: WriteHtmlCache Behavior ::run [ RunTime:0.000662s ]
INFO: ShowRuntime Behavior ::run [ RunTime:0.000881s ]
INFO: [ view_filter ] --END-- [ RunTime:0.003351s ]
INFO: [ view_end ] --START--
INFO: ShowPageTrace Behavior ::run [ RunTime:0.000962s ]
INFO: [ view_end ] --END-- [ RunTime:0.001055s ]

[ 2013-10-06T00:11:30+08:00 ] 127.0.0.1 /xingtuo/index.php?s=/System/index
INFO: [ route_check ] --START--
INFO: CheckRoute Behavior ::run [ RunTime:0.001052s ]
INFO: [ route_check ] --END-- [ RunTime:0.001167s ]
INFO: [ app_begin ] --START--
INFO: ReadHtmlCache Behavior ::run [ RunTime:0.000845s ]
INFO: [ app_begin ] --END-- [ RunTime:0.000940s ]
SQL: SHOW COLUMNS FROM `xt_users` [ RunTime:0.004827s ]
SQL: SELECT COUNT(*) AS tp_count FROM `xt_users` WHERE ( `status` = 0 ) LIMIT 1   [ RunTime:0.000260s ]
SQL: SHOW COLUMNS FROM `xt_question` [ RunTime:0.004406s ]
SQL: SELECT COUNT(*) AS tp_count FROM `xt_question` WHERE ( `status` = 0 ) AND ( `is_reply` = 1 ) LIMIT 1   [ RunTime:0.000225s ]
INFO: [ view_parse ] --START--
INFO: ParseTemplate Behavior ::run [ RunTime:0.013091s ]
INFO: [ view_parse ] --END-- [ RunTime:0.013208s ]
INFO: [ view_filter ] --START--
INFO: ContentReplace Behavior ::run [ RunTime:0.000805s ]
INFO: TokenBuild Behavior ::run [ RunTime:0.000704s ]
INFO: WriteHtmlCache Behavior ::run [ RunTime:0.000630s ]
INFO: ShowRuntime Behavior ::run [ RunTime:0.000854s ]
INFO: [ view_filter ] --END-- [ RunTime:0.003251s ]
INFO: [ view_end ] --START--
INFO: ShowPageTrace Behavior ::run [ RunTime:0.001018s ]
INFO: [ view_end ] --END-- [ RunTime:0.001114s ]

[ 2013-10-06T00:11:32+08:00 ] 127.0.0.1 /xingtuo/index.php?s=/Message/index/
INFO: [ route_check ] --START--
INFO: CheckRoute Behavior ::run [ RunTime:0.001014s ]
INFO: [ route_check ] --END-- [ RunTime:0.001126s ]
INFO: [ app_begin ] --START--
INFO: ReadHtmlCache Behavior ::run [ RunTime:0.000877s ]
INFO: [ app_begin ] --END-- [ RunTime:0.000971s ]
SQL: SHOW COLUMNS FROM `xt_question` [ RunTime:0.004663s ]
SQL: SELECT `id`,`user_id`,`content`,`time`,`is_reply` FROM `xt_question` WHERE ( `status` = 0 ) ORDER BY id DESC  [ RunTime:0.000370s ]
INFO: [ view_parse ] --START--
INFO: ParseTemplate Behavior ::run [ RunTime:0.014887s ]
INFO: [ view_parse ] --END-- [ RunTime:0.015000s ]
INFO: [ view_filter ] --START--
INFO: ContentReplace Behavior ::run [ RunTime:0.000901s ]
INFO: TokenBuild Behavior ::run [ RunTime:0.000728s ]
INFO: WriteHtmlCache Behavior ::run [ RunTime:0.000660s ]
INFO: ShowRuntime Behavior ::run [ RunTime:0.000967s ]
INFO: [ view_filter ] --END-- [ RunTime:0.003521s ]
INFO: [ view_end ] --START--
INFO: ShowPageTrace Behavior ::run [ RunTime:0.000936s ]
INFO: [ view_end ] --END-- [ RunTime:0.001029s ]

[ 2013-10-06T00:11:32+08:00 ] 127.0.0.1 /xingtuo/index.php?s=/Product/index/
INFO: [ route_check ] --START--
INFO: CheckRoute Behavior ::run [ RunTime:0.001008s ]
INFO: [ route_check ] --END-- [ RunTime:0.001123s ]
INFO: [ app_begin ] --START--
INFO: ReadHtmlCache Behavior ::run [ RunTime:0.000826s ]
INFO: [ app_begin ] --END-- [ RunTime:0.000919s ]
SQL: SHOW COLUMNS FROM `xt_product` [ RunTime:0.004529s ]
SQL: SELECT `id`,`name`,`create_time` FROM `xt_product` WHERE ( `status` = 0 )  [ RunTime:0.000231s ]
INFO: [ view_parse ] --START--
INFO: ParseTemplate Behavior ::run [ RunTime:0.014910s ]
INFO: [ view_parse ] --END-- [ RunTime:0.015026s ]
INFO: [ view_filter ] --START--
INFO: ContentReplace Behavior ::run [ RunTime:0.000811s ]
INFO: TokenBuild Behavior ::run [ RunTime:0.000704s ]
INFO: WriteHtmlCache Behavior ::run [ RunTime:0.000637s ]
INFO: ShowRuntime Behavior ::run [ RunTime:0.000844s ]
INFO: [ view_filter ] --END-- [ RunTime:0.003260s ]
INFO: [ view_end ] --START--
INFO: ShowPageTrace Behavior ::run [ RunTime:0.000899s ]
INFO: [ view_end ] --END-- [ RunTime:0.000986s ]

[ 2013-10-06T00:11:34+08:00 ] 127.0.0.1 /xingtuo/index.php?s=/Send/index
INFO: [ route_check ] --START--
INFO: CheckRoute Behavior ::run [ RunTime:0.001014s ]
INFO: [ route_check ] --END-- [ RunTime:0.001125s ]
INFO: [ app_begin ] --START--
INFO: ReadHtmlCache Behavior ::run [ RunTime:0.000802s ]
INFO: [ app_begin ] --END-- [ RunTime:0.000902s ]
INFO: [ view_parse ] --START--
INFO: ParseTemplate Behavior ::run [ RunTime:0.012118s ]
INFO: [ view_parse ] --END-- [ RunTime:0.012239s ]
INFO: [ view_filter ] --START--
INFO: ContentReplace Behavior ::run [ RunTime:0.000818s ]
INFO: TokenBuild Behavior ::run [ RunTime:0.000728s ]
INFO: WriteHtmlCache Behavior ::run [ RunTime:0.000657s ]
INFO: ShowRuntime Behavior ::run [ RunTime:0.000860s ]
INFO: [ view_filter ] --END-- [ RunTime:0.003324s ]
INFO: [ view_end ] --START--
INFO: ShowPageTrace Behavior ::run [ RunTime:0.001041s ]
INFO: [ view_end ] --END-- [ RunTime:0.001139s ]

[ 2013-10-06T00:11:55+08:00 ] 127.0.0.1 /xingtuo/index.php?s=/Send/index
INFO: [ route_check ] --START--
INFO: CheckRoute Behavior ::run [ RunTime:0.001019s ]
INFO: [ route_check ] --END-- [ RunTime:0.001135s ]
INFO: [ app_begin ] --START--
INFO: ReadHtmlCache Behavior ::run [ RunTime:0.000833s ]
INFO: [ app_begin ] --END-- [ RunTime:0.000930s ]
INFO: [ view_parse ] --START--
INFO: ParseTemplate Behavior ::run [ RunTime:0.011892s ]
INFO: [ view_parse ] --END-- [ RunTime:0.012006s ]
INFO: [ view_filter ] --START--
INFO: ContentReplace Behavior ::run [ RunTime:0.000776s ]
INFO: TokenBuild Behavior ::run [ RunTime:0.000737s ]
INFO: WriteHtmlCache Behavior ::run [ RunTime:0.000631s ]
INFO: ShowRuntime Behavior ::run [ RunTime:0.000847s ]
INFO: [ view_filter ] --END-- [ RunTime:0.003244s ]
INFO: [ view_end ] --START--
INFO: ShowPageTrace Behavior ::run [ RunTime:0.000912s ]
INFO: [ view_end ] --END-- [ RunTime:0.001001s ]

[ 2013-10-06T00:11:57+08:00 ] 127.0.0.1 /xingtuo/index.php?s=/Product/index/
INFO: [ route_check ] --START--
INFO: CheckRoute Behavior ::run [ RunTime:0.001020s ]
INFO: [ route_check ] --END-- [ RunTime:0.001133s ]
INFO: [ app_begin ] --START--
INFO: ReadHtmlCache Behavior ::run [ RunTime:0.000821s ]
INFO: [ app_begin ] --END-- [ RunTime:0.000917s ]
SQL: SHOW COLUMNS FROM `xt_product` [ RunTime:0.004406s ]
SQL: SELECT `id`,`name`,`create_time` FROM `xt_product` WHERE ( `status` = 0 )  [ RunTime:0.000189s ]
INFO: [ view_parse ] --START--
INFO: ParseTemplate Behavior ::run [ RunTime:0.014662s ]
INFO: [ view_parse ] --END-- [ RunTime:0.014776s ]
INFO: [ view_filter ] --START--
INFO: ContentReplace Behavior ::run [ RunTime:0.000763s ]
INFO: TokenBuild Behavior ::run [ RunTime:0.000877s ]
INFO: WriteHtmlCache Behavior ::run [ RunTime:0.000719s ]
INFO: ShowRuntime Behavior ::run [ RunTime:0.000890s ]
INFO: [ view_filter ] --END-- [ RunTime:0.003511s ]
INFO: [ view_end ] --START--
INFO: ShowPageTrace Behavior ::run [ RunTime:0.000958s ]
INFO: [ view_end ] --END-- [ RunTime:0.001101s ]

[ 2013-10-06T00:11:58+08:00 ] 127.0.0.1 /xingtuo/index.php?s=/Message/index/
INFO: [ route_check ] --START--
INFO: CheckRoute Behavior ::run [ RunTime:0.001052s ]
INFO: [ route_check ] --END-- [ RunTime:0.001171s ]
INFO: [ app_begin ] --START--
INFO: ReadHtmlCache Behavior ::run [ RunTime:0.000823s ]
INFO: [ app_begin ] --END-- [ RunTime:0.000916s ]
SQL: SHOW COLUMNS FROM `xt_question` [ RunTime:0.004523s ]
SQL: SELECT `id`,`user_id`,`content`,`time`,`is_reply` FROM `xt_question` WHERE ( `status` = 0 ) ORDER BY id DESC  [ RunTime:0.000275s ]
INFO: [ view_parse ] --START--
INFO: ParseTemplate Behavior ::run [ RunTime:0.015362s ]
INFO: [ view_parse ] --END-- [ RunTime:0.015481s ]
INFO: [ view_filter ] --START--
INFO: ContentReplace Behavior ::run [ RunTime:0.000849s ]
INFO: TokenBuild Behavior ::run [ RunTime:0.000739s ]
INFO: WriteHtmlCache Behavior ::run [ RunTime:0.000665s ]
INFO: ShowRuntime Behavior ::run [ RunTime:0.000864s ]
INFO: [ view_filter ] --END-- [ RunTime:0.003384s ]
INFO: [ view_end ] --START--
INFO: ShowPageTrace Behavior ::run [ RunTime:0.000935s ]
INFO: [ view_end ] --END-- [ RunTime:0.001031s ]

[ 2013-10-06T00:12:01+08:00 ] 127.0.0.1 /xingtuo/index.php?s=/User/user_list/type/2
INFO: [ route_check ] --START--
INFO: CheckRoute Behavior ::run [ RunTime:0.001008s ]
INFO: [ route_check ] --END-- [ RunTime:0.001120s ]
INFO: [ app_begin ] --START--
INFO: ReadHtmlCache Behavior ::run [ RunTime:0.000826s ]
INFO: [ app_begin ] --END-- [ RunTime:0.000922s ]
SQL: SHOW COLUMNS FROM `xt_users` [ RunTime:0.005029s ]
NOTIC: 建议使用I方法替代_get
SQL: SELECT u.id,u.account,u.name,f.file_address,u.last_login_time,u.last_login_ip,u.login_count,u.type,i.age,i.sex,i.identity,i.email,i.province,i.city,i.street,i.interest,i.purchase,i.remarks FROM xt_users AS u LEFT JOIN xt_user_info AS i ON u.id = i.user_id LEFT JOIN xt_file AS f ON f.id = i.file_id WHERE ( u.type = '2' ) AND ( u.status = 0 )  [ RunTime:0.000439s ]
INFO: [ view_parse ] --START--
INFO: ParseTemplate Behavior ::run [ RunTime:0.017056s ]
INFO: [ view_parse ] --END-- [ RunTime:0.017172s ]
INFO: [ view_filter ] --START--
INFO: ContentReplace Behavior ::run [ RunTime:0.000807s ]
INFO: TokenBuild Behavior ::run [ RunTime:0.000736s ]
INFO: WriteHtmlCache Behavior ::run [ RunTime:0.000658s ]
INFO: ShowRuntime Behavior ::run [ RunTime:0.000867s ]
INFO: [ view_filter ] --END-- [ RunTime:0.003329s ]
INFO: [ view_end ] --START--
INFO: ShowPageTrace Behavior ::run [ RunTime:0.000920s ]
INFO: [ view_end ] --END-- [ RunTime:0.001011s ]

[ 2013-10-06T00:12:01+08:00 ] 127.0.0.1 /xingtuo/index.php?s=/User/user_list/
INFO: [ route_check ] --START--
INFO: CheckRoute Behavior ::run [ RunTime:0.001002s ]
INFO: [ route_check ] --END-- [ RunTime:0.001115s ]
INFO: [ app_begin ] --START--
INFO: ReadHtmlCache Behavior ::run [ RunTime:0.000821s ]
INFO: [ app_begin ] --END-- [ RunTime:0.000911s ]
SQL: SHOW COLUMNS FROM `xt_users` [ RunTime:0.004721s ]
NOTIC: 建议使用I方法替代_get
SQL: SELECT u.id,u.account,u.name,f.file_address,u.last_login_time,u.last_login_ip,u.login_count,u.type,i.age,i.sex,i.identity,i.email,i.province,i.city,i.street,i.interest,i.purchase,i.remarks FROM xt_users AS u LEFT JOIN xt_user_info AS i ON u.id = i.user_id LEFT JOIN xt_file AS f ON f.id = i.file_id WHERE ( u.status = 0 )  [ RunTime:0.000516s ]
INFO: [ view_parse ] --START--
INFO: ParseTemplate Behavior ::run [ RunTime:0.017401s ]
INFO: [ view_parse ] --END-- [ RunTime:0.017520s ]
INFO: [ view_filter ] --START--
INFO: ContentReplace Behavior ::run [ RunTime:0.000858s ]
INFO: TokenBuild Behavior ::run [ RunTime:0.000767s ]
INFO: WriteHtmlCache Behavior ::run [ RunTime:0.000706s ]
INFO: ShowRuntime Behavior ::run [ RunTime:0.000894s ]
INFO: [ view_filter ] --END-- [ RunTime:0.003514s ]
INFO: [ view_end ] --START--
INFO: ShowPageTrace Behavior ::run [ RunTime:0.001054s ]
INFO: [ view_end ] --END-- [ RunTime:0.001145s ]

[ 2013-10-06T00:12:02+08:00 ] 127.0.0.1 /xingtuo/index.php?s=/System/index
INFO: [ route_check ] --START--
INFO: CheckRoute Behavior ::run [ RunTime:0.001077s ]
INFO: [ route_check ] --END-- [ RunTime:0.001203s ]
INFO: [ app_begin ] --START--
INFO: ReadHtmlCache Behavior ::run [ RunTime:0.001070s ]
INFO: [ app_begin ] --END-- [ RunTime:0.001168s ]
SQL: SHOW COLUMNS FROM `xt_users` [ RunTime:0.005069s ]
SQL: SELECT COUNT(*) AS tp_count FROM `xt_users` WHERE ( `status` = 0 ) LIMIT 1   [ RunTime:0.000278s ]
SQL: SHOW COLUMNS FROM `xt_question` [ RunTime:0.004262s ]
SQL: SELECT COUNT(*) AS tp_count FROM `xt_question` WHERE ( `status` = 0 ) AND ( `is_reply` = 1 ) LIMIT 1   [ RunTime:0.000220s ]
INFO: [ view_parse ] --START--
INFO: ParseTemplate Behavior ::run [ RunTime:0.013494s ]
INFO: [ view_parse ] --END-- [ RunTime:0.013614s ]
INFO: [ view_filter ] --START--
INFO: ContentReplace Behavior ::run [ RunTime:0.000804s ]
INFO: TokenBuild Behavior ::run [ RunTime:0.000720s ]
INFO: WriteHtmlCache Behavior ::run [ RunTime:0.000659s ]
INFO: ShowRuntime Behavior ::run [ RunTime:0.001017s ]
INFO: [ view_filter ] --END-- [ RunTime:0.003463s ]
INFO: [ view_end ] --START--
INFO: ShowPageTrace Behavior ::run [ RunTime:0.000938s ]
INFO: [ view_end ] --END-- [ RunTime:0.001037s ]

[ 2013-10-06T00:13:58+08:00 ] 127.0.0.1 /xingtuo/index.php?s=/User/user_list/
INFO: [ route_check ] --START--
INFO: CheckRoute Behavior ::run [ RunTime:0.001280s ]
INFO: [ route_check ] --END-- [ RunTime:0.001394s ]
INFO: [ app_begin ] --START--
INFO: ReadHtmlCache Behavior ::run [ RunTime:0.000928s ]
INFO: [ app_begin ] --END-- [ RunTime:0.001039s ]
SQL: SHOW COLUMNS FROM `xt_users` [ RunTime:0.004894s ]
NOTIC: 建议使用I方法替代_get
SQL: SELECT u.id,u.account,u.name,f.file_address,u.last_login_time,u.last_login_ip,u.login_count,u.type,i.age,i.sex,i.identity,i.email,i.province,i.city,i.street,i.interest,i.purchase,i.remarks FROM xt_users AS u LEFT JOIN xt_user_info AS i ON u.id = i.user_id LEFT JOIN xt_file AS f ON f.id = i.file_id WHERE ( u.status = 0 )  [ RunTime:0.000579s ]
INFO: [ view_parse ] --START--
INFO: ParseTemplate Behavior ::run [ RunTime:0.028742s ]
INFO: [ view_parse ] --END-- [ RunTime:0.028865s ]
INFO: [ view_filter ] --START--
INFO: ContentReplace Behavior ::run [ RunTime:0.000872s ]
INFO: TokenBuild Behavior ::run [ RunTime:0.000811s ]
INFO: WriteHtmlCache Behavior ::run [ RunTime:0.000872s ]
INFO: ShowRuntime Behavior ::run [ RunTime:0.000909s ]
INFO: [ view_filter ] --END-- [ RunTime:0.003750s ]
INFO: [ view_end ] --START--
INFO: ShowPageTrace Behavior ::run [ RunTime:0.000811s ]
INFO: [ view_end ] --END-- [ RunTime:0.000904s ]

[ 2013-10-06T00:14:00+08:00 ] 127.0.0.1 /xingtuo/index.php?s=/User/user_list/type/2
INFO: [ route_check ] --START--
INFO: CheckRoute Behavior ::run [ RunTime:0.001020s ]
INFO: [ route_check ] --END-- [ RunTime:0.001129s ]
INFO: [ app_begin ] --START--
INFO: ReadHtmlCache Behavior ::run [ RunTime:0.000831s ]
INFO: [ app_begin ] --END-- [ RunTime:0.000930s ]
SQL: SHOW COLUMNS FROM `xt_users` [ RunTime:0.004760s ]
NOTIC: 建议使用I方法替代_get
SQL: SELECT u.id,u.account,u.name,f.file_address,u.last_login_time,u.last_login_ip,u.login_count,u.type,i.age,i.sex,i.identity,i.email,i.province,i.city,i.street,i.interest,i.purchase,i.remarks FROM xt_users AS u LEFT JOIN xt_user_info AS i ON u.id = i.user_id LEFT JOIN xt_file AS f ON f.id = i.file_id WHERE ( u.type = '2' ) AND ( u.status = 0 )  [ RunTime:0.000458s ]
INFO: [ view_parse ] --START--
INFO: ParseTemplate Behavior ::run [ RunTime:0.016912s ]
INFO: [ view_parse ] --END-- [ RunTime:0.017025s ]
INFO: [ view_filter ] --START--
INFO: ContentReplace Behavior ::run [ RunTime:0.000773s ]
INFO: TokenBuild Behavior ::run [ RunTime:0.000790s ]
INFO: WriteHtmlCache Behavior ::run [ RunTime:0.000655s ]
INFO: ShowRuntime Behavior ::run [ RunTime:0.000715s ]
INFO: [ view_filter ] --END-- [ RunTime:0.003198s ]
INFO: [ view_end ] --START--
INFO: ShowPageTrace Behavior ::run [ RunTime:0.000692s ]
INFO: [ view_end ] --END-- [ RunTime:0.000789s ]

[ 2013-10-06T00:14:00+08:00 ] 127.0.0.1 /xingtuo/index.php?s=/Message/index/
INFO: [ route_check ] --START--
INFO: CheckRoute Behavior ::run [ RunTime:0.001090s ]
INFO: [ route_check ] --END-- [ RunTime:0.001217s ]
INFO: [ app_begin ] --START--
INFO: ReadHtmlCache Behavior ::run [ RunTime:0.000832s ]
INFO: [ app_begin ] --END-- [ RunTime:0.000933s ]
SQL: SHOW COLUMNS FROM `xt_question` [ RunTime:0.004350s ]
SQL: SELECT `id`,`user_id`,`content`,`time`,`is_reply` FROM `xt_question` WHERE ( `status` = 0 ) ORDER BY id DESC  [ RunTime:0.000267s ]
INFO: [ view_parse ] --START--
INFO: ParseTemplate Behavior ::run [ RunTime:0.014907s ]
INFO: [ view_parse ] --END-- [ RunTime:0.015056s ]
INFO: [ view_filter ] --START--
INFO: ContentReplace Behavior ::run [ RunTime:0.000768s ]
INFO: TokenBuild Behavior ::run [ RunTime:0.000771s ]
INFO: WriteHtmlCache Behavior ::run [ RunTime:0.000668s ]
INFO: ShowRuntime Behavior ::run [ RunTime:0.000689s ]
INFO: [ view_filter ] --END-- [ RunTime:0.003163s ]
INFO: [ view_end ] --START--
INFO: ShowPageTrace Behavior ::run [ RunTime:0.000695s ]
INFO: [ view_end ] --END-- [ RunTime:0.000790s ]

[ 2013-10-06T00:14:01+08:00 ] 127.0.0.1 /xingtuo/index.php?s=/Send/index
INFO: [ route_check ] --START--
INFO: CheckRoute Behavior ::run [ RunTime:0.001032s ]
INFO: [ route_check ] --END-- [ RunTime:0.001146s ]
INFO: [ app_begin ] --START--
INFO: ReadHtmlCache Behavior ::run [ RunTime:0.000854s ]
INFO: [ app_begin ] --END-- [ RunTime:0.000956s ]
INFO: [ view_parse ] --START--
INFO: ParseTemplate Behavior ::run [ RunTime:0.011778s ]
INFO: [ view_parse ] --END-- [ RunTime:0.011894s ]
INFO: [ view_filter ] --START--
INFO: ContentReplace Behavior ::run [ RunTime:0.000740s ]
INFO: TokenBuild Behavior ::run [ RunTime:0.000783s ]
INFO: WriteHtmlCache Behavior ::run [ RunTime:0.000659s ]
INFO: ShowRuntime Behavior ::run [ RunTime:0.000694s ]
INFO: [ view_filter ] --END-- [ RunTime:0.003136s ]
INFO: [ view_end ] --START--
INFO: ShowPageTrace Behavior ::run [ RunTime:0.000690s ]
INFO: [ view_end ] --END-- [ RunTime:0.000783s ]

[ 2013-10-06T00:14:02+08:00 ] 127.0.0.1 /xingtuo/index.php?s=/Product/index/
INFO: [ route_check ] --START--
INFO: CheckRoute Behavior ::run [ RunTime:0.001078s ]
INFO: [ route_check ] --END-- [ RunTime:0.001187s ]
INFO: [ app_begin ] --START--
INFO: ReadHtmlCache Behavior ::run [ RunTime:0.000821s ]
INFO: [ app_begin ] --END-- [ RunTime:0.000923s ]
SQL: SHOW COLUMNS FROM `xt_product` [ RunTime:0.005688s ]
SQL: SELECT `id`,`name`,`create_time` FROM `xt_product` WHERE ( `status` = 0 )  [ RunTime:0.000297s ]
INFO: [ view_parse ] --START--
INFO: ParseTemplate Behavior ::run [ RunTime:0.014458s ]
INFO: [ view_parse ] --END-- [ RunTime:0.014575s ]
INFO: [ view_filter ] --START--
INFO: ContentReplace Behavior ::run [ RunTime:0.000741s ]
INFO: TokenBuild Behavior ::run [ RunTime:0.000787s ]
INFO: WriteHtmlCache Behavior ::run [ RunTime:0.000659s ]
INFO: ShowRuntime Behavior ::run [ RunTime:0.000691s ]
INFO: [ view_filter ] --END-- [ RunTime:0.003139s ]
INFO: [ view_end ] --START--
INFO: ShowPageTrace Behavior ::run [ RunTime:0.000706s ]
INFO: [ view_end ] --END-- [ RunTime:0.000801s ]

[ 2013-10-06T00:14:03+08:00 ] 127.0.0.1 /xingtuo/index.php?s=/Message/index/
INFO: [ route_check ] --START--
INFO: CheckRoute Behavior ::run [ RunTime:0.001007s ]
INFO: [ route_check ] --END-- [ RunTime:0.001125s ]
INFO: [ app_begin ] --START--
INFO: ReadHtmlCache Behavior ::run [ RunTime:0.000832s ]
INFO: [ app_begin ] --END-- [ RunTime:0.000931s ]
SQL: SHOW COLUMNS FROM `xt_question` [ RunTime:0.004363s ]
SQL: SELECT `id`,`user_id`,`content`,`time`,`is_reply` FROM `xt_question` WHERE ( `status` = 0 ) ORDER BY id DESC  [ RunTime:0.000310s ]
INFO: [ view_parse ] --START--
INFO: ParseTemplate Behavior ::run [ RunTime:0.015172s ]
INFO: [ view_parse ] --END-- [ RunTime:0.015292s ]
INFO: [ view_filter ] --START--
INFO: ContentReplace Behavior ::run [ RunTime:0.000766s ]
INFO: TokenBuild Behavior ::run [ RunTime:0.000788s ]
INFO: WriteHtmlCache Behavior ::run [ RunTime:0.000739s ]
INFO: ShowRuntime Behavior ::run [ RunTime:0.000709s ]
INFO: [ view_filter ] --END-- [ RunTime:0.003268s ]
INFO: [ view_end ] --START--
INFO: ShowPageTrace Behavior ::run [ RunTime:0.000720s ]
INFO: [ view_end ] --END-- [ RunTime:0.000814s ]

[ 2013-10-06T00:14:04+08:00 ] 127.0.0.1 /xingtuo/index.php?s=/User/user_list/type/2
INFO: [ route_check ] --START--
INFO: CheckRoute Behavior ::run [ RunTime:0.000997s ]
INFO: [ route_check ] --END-- [ RunTime:0.001106s ]
INFO: [ app_begin ] --START--
INFO: ReadHtmlCache Behavior ::run [ RunTime:0.000827s ]
INFO: [ app_begin ] --END-- [ RunTime:0.000927s ]
SQL: SHOW COLUMNS FROM `xt_users` [ RunTime:0.004608s ]
NOTIC: 建议使用I方法替代_get
SQL: SELECT u.id,u.account,u.name,f.file_address,u.last_login_time,u.last_login_ip,u.login_count,u.type,i.age,i.sex,i.identity,i.email,i.province,i.city,i.street,i.interest,i.purchase,i.remarks FROM xt_users AS u LEFT JOIN xt_user_info AS i ON u.id = i.user_id LEFT JOIN xt_file AS f ON f.id = i.file_id WHERE ( u.type = '2' ) AND ( u.status = 0 )  [ RunTime:0.000436s ]
INFO: [ view_parse ] --START--
INFO: ParseTemplate Behavior ::run [ RunTime:0.016697s ]
INFO: [ view_parse ] --END-- [ RunTime:0.016812s ]
INFO: [ view_filter ] --START--
INFO: ContentReplace Behavior ::run [ RunTime:0.000751s ]
INFO: TokenBuild Behavior ::run [ RunTime:0.000765s ]
INFO: WriteHtmlCache Behavior ::run [ RunTime:0.000641s ]
INFO: ShowRuntime Behavior ::run [ RunTime:0.000720s ]
INFO: [ view_filter ] --END-- [ RunTime:0.003153s ]
INFO: [ view_end ] --START--
INFO: ShowPageTrace Behavior ::run [ RunTime:0.000692s ]
INFO: [ view_end ] --END-- [ RunTime:0.000790s ]

[ 2013-10-06T00:14:07+08:00 ] 127.0.0.1 /xingtuo/index.php?s=/User/user_list
INFO: [ route_check ] --START--
INFO: CheckRoute Behavior ::run [ RunTime:0.001103s ]
INFO: [ route_check ] --END-- [ RunTime:0.001219s ]
INFO: [ app_begin ] --START--
INFO: ReadHtmlCache Behavior ::run [ RunTime:0.000900s ]
INFO: [ app_begin ] --END-- [ RunTime:0.001006s ]
SQL: SHOW COLUMNS FROM `xt_users` [ RunTime:0.004739s ]
NOTIC: 建议使用I方法替代_get
SQL: SELECT u.id,u.account,u.name,f.file_address,u.last_login_time,u.last_login_ip,u.login_count,u.type,i.age,i.sex,i.identity,i.email,i.province,i.city,i.street,i.interest,i.purchase,i.remarks FROM xt_users AS u LEFT JOIN xt_user_info AS i ON u.id = i.user_id LEFT JOIN xt_file AS f ON f.id = i.file_id WHERE ( u.account = 'weqwewqe' ) AND ( i.sex = '男' ) AND ( u.type = '1' ) AND ( u.status = 0 )  [ RunTime:0.000394s ]
NOTIC: [4096] Argument 1 passed to BaseAction::public_file_dir() must be an array, null given, called in E:\wamp\www\xingtuo\Home\Lib\Action\UserAction.class.php on line 66 and defined E:\wamp\www\xingtuo\Home\Lib\Action\BaseAction.class.php 第 23 行.
NOTIC: [2] Invalid argument supplied for foreach() E:\wamp\www\xingtuo\Home\Lib\Action\BaseAction.class.php 第 32 行.
INFO: [ view_parse ] --START--
INFO: ParseTemplate Behavior ::run [ RunTime:0.017199s ]
INFO: [ view_parse ] --END-- [ RunTime:0.017315s ]
INFO: [ view_filter ] --START--
INFO: ContentReplace Behavior ::run [ RunTime:0.000708s ]
INFO: TokenBuild Behavior ::run [ RunTime:0.000763s ]
INFO: WriteHtmlCache Behavior ::run [ RunTime:0.000648s ]
INFO: ShowRuntime Behavior ::run [ RunTime:0.000764s ]
INFO: [ view_filter ] --END-- [ RunTime:0.003156s ]
INFO: [ view_end ] --START--
INFO: ShowPageTrace Behavior ::run [ RunTime:0.000735s ]
INFO: [ view_end ] --END-- [ RunTime:0.000827s ]

[ 2013-10-06T00:14:09+08:00 ] 127.0.0.1 /xingtuo/index.php?s=/User/user_list
INFO: [ route_check ] --START--
INFO: CheckRoute Behavior ::run [ RunTime:0.001581s ]
INFO: [ route_check ] --END-- [ RunTime:0.001747s ]
INFO: [ app_begin ] --START--
INFO: ReadHtmlCache Behavior ::run [ RunTime:0.001135s ]
INFO: [ app_begin ] --END-- [ RunTime:0.001259s ]
SQL: SHOW COLUMNS FROM `xt_users` [ RunTime:0.004695s ]
NOTIC: 建议使用I方法替代_get
SQL: SELECT u.id,u.account,u.name,f.file_address,u.last_login_time,u.last_login_ip,u.login_count,u.type,i.age,i.sex,i.identity,i.email,i.province,i.city,i.street,i.interest,i.purchase,i.remarks FROM xt_users AS u LEFT JOIN xt_user_info AS i ON u.id = i.user_id LEFT JOIN xt_file AS f ON f.id = i.file_id WHERE ( i.sex = '男' ) AND ( u.type = '1' ) AND ( u.status = 0 )  [ RunTime:0.000495s ]
INFO: [ view_parse ] --START--
INFO: ParseTemplate Behavior ::run [ RunTime:0.016699s ]
INFO: [ view_parse ] --END-- [ RunTime:0.016815s ]
INFO: [ view_filter ] --START--
INFO: ContentReplace Behavior ::run [ RunTime:0.000765s ]
INFO: TokenBuild Behavior ::run [ RunTime:0.000844s ]
INFO: WriteHtmlCache Behavior ::run [ RunTime:0.000635s ]
INFO: ShowRuntime Behavior ::run [ RunTime:0.000728s ]
INFO: [ view_filter ] --END-- [ RunTime:0.003265s ]
INFO: [ view_end ] --START--
INFO: ShowPageTrace Behavior ::run [ RunTime:0.000701s ]
INFO: [ view_end ] --END-- [ RunTime:0.000794s ]

[ 2013-10-06T00:14:12+08:00 ] 127.0.0.1 /xingtuo/index.php?s=/User/user_list
INFO: [ route_check ] --START--
INFO: CheckRoute Behavior ::run [ RunTime:0.001104s ]
INFO: [ route_check ] --END-- [ RunTime:0.001225s ]
INFO: [ app_begin ] --START--
INFO: ReadHtmlCache Behavior ::run [ RunTime:0.000908s ]
INFO: [ app_begin ] --END-- [ RunTime:0.001021s ]
SQL: SHOW COLUMNS FROM `xt_users` [ RunTime:0.004615s ]
NOTIC: 建议使用I方法替代_get
SQL: SELECT u.id,u.account,u.name,f.file_address,u.last_login_time,u.last_login_ip,u.login_count,u.type,i.age,i.sex,i.identity,i.email,i.province,i.city,i.street,i.interest,i.purchase,i.remarks FROM xt_users AS u LEFT JOIN xt_user_info AS i ON u.id = i.user_id LEFT JOIN xt_file AS f ON f.id = i.file_id WHERE ( u.account = '13761951734' ) AND ( i.sex = '男' ) AND ( u.type = '1' ) AND ( u.status = 0 )  [ RunTime:0.000514s ]
INFO: [ view_parse ] --START--
INFO: ParseTemplate Behavior ::run [ RunTime:0.016596s ]
INFO: [ view_parse ] --END-- [ RunTime:0.016705s ]
INFO: [ view_filter ] --START--
INFO: ContentReplace Behavior ::run [ RunTime:0.000773s ]
INFO: TokenBuild Behavior ::run [ RunTime:0.000787s ]
INFO: WriteHtmlCache Behavior ::run [ RunTime:0.000664s ]
INFO: ShowRuntime Behavior ::run [ RunTime:0.000716s ]
INFO: [ view_filter ] --END-- [ RunTime:0.003210s ]
INFO: [ view_end ] --START--
INFO: ShowPageTrace Behavior ::run [ RunTime:0.000697s ]
INFO: [ view_end ] --END-- [ RunTime:0.000796s ]

