[ 2013-10-15T09:28:22+08:00 ] 127.0.0.1 /xingtuo/
INFO: [ app_begin ] --START--
INFO: ReadHtmlCache Behavior ::run [ RunTime:0.001198s ]
INFO: [ app_begin ] --END-- [ RunTime:0.001352s ]
NOTIC: [8] Undefined index: user_info E:\wamp\www\xingtuo\Home\Lib\Action\HtmlBaseAction.class.php 第 44 行.
INFO: [ view_parse ] --START--
INFO: ParseTemplate Behavior ::run [ RunTime:0.016974s ]
INFO: [ view_parse ] --END-- [ RunTime:0.017116s ]
INFO: [ view_filter ] --START--
INFO: ContentReplace Behavior ::run [ RunTime:0.000997s ]
INFO: TokenBuild Behavior ::run [ RunTime:0.000933s ]
INFO: WriteHtmlCache Behavior ::run [ RunTime:0.000783s ]
INFO: ShowRuntime Behavior ::run [ RunTime:0.001018s ]
INFO: [ view_filter ] --END-- [ RunTime:0.004052s ]
INFO: [ view_end ] --START--
INFO: ShowPageTrace Behavior ::run [ RunTime:0.001106s ]
INFO: [ view_end ] --END-- [ RunTime:0.001223s ]

[ 2013-10-15T09:28:27+08:00 ] 127.0.0.1 /xingtuo/?s=/Login/index
INFO: [ route_check ] --START--
INFO: CheckRoute Behavior ::run [ RunTime:0.001116s ]
INFO: [ route_check ] --END-- [ RunTime:0.001224s ]
INFO: [ app_begin ] --START--
INFO: ReadHtmlCache Behavior ::run [ RunTime:0.000797s ]
INFO: [ app_begin ] --END-- [ RunTime:0.000903s ]
NOTIC: [8] Undefined index: user_info E:\wamp\www\xingtuo\Home\Lib\Action\HtmlBaseAction.class.php 第 44 行.
SQL: SHOW COLUMNS FROM `xt_users` [ RunTime:0.209548s ]
SQL: SELECT * FROM `xt_users` WHERE ( `account` = 'admin' ) AND ( `type` = 0 ) AND ( `status` = 0 ) LIMIT 1   [ RunTime:0.006448s ]
SQL: UPDATE `xt_users` SET `id`=1,`account`='admin',`name`='管理',`password`='e10adc3949ba59abbe56e057f20f883e',`last_login_time`=1381800507,`last_login_ip`='127.0.0.1',`login_count`=142,`create_time`=1376561926,`update_time`=1376561926,`type`=0,`status`=0 WHERE ( `id` = 1 ) [ RunTime:0.134209s ]

[ 2013-10-15T09:28:27+08:00 ] 127.0.0.1 /xingtuo/index.php?s=/System/index.html
INFO: [ route_check ] --START--
INFO: CheckRoute Behavior ::run [ RunTime:0.000980s ]
INFO: [ route_check ] --END-- [ RunTime:0.001099s ]
INFO: [ app_begin ] --START--
INFO: ReadHtmlCache Behavior ::run [ RunTime:0.000831s ]
INFO: [ app_begin ] --END-- [ RunTime:0.000931s ]
SQL: SHOW COLUMNS FROM `xt_users` [ RunTime:0.008351s ]
SQL: SELECT COUNT(*) AS tp_count FROM `xt_users` WHERE ( `status` = 0 ) LIMIT 1   [ RunTime:0.000393s ]
SQL: SHOW COLUMNS FROM `xt_question` [ RunTime:0.054480s ]
SQL: SELECT COUNT(*) AS tp_count FROM `xt_question` WHERE ( `status` = 0 ) AND ( `is_reply` = 1 ) LIMIT 1   [ RunTime:0.000597s ]
INFO: [ view_parse ] --START--
INFO: ParseTemplate Behavior ::run [ RunTime:0.038640s ]
INFO: [ view_parse ] --END-- [ RunTime:0.038791s ]
INFO: [ view_filter ] --START--
INFO: ContentReplace Behavior ::run [ RunTime:0.000951s ]
INFO: TokenBuild Behavior ::run [ RunTime:0.000920s ]
INFO: WriteHtmlCache Behavior ::run [ RunTime:0.000779s ]
INFO: ShowRuntime Behavior ::run [ RunTime:0.001021s ]
INFO: [ view_filter ] --END-- [ RunTime:0.004002s ]
INFO: [ view_end ] --START--
INFO: ShowPageTrace Behavior ::run [ RunTime:0.001094s ]
INFO: [ view_end ] --END-- [ RunTime:0.001210s ]

[ 2013-10-15T09:28:32+08:00 ] 127.0.0.1 /xingtuo/index.php?s=/User/user_list/
INFO: [ route_check ] --START--
INFO: CheckRoute Behavior ::run [ RunTime:0.001402s ]
INFO: [ route_check ] --END-- [ RunTime:0.001562s ]
INFO: [ app_begin ] --START--
INFO: ReadHtmlCache Behavior ::run [ RunTime:0.001226s ]
INFO: [ app_begin ] --END-- [ RunTime:0.001372s ]
SQL: SHOW COLUMNS FROM `xt_users` [ RunTime:0.005879s ]
NOTIC: 建议使用I方法替代_get
SQL: SELECT u.id,u.account,u.name,f.file_address,u.last_login_time,u.last_login_ip,u.login_count,u.type,i.age,i.sex,i.identity,i.email,i.province,i.city,i.street,i.interest,i.purchase,i.remarks FROM xt_users AS u LEFT JOIN xt_user_info AS i ON u.id = i.user_id LEFT JOIN xt_file AS f ON f.id = i.file_id WHERE ( u.status = 0 )  [ RunTime:0.048353s ]
INFO: [ view_parse ] --START--
INFO: ParseTemplate Behavior ::run [ RunTime:0.058857s ]
INFO: [ view_parse ] --END-- [ RunTime:0.059015s ]
INFO: [ view_filter ] --START--
INFO: ContentReplace Behavior ::run [ RunTime:0.000811s ]
INFO: TokenBuild Behavior ::run [ RunTime:0.000740s ]
INFO: WriteHtmlCache Behavior ::run [ RunTime:0.000616s ]
INFO: ShowRuntime Behavior ::run [ RunTime:0.000846s ]
INFO: [ view_filter ] --END-- [ RunTime:0.003269s ]
INFO: [ view_end ] --START--
INFO: ShowPageTrace Behavior ::run [ RunTime:0.000868s ]
INFO: [ view_end ] --END-- [ RunTime:0.000970s ]

