[ 2013-11-12T12:18:07+08:00 ] 192.168.1.102 /xingtuo/index.php?s=/ApiProduct/product_list
INFO: [ route_check ] --START--
INFO: CheckRoute Behavior ::run [ RunTime:0.001250s ]
INFO: [ route_check ] --END-- [ RunTime:0.001375s ]
INFO: [ app_begin ] --START--
INFO: ReadHtmlCache Behavior ::run [ RunTime:0.000959s ]
INFO: [ app_begin ] --END-- [ RunTime:0.001071s ]
SQL: SHOW COLUMNS FROM `xt_product` [ RunTime:0.003826s ]
SQL: SELECT `id`,`name`,`content`,`create_time` FROM `xt_product` WHERE ( `status` = 0 )  [ RunTime:0.000466s ]

[ 2013-11-12T13:30:42+08:00 ] 192.168.1.102 /xingtuo/
INFO: [ app_begin ] --START--
INFO: ReadHtmlCache Behavior ::run [ RunTime:0.001221s ]
INFO: [ app_begin ] --END-- [ RunTime:0.001364s ]
NOTIC: [8] Undefined index: user_info C:\wamp\www\xingtuo\Home\Lib\Action\HtmlBaseAction.class.php Á¨¨ 44 Ë°å.
INFO: [ view_parse ] --START--
INFO: ParseTemplate Behavior ::run [ RunTime:0.072298s ]
INFO: [ view_parse ] --END-- [ RunTime:0.072502s ]
INFO: [ view_filter ] --START--
INFO: ContentReplace Behavior ::run [ RunTime:0.001084s ]
INFO: TokenBuild Behavior ::run [ RunTime:0.017168s ]
INFO: WriteHtmlCache Behavior ::run [ RunTime:0.001569s ]
INFO: ShowRuntime Behavior ::run [ RunTime:0.002197s ]
INFO: [ view_filter ] --END-- [ RunTime:0.022537s ]
INFO: [ view_end ] --START--
INFO: ShowPageTrace Behavior ::run [ RunTime:0.015152s ]
INFO: [ view_end ] --END-- [ RunTime:0.015467s ]

[ 2013-11-12T13:30:48+08:00 ] 192.168.1.102 /xingtuo/?s=/Login/index
INFO: [ route_check ] --START--
INFO: CheckRoute Behavior ::run [ RunTime:0.013557s ]
INFO: [ route_check ] --END-- [ RunTime:0.013695s ]
INFO: [ app_begin ] --START--
INFO: ReadHtmlCache Behavior ::run [ RunTime:0.001048s ]
INFO: [ app_begin ] --END-- [ RunTime:0.001154s ]
NOTIC: [8] Undefined index: user_info C:\wamp\www\xingtuo\Home\Lib\Action\HtmlBaseAction.class.php Á¨¨ 44 Ë°å.
SQL: SHOW COLUMNS FROM `xt_users` [ RunTime:0.091820s ]
SQL: SELECT * FROM `xt_users` WHERE ( `account` = 'admin' ) AND ( `type` = 0 ) AND ( `status` = 0 ) LIMIT 1   [ RunTime:0.048898s ]
SQL: UPDATE `xt_users` SET `id`=1,`account`='admin',`name`='ÁÆ°ÁêÜ',`password`='e10adc3949ba59abbe56e057f20f883e',`last_login_time`=1384234248,`last_login_ip`='192.168.1.102',`login_count`=156,`create_time`=1376561926,`update_time`=1376561926,`type`=0,`status`=0 WHERE ( `id` = 1 ) [ RunTime:0.089298s ]

[ 2013-11-12T13:30:49+08:00 ] 192.168.1.102 /xingtuo/index.php?s=/System/index.html
INFO: [ route_check ] --START--
INFO: CheckRoute Behavior ::run [ RunTime:0.001404s ]
INFO: [ route_check ] --END-- [ RunTime:0.001569s ]
INFO: [ app_begin ] --START--
INFO: ReadHtmlCache Behavior ::run [ RunTime:0.000843s ]
INFO: [ app_begin ] --END-- [ RunTime:0.000986s ]
SQL: SHOW COLUMNS FROM `xt_users` [ RunTime:0.003343s ]
SQL: SELECT COUNT(*) AS tp_count FROM `xt_users` WHERE ( `status` = 0 ) LIMIT 1   [ RunTime:0.075831s ]
SQL: SHOW COLUMNS FROM `xt_question` [ RunTime:0.049275s ]
SQL: SELECT COUNT(*) AS tp_count FROM `xt_question` WHERE ( `status` = 0 ) AND ( `is_reply` = 1 ) LIMIT 1   [ RunTime:0.000765s ]
INFO: [ view_parse ] --START--
INFO: ParseTemplate Behavior ::run [ RunTime:0.123791s ]
INFO: [ view_parse ] --END-- [ RunTime:0.124102s ]
INFO: [ view_filter ] --START--
INFO: ContentReplace Behavior ::run [ RunTime:0.001973s ]
INFO: TokenBuild Behavior ::run [ RunTime:0.001659s ]
INFO: WriteHtmlCache Behavior ::run [ RunTime:0.001182s ]
INFO: ShowRuntime Behavior ::run [ RunTime:0.001483s ]
INFO: [ view_filter ] --END-- [ RunTime:0.006901s ]
INFO: [ view_end ] --START--
INFO: ShowPageTrace Behavior ::run [ RunTime:0.001751s ]
INFO: [ view_end ] --END-- [ RunTime:0.001929s ]

[ 2013-11-12T13:30:51+08:00 ] 192.168.1.102 /xingtuo/index.php?s=/Message/index/
INFO: [ route_check ] --START--
INFO: CheckRoute Behavior ::run [ RunTime:0.002381s ]
INFO: [ route_check ] --END-- [ RunTime:0.002687s ]
INFO: [ app_begin ] --START--
INFO: ReadHtmlCache Behavior ::run [ RunTime:0.002112s ]
INFO: [ app_begin ] --END-- [ RunTime:0.002381s ]
SQL: SHOW COLUMNS FROM `xt_question` [ RunTime:0.009263s ]
SQL: SELECT `id`,`user_id`,`content`,`time`,`is_reply` FROM `xt_question` WHERE ( `status` = 0 ) ORDER BY id DESC  [ RunTime:0.001038s ]
INFO: [ view_parse ] --START--
INFO: ParseTemplate Behavior ::run [ RunTime:0.036523s ]
INFO: [ view_parse ] --END-- [ RunTime:0.036681s ]
INFO: [ view_filter ] --START--
INFO: ContentReplace Behavior ::run [ RunTime:0.000748s ]
INFO: TokenBuild Behavior ::run [ RunTime:0.000629s ]
INFO: WriteHtmlCache Behavior ::run [ RunTime:0.000563s ]
INFO: ShowRuntime Behavior ::run [ RunTime:0.000709s ]
INFO: [ view_filter ] --END-- [ RunTime:0.002898s ]
INFO: [ view_end ] --START--
INFO: ShowPageTrace Behavior ::run [ RunTime:0.000785s ]
INFO: [ view_end ] --END-- [ RunTime:0.000860s ]

[ 2013-11-12T13:30:52+08:00 ] 192.168.1.102 /xingtuo/index.php?s=/Product/index/
INFO: [ route_check ] --START--
INFO: CheckRoute Behavior ::run [ RunTime:0.009266s ]
INFO: [ route_check ] --END-- [ RunTime:0.009491s ]
INFO: [ app_begin ] --START--
INFO: ReadHtmlCache Behavior ::run [ RunTime:0.001427s ]
INFO: [ app_begin ] --END-- [ RunTime:0.001649s ]
SQL: SHOW COLUMNS FROM `xt_product` [ RunTime:0.060870s ]
SQL: SELECT `id`,`name`,`content`,`create_time` FROM `xt_product` WHERE ( `status` = 0 )  [ RunTime:0.006308s ]
INFO: [ view_parse ] --START--
INFO: ParseTemplate Behavior ::run [ RunTime:0.037825s ]
INFO: [ view_parse ] --END-- [ RunTime:0.038025s ]
INFO: [ view_filter ] --START--
INFO: ContentReplace Behavior ::run [ RunTime:0.001121s ]
INFO: TokenBuild Behavior ::run [ RunTime:0.001149s ]
INFO: WriteHtmlCache Behavior ::run [ RunTime:0.000785s ]
INFO: ShowRuntime Behavior ::run [ RunTime:0.001007s ]
INFO: [ view_filter ] --END-- [ RunTime:0.004523s ]
INFO: [ view_end ] --START--
INFO: ShowPageTrace Behavior ::run [ RunTime:0.001007s ]
INFO: [ view_end ] --END-- [ RunTime:0.001111s ]

[ 2013-11-12T13:30:54+08:00 ] 192.168.1.102 /xingtuo/index.php?s=/News/index
INFO: [ route_check ] --START--
INFO: CheckRoute Behavior ::run [ RunTime:0.001187s ]
INFO: [ route_check ] --END-- [ RunTime:0.001346s ]
INFO: [ app_begin ] --START--
INFO: ReadHtmlCache Behavior ::run [ RunTime:0.000900s ]
INFO: [ app_begin ] --END-- [ RunTime:0.001018s ]
SQL: SHOW COLUMNS FROM `xt_news` [ RunTime:0.025692s ]
SQL: SELECT `id`,`name`,`create_time` FROM `xt_news` WHERE ( `status` = 0 )  [ RunTime:0.000417s ]
INFO: [ view_parse ] --START--
INFO: ParseTemplate Behavior ::run [ RunTime:0.028870s ]
INFO: [ view_parse ] --END-- [ RunTime:0.029058s ]
INFO: [ view_filter ] --START--
INFO: ContentReplace Behavior ::run [ RunTime:0.000845s ]
INFO: TokenBuild Behavior ::run [ RunTime:0.000698s ]
INFO: WriteHtmlCache Behavior ::run [ RunTime:0.000553s ]
INFO: ShowRuntime Behavior ::run [ RunTime:0.000829s ]
INFO: [ view_filter ] --END-- [ RunTime:0.003202s ]
INFO: [ view_end ] --START--
INFO: ShowPageTrace Behavior ::run [ RunTime:0.001006s ]
INFO: [ view_end ] --END-- [ RunTime:0.001092s ]

[ 2013-11-12T13:30:55+08:00 ] 192.168.1.102 /xingtuo/index.php?s=/Send/index
INFO: [ route_check ] --START--
INFO: CheckRoute Behavior ::run [ RunTime:0.001261s ]
INFO: [ route_check ] --END-- [ RunTime:0.001411s ]
INFO: [ app_begin ] --START--
INFO: ReadHtmlCache Behavior ::run [ RunTime:0.007790s ]
INFO: [ app_begin ] --END-- [ RunTime:0.008028s ]
INFO: [ view_parse ] --START--
INFO: ParseTemplate Behavior ::run [ RunTime:0.026970s ]
INFO: [ view_parse ] --END-- [ RunTime:0.027203s ]
INFO: [ view_filter ] --START--
INFO: ContentReplace Behavior ::run [ RunTime:0.000893s ]
INFO: TokenBuild Behavior ::run [ RunTime:0.000740s ]
INFO: WriteHtmlCache Behavior ::run [ RunTime:0.000587s ]
INFO: ShowRuntime Behavior ::run [ RunTime:0.000768s ]
INFO: [ view_filter ] --END-- [ RunTime:0.003274s ]
INFO: [ view_end ] --START--
INFO: ShowPageTrace Behavior ::run [ RunTime:0.000832s ]
INFO: [ view_end ] --END-- [ RunTime:0.000928s ]

[ 2013-11-12T13:31:26+08:00 ] 192.168.1.102 /xingtuo/index.php?s=/Send/index
INFO: [ route_check ] --START--
INFO: CheckRoute Behavior ::run [ RunTime:0.002283s ]
INFO: [ route_check ] --END-- [ RunTime:0.002533s ]
INFO: [ app_begin ] --START--
INFO: ReadHtmlCache Behavior ::run [ RunTime:0.001697s ]
INFO: [ app_begin ] --END-- [ RunTime:0.001940s ]
NOTIC: [2] stream_socket_client() [<a href='function.stream-socket-client'>function.stream-socket-client</a>]: unable to connect to tcp://192.168.1.102:5222 (”…”⁄ƒø±Íº∆À„ª˙ª˝º´æ‹æ¯£¨Œﬁ∑®¡¨Ω”°£
) C:\wamp\www\xingtuo\Home\Lib\Vendor\XMPPHP\XMLStream.php Á¨¨ 285 Ë°å.
NOTIC: [2] stream_socket_client() [<a href='function.stream-socket-client'>function.stream-socket-client</a>]: unable to connect to tcp://192.168.1.102:5222 (”…”⁄ƒø±Íº∆À„ª˙ª˝º´æ‹æ¯£¨Œﬁ∑®¡¨Ω”°£
) C:\wamp\www\xingtuo\Home\Lib\Vendor\XMPPHP\XMLStream.php Á¨¨ 285 Ë°å.
NOTIC: [2] stream_socket_client() [<a href='function.stream-socket-client'>function.stream-socket-client</a>]: unable to connect to tcp://192.168.1.102:5222 (”…”⁄ƒø±Íº∆À„ª˙ª˝º´æ‹æ¯£¨Œﬁ∑®¡¨Ω”°£
) C:\wamp\www\xingtuo\Home\Lib\Vendor\XMPPHP\XMLStream.php Á¨¨ 285 Ë°å.
NOTIC: [2] stream_socket_client() [<a href='function.stream-socket-client'>function.stream-socket-client</a>]: unable to connect to tcp://192.168.1.102:5222 (”…”⁄ƒø±Íº∆À„ª˙ª˝º´æ‹æ¯£¨Œﬁ∑®¡¨Ω”°£
) C:\wamp\www\xingtuo\Home\Lib\Vendor\XMPPHP\XMLStream.php Á¨¨ 285 Ë°å.
NOTIC: [2] stream_socket_client() [<a href='function.stream-socket-client'>function.stream-socket-client</a>]: unable to connect to tcp://192.168.1.102:5222 (”…”⁄ƒø±Íº∆À„ª˙ª˝º´æ‹æ¯£¨Œﬁ∑®¡¨Ω”°£
) C:\wamp\www\xingtuo\Home\Lib\Vendor\XMPPHP\XMLStream.php Á¨¨ 285 Ë°å.

[ 2013-11-12T13:31:27+08:00 ] 192.168.1.102 /xingtuo/index.php?s=/Product/index/
INFO: [ route_check ] --START--
INFO: CheckRoute Behavior ::run [ RunTime:0.001101s ]
INFO: [ route_check ] --END-- [ RunTime:0.001216s ]
INFO: [ app_begin ] --START--
INFO: ReadHtmlCache Behavior ::run [ RunTime:0.000907s ]
INFO: [ app_begin ] --END-- [ RunTime:0.001012s ]
SQL: SHOW COLUMNS FROM `xt_product` [ RunTime:0.002908s ]
SQL: SELECT `id`,`name`,`content`,`create_time` FROM `xt_product` WHERE ( `status` = 0 )  [ RunTime:0.000463s ]
INFO: [ view_parse ] --START--
INFO: ParseTemplate Behavior ::run [ RunTime:0.016826s ]
INFO: [ view_parse ] --END-- [ RunTime:0.017006s ]
INFO: [ view_filter ] --START--
INFO: ContentReplace Behavior ::run [ RunTime:0.001189s ]
INFO: TokenBuild Behavior ::run [ RunTime:0.001118s ]
INFO: WriteHtmlCache Behavior ::run [ RunTime:0.001261s ]
INFO: ShowRuntime Behavior ::run [ RunTime:0.001112s ]
INFO: [ view_filter ] --END-- [ RunTime:0.005084s ]
INFO: [ view_end ] --START--
INFO: ShowPageTrace Behavior ::run [ RunTime:0.001340s ]
INFO: [ view_end ] --END-- [ RunTime:0.001499s ]

[ 2013-11-12T13:31:27+08:00 ] 192.168.1.102 /xingtuo/index.php?s=/Product/index/
INFO: [ route_check ] --START--
INFO: CheckRoute Behavior ::run [ RunTime:0.001112s ]
INFO: [ route_check ] --END-- [ RunTime:0.001239s ]
INFO: [ app_begin ] --START--
INFO: ReadHtmlCache Behavior ::run [ RunTime:0.000869s ]
INFO: [ app_begin ] --END-- [ RunTime:0.000963s ]
SQL: SHOW COLUMNS FROM `xt_product` [ RunTime:0.003381s ]
SQL: SELECT `id`,`name`,`content`,`create_time` FROM `xt_product` WHERE ( `status` = 0 )  [ RunTime:0.000323s ]
INFO: [ view_parse ] --START--
INFO: ParseTemplate Behavior ::run [ RunTime:0.014090s ]
INFO: [ view_parse ] --END-- [ RunTime:0.014206s ]
INFO: [ view_filter ] --START--
INFO: ContentReplace Behavior ::run [ RunTime:0.000744s ]
INFO: TokenBuild Behavior ::run [ RunTime:0.000650s ]
INFO: WriteHtmlCache Behavior ::run [ RunTime:0.000544s ]
INFO: ShowRuntime Behavior ::run [ RunTime:0.000719s ]
INFO: [ view_filter ] --END-- [ RunTime:0.002883s ]
INFO: [ view_end ] --START--
INFO: ShowPageTrace Behavior ::run [ RunTime:0.000812s ]
INFO: [ view_end ] --END-- [ RunTime:0.000904s ]

[ 2013-11-12T13:31:27+08:00 ] 192.168.1.102 /xingtuo/index.php?s=/Product/index/
INFO: [ route_check ] --START--
INFO: CheckRoute Behavior ::run [ RunTime:0.001178s ]
INFO: [ route_check ] --END-- [ RunTime:0.001323s ]
INFO: [ app_begin ] --START--
INFO: ReadHtmlCache Behavior ::run [ RunTime:0.000888s ]
INFO: [ app_begin ] --END-- [ RunTime:0.001001s ]
SQL: SHOW COLUMNS FROM `xt_product` [ RunTime:0.002894s ]
SQL: SELECT `id`,`name`,`content`,`create_time` FROM `xt_product` WHERE ( `status` = 0 )  [ RunTime:0.000529s ]
INFO: [ view_parse ] --START--
INFO: ParseTemplate Behavior ::run [ RunTime:0.014390s ]
INFO: [ view_parse ] --END-- [ RunTime:0.014551s ]
INFO: [ view_filter ] --START--
INFO: ContentReplace Behavior ::run [ RunTime:0.000697s ]
INFO: TokenBuild Behavior ::run [ RunTime:0.000622s ]
INFO: WriteHtmlCache Behavior ::run [ RunTime:0.000527s ]
INFO: ShowRuntime Behavior ::run [ RunTime:0.000709s ]
INFO: [ view_filter ] --END-- [ RunTime:0.002783s ]
INFO: [ view_end ] --START--
INFO: ShowPageTrace Behavior ::run [ RunTime:0.000784s ]
INFO: [ view_end ] --END-- [ RunTime:0.000872s ]

[ 2013-11-12T13:48:05+08:00 ] 192.168.1.102 /xingtuo/index.php?s=/Message/index/
INFO: [ route_check ] --START--
INFO: CheckRoute Behavior ::run [ RunTime:0.001391s ]
INFO: [ route_check ] --END-- [ RunTime:0.001547s ]
INFO: [ app_begin ] --START--
INFO: ReadHtmlCache Behavior ::run [ RunTime:0.001105s ]
INFO: [ app_begin ] --END-- [ RunTime:0.001233s ]
SQL: SHOW COLUMNS FROM `xt_question` [ RunTime:0.005491s ]
SQL: SELECT `id`,`user_id`,`content`,`time`,`is_reply` FROM `xt_question` WHERE ( `status` = 0 ) ORDER BY id DESC  [ RunTime:0.000518s ]
INFO: [ view_parse ] --START--
INFO: ParseTemplate Behavior ::run [ RunTime:0.017560s ]
INFO: [ view_parse ] --END-- [ RunTime:0.017779s ]
INFO: [ view_filter ] --START--
INFO: ContentReplace Behavior ::run [ RunTime:0.001271s ]
INFO: TokenBuild Behavior ::run [ RunTime:0.000998s ]
INFO: WriteHtmlCache Behavior ::run [ RunTime:0.000909s ]
INFO: ShowRuntime Behavior ::run [ RunTime:0.001118s ]
INFO: [ view_filter ] --END-- [ RunTime:0.004665s ]
INFO: [ view_end ] --START--
INFO: ShowPageTrace Behavior ::run [ RunTime:0.001172s ]
INFO: [ view_end ] --END-- [ RunTime:0.001273s ]

[ 2013-11-12T13:48:06+08:00 ] 192.168.1.102 /xingtuo/index.php?s=/User/user_list/type/2
INFO: [ route_check ] --START--
INFO: CheckRoute Behavior ::run [ RunTime:0.001245s ]
INFO: [ route_check ] --END-- [ RunTime:0.001425s ]
INFO: [ app_begin ] --START--
INFO: ReadHtmlCache Behavior ::run [ RunTime:0.000818s ]
INFO: [ app_begin ] --END-- [ RunTime:0.000922s ]
SQL: SHOW COLUMNS FROM `xt_users` [ RunTime:0.005949s ]
NOTIC: Âª∫ËÆÆ‰ΩøÁî®IÊñπÊ≥ïÊõø‰ª£_get
SQL: SELECT u.id,u.account,u.name,f.file_address,u.last_login_time,u.last_login_ip,u.login_count,u.type,i.age,i.sex,i.identity,i.email,i.province,i.city,i.street,i.interest,i.purchase,i.remarks FROM xt_users AS u LEFT JOIN xt_user_info AS i ON u.id = i.user_id LEFT JOIN xt_file AS f ON f.id = i.file_id WHERE ( u.type = '2' ) AND ( u.status = 0 )  [ RunTime:0.183410s ]
INFO: [ view_parse ] --START--
INFO: ParseTemplate Behavior ::run [ RunTime:0.049452s ]
INFO: [ view_parse ] --END-- [ RunTime:0.049719s ]
INFO: [ view_filter ] --START--
INFO: ContentReplace Behavior ::run [ RunTime:0.001791s ]
INFO: TokenBuild Behavior ::run [ RunTime:0.001536s ]
INFO: WriteHtmlCache Behavior ::run [ RunTime:0.001258s ]
INFO: ShowRuntime Behavior ::run [ RunTime:0.001582s ]
INFO: [ view_filter ] --END-- [ RunTime:0.006764s ]
INFO: [ view_end ] --START--
INFO: ShowPageTrace Behavior ::run [ RunTime:0.001653s ]
INFO: [ view_end ] --END-- [ RunTime:0.001842s ]

[ 2013-11-12T13:48:07+08:00 ] 192.168.1.102 /xingtuo/index.php?s=/Message/index/
INFO: [ route_check ] --START--
INFO: CheckRoute Behavior ::run [ RunTime:0.001412s ]
INFO: [ route_check ] --END-- [ RunTime:0.001580s ]
INFO: [ app_begin ] --START--
INFO: ReadHtmlCache Behavior ::run [ RunTime:0.001372s ]
INFO: [ app_begin ] --END-- [ RunTime:0.001545s ]
SQL: SHOW COLUMNS FROM `xt_question` [ RunTime:0.004276s ]
SQL: SELECT `id`,`user_id`,`content`,`time`,`is_reply` FROM `xt_question` WHERE ( `status` = 0 ) ORDER BY id DESC  [ RunTime:0.000366s ]
INFO: [ view_parse ] --START--
INFO: ParseTemplate Behavior ::run [ RunTime:0.015001s ]
INFO: [ view_parse ] --END-- [ RunTime:0.015148s ]
INFO: [ view_filter ] --START--
INFO: ContentReplace Behavior ::run [ RunTime:0.000795s ]
INFO: TokenBuild Behavior ::run [ RunTime:0.000645s ]
INFO: WriteHtmlCache Behavior ::run [ RunTime:0.000540s ]
INFO: ShowRuntime Behavior ::run [ RunTime:0.000739s ]
INFO: [ view_filter ] --END-- [ RunTime:0.003018s ]
INFO: [ view_end ] --START--
INFO: ShowPageTrace Behavior ::run [ RunTime:0.000798s ]
INFO: [ view_end ] --END-- [ RunTime:0.000882s ]

[ 2013-11-12T13:48:08+08:00 ] 192.168.1.102 /xingtuo/index.php?s=/User/user_list/
INFO: [ route_check ] --START--
INFO: CheckRoute Behavior ::run [ RunTime:0.001368s ]
INFO: [ route_check ] --END-- [ RunTime:0.001595s ]
INFO: [ app_begin ] --START--
INFO: ReadHtmlCache Behavior ::run [ RunTime:0.000878s ]
INFO: [ app_begin ] --END-- [ RunTime:0.000983s ]
SQL: SHOW COLUMNS FROM `xt_users` [ RunTime:0.005146s ]
NOTIC: Âª∫ËÆÆ‰ΩøÁî®IÊñπÊ≥ïÊõø‰ª£_get
SQL: SELECT u.id,u.account,u.name,f.file_address,u.last_login_time,u.last_login_ip,u.login_count,u.type,i.age,i.sex,i.identity,i.email,i.province,i.city,i.street,i.interest,i.purchase,i.remarks FROM xt_users AS u LEFT JOIN xt_user_info AS i ON u.id = i.user_id LEFT JOIN xt_file AS f ON f.id = i.file_id WHERE ( u.status = 0 )  [ RunTime:0.000916s ]
INFO: [ view_parse ] --START--
INFO: ParseTemplate Behavior ::run [ RunTime:0.020307s ]
INFO: [ view_parse ] --END-- [ RunTime:0.020436s ]
INFO: [ view_filter ] --START--
INFO: ContentReplace Behavior ::run [ RunTime:0.000925s ]
INFO: TokenBuild Behavior ::run [ RunTime:0.000749s ]
INFO: WriteHtmlCache Behavior ::run [ RunTime:0.000712s ]
INFO: ShowRuntime Behavior ::run [ RunTime:0.000853s ]
INFO: [ view_filter ] --END-- [ RunTime:0.003544s ]
INFO: [ view_end ] --START--
INFO: ShowPageTrace Behavior ::run [ RunTime:0.001372s ]
INFO: [ view_end ] --END-- [ RunTime:0.001508s ]

[ 2013-11-12T14:12:40+08:00 ] 192.168.1.102 /xingtuo/index.php?s=/User/user_list/
INFO: [ route_check ] --START--
INFO: CheckRoute Behavior ::run [ RunTime:0.001168s ]
INFO: [ route_check ] --END-- [ RunTime:0.001279s ]
INFO: [ app_begin ] --START--
INFO: ReadHtmlCache Behavior ::run [ RunTime:0.000940s ]
INFO: [ app_begin ] --END-- [ RunTime:0.001033s ]
SQL: SHOW COLUMNS FROM `xt_users` [ RunTime:0.005244s ]
NOTIC: Âª∫ËÆÆ‰ΩøÁî®IÊñπÊ≥ïÊõø‰ª£_get
SQL: SELECT u.id,u.account,u.name,f.file_address,u.last_login_time,u.last_login_ip,u.login_count,u.type,i.age,i.sex,i.identity,i.email,i.province,i.city,i.street,i.interest,i.purchase,i.remarks FROM xt_users AS u LEFT JOIN xt_user_info AS i ON u.id = i.user_id LEFT JOIN xt_file AS f ON f.id = i.file_id WHERE ( u.status = 0 )  [ RunTime:0.002097s ]
INFO: [ view_parse ] --START--
INFO: ParseTemplate Behavior ::run [ RunTime:0.016635s ]
INFO: [ view_parse ] --END-- [ RunTime:0.016803s ]
INFO: [ view_filter ] --START--
INFO: ContentReplace Behavior ::run [ RunTime:0.001251s ]
INFO: TokenBuild Behavior ::run [ RunTime:0.000848s ]
INFO: WriteHtmlCache Behavior ::run [ RunTime:0.000689s ]
INFO: ShowRuntime Behavior ::run [ RunTime:0.000873s ]
INFO: [ view_filter ] --END-- [ RunTime:0.003913s ]
INFO: [ view_end ] --START--
INFO: ShowPageTrace Behavior ::run [ RunTime:0.001156s ]
INFO: [ view_end ] --END-- [ RunTime:0.001276s ]

[ 2013-11-12T14:12:43+08:00 ] 192.168.1.102 /xingtuo/index.php?s=/User/user_add/type/user
INFO: [ route_check ] --START--
INFO: CheckRoute Behavior ::run [ RunTime:0.001110s ]
INFO: [ route_check ] --END-- [ RunTime:0.001242s ]
INFO: [ app_begin ] --START--
INFO: ReadHtmlCache Behavior ::run [ RunTime:0.000888s ]
INFO: [ app_begin ] --END-- [ RunTime:0.001047s ]
NOTIC: Âª∫ËÆÆ‰ΩøÁî®IÊñπÊ≥ïÊõø‰ª£_get
INFO: [ view_parse ] --START--
INFO: ParseTemplate Behavior ::run [ RunTime:0.037533s ]
INFO: [ view_parse ] --END-- [ RunTime:0.037716s ]
INFO: [ view_filter ] --START--
INFO: ContentReplace Behavior ::run [ RunTime:0.000953s ]
INFO: TokenBuild Behavior ::run [ RunTime:0.000753s ]
INFO: WriteHtmlCache Behavior ::run [ RunTime:0.000674s ]
INFO: ShowRuntime Behavior ::run [ RunTime:0.001023s ]
INFO: [ view_filter ] --END-- [ RunTime:0.003726s ]
INFO: [ view_end ] --START--
INFO: ShowPageTrace Behavior ::run [ RunTime:0.000917s ]
INFO: [ view_end ] --END-- [ RunTime:0.001016s ]

[ 2013-11-12T14:12:56+08:00 ] 192.168.1.102 /xingtuo/index.php?s=/User/user_list/
INFO: [ route_check ] --START--
INFO: CheckRoute Behavior ::run [ RunTime:0.001107s ]
INFO: [ route_check ] --END-- [ RunTime:0.001259s ]
INFO: [ app_begin ] --START--
INFO: ReadHtmlCache Behavior ::run [ RunTime:0.001263s ]
INFO: [ app_begin ] --END-- [ RunTime:0.001401s ]
SQL: SHOW COLUMNS FROM `xt_users` [ RunTime:0.016757s ]
NOTIC: Âª∫ËÆÆ‰ΩøÁî®IÊñπÊ≥ïÊõø‰ª£_get
SQL: SELECT u.id,u.account,u.name,f.file_address,u.last_login_time,u.last_login_ip,u.login_count,u.type,i.age,i.sex,i.identity,i.email,i.province,i.city,i.street,i.interest,i.purchase,i.remarks FROM xt_users AS u LEFT JOIN xt_user_info AS i ON u.id = i.user_id LEFT JOIN xt_file AS f ON f.id = i.file_id WHERE ( u.status = 0 )  [ RunTime:0.000538s ]
INFO: [ view_parse ] --START--
INFO: ParseTemplate Behavior ::run [ RunTime:0.016102s ]
INFO: [ view_parse ] --END-- [ RunTime:0.016219s ]
INFO: [ view_filter ] --START--
INFO: ContentReplace Behavior ::run [ RunTime:0.000866s ]
INFO: TokenBuild Behavior ::run [ RunTime:0.000650s ]
INFO: WriteHtmlCache Behavior ::run [ RunTime:0.000540s ]
INFO: ShowRuntime Behavior ::run [ RunTime:0.000765s ]
INFO: [ view_filter ] --END-- [ RunTime:0.003060s ]
INFO: [ view_end ] --START--
INFO: ShowPageTrace Behavior ::run [ RunTime:0.000852s ]
INFO: [ view_end ] --END-- [ RunTime:0.000938s ]

[ 2013-11-12T14:12:57+08:00 ] 192.168.1.102 /xingtuo/index.php?s=/User/user_edit/id/1
INFO: [ route_check ] --START--
INFO: CheckRoute Behavior ::run [ RunTime:0.001312s ]
INFO: [ route_check ] --END-- [ RunTime:0.001455s ]
INFO: [ app_begin ] --START--
INFO: ReadHtmlCache Behavior ::run [ RunTime:0.000799s ]
INFO: [ app_begin ] --END-- [ RunTime:0.000894s ]
NOTIC: Âª∫ËÆÆ‰ΩøÁî®IÊñπÊ≥ïÊõø‰ª£_get
SQL: SHOW COLUMNS FROM `xt_users` [ RunTime:0.003673s ]
SQL: SHOW COLUMNS FROM `xt_user_info` [ RunTime:0.006359s ]
SQL: SELECT u.id,u.account,u.name,f.file_address,u.last_login_time,u.last_login_ip,u.login_count,u.type,i.age,i.sex,i.identity,i.email,i.province,i.city,i.street,i.interest,i.purchase,i.remarks FROM xt_users AS u LEFT JOIN xt_user_info AS i ON u.id = i.user_id LEFT JOIN xt_file AS f ON f.id = i.file_id WHERE ( u.status = 0 ) AND ( u.id = '1' )  [ RunTime:0.016513s ]
INFO: [ view_parse ] --START--
NOTIC: [8] Undefined variable: checked2 C:\wamp\www\xingtuo\Home\Runtime\Cache\df417380eade7da9dd6e6179dc90a298.php Á¨¨ 197 Ë°å.
INFO: ParseTemplate Behavior ::run [ RunTime:0.049243s ]
INFO: [ view_parse ] --END-- [ RunTime:0.049472s ]
INFO: [ view_filter ] --START--
INFO: ContentReplace Behavior ::run [ RunTime:0.001366s ]
INFO: TokenBuild Behavior ::run [ RunTime:0.000957s ]
INFO: WriteHtmlCache Behavior ::run [ RunTime:0.000740s ]
INFO: ShowRuntime Behavior ::run [ RunTime:0.000755s ]
INFO: [ view_filter ] --END-- [ RunTime:0.004153s ]
INFO: [ view_end ] --START--
INFO: ShowPageTrace Behavior ::run [ RunTime:0.000866s ]
INFO: [ view_end ] --END-- [ RunTime:0.000979s ]

[ 2013-11-12T14:12:59+08:00 ] 192.168.1.102 /xingtuo/index.php?s=/User/user_add/type/user
INFO: [ route_check ] --START--
INFO: CheckRoute Behavior ::run [ RunTime:0.001099s ]
INFO: [ route_check ] --END-- [ RunTime:0.001243s ]
INFO: [ app_begin ] --START--
INFO: ReadHtmlCache Behavior ::run [ RunTime:0.000975s ]
INFO: [ app_begin ] --END-- [ RunTime:0.001099s ]
NOTIC: Âª∫ËÆÆ‰ΩøÁî®IÊñπÊ≥ïÊõø‰ª£_get
INFO: [ view_parse ] --START--
INFO: ParseTemplate Behavior ::run [ RunTime:0.019307s ]
INFO: [ view_parse ] --END-- [ RunTime:0.019531s ]
INFO: [ view_filter ] --START--
INFO: ContentReplace Behavior ::run [ RunTime:0.001257s ]
INFO: TokenBuild Behavior ::run [ RunTime:0.000761s ]
INFO: WriteHtmlCache Behavior ::run [ RunTime:0.000586s ]
INFO: ShowRuntime Behavior ::run [ RunTime:0.000743s ]
INFO: [ view_filter ] --END-- [ RunTime:0.003668s ]
INFO: [ view_end ] --START--
INFO: ShowPageTrace Behavior ::run [ RunTime:0.000798s ]
INFO: [ view_end ] --END-- [ RunTime:0.000877s ]

[ 2013-11-12T14:13:08+08:00 ] 192.168.1.102 /xingtuo/index.php?s=/User/user_add/type/user
INFO: [ route_check ] --START--
INFO: CheckRoute Behavior ::run [ RunTime:0.002217s ]
INFO: [ route_check ] --END-- [ RunTime:0.002491s ]
INFO: [ app_begin ] --START--
INFO: ReadHtmlCache Behavior ::run [ RunTime:0.001039s ]
INFO: [ app_begin ] --END-- [ RunTime:0.001149s ]
NOTIC: Âª∫ËÆÆ‰ΩøÁî®IÊñπÊ≥ïÊõø‰ª£_get
INFO: [ view_parse ] --START--
INFO: ParseTemplate Behavior ::run [ RunTime:0.014782s ]
INFO: [ view_parse ] --END-- [ RunTime:0.014919s ]
INFO: [ view_filter ] --START--
INFO: ContentReplace Behavior ::run [ RunTime:0.000698s ]
INFO: TokenBuild Behavior ::run [ RunTime:0.000684s ]
INFO: WriteHtmlCache Behavior ::run [ RunTime:0.000568s ]
INFO: ShowRuntime Behavior ::run [ RunTime:0.000742s ]
INFO: [ view_filter ] --END-- [ RunTime:0.002948s ]
INFO: [ view_end ] --START--
INFO: ShowPageTrace Behavior ::run [ RunTime:0.000805s ]
INFO: [ view_end ] --END-- [ RunTime:0.000887s ]

[ 2013-11-12T14:13:11+08:00 ] 192.168.1.102 /xingtuo/index.php?s=/User/user_add/type/user
INFO: [ route_check ] --START--
INFO: CheckRoute Behavior ::run [ RunTime:0.001527s ]
INFO: [ route_check ] --END-- [ RunTime:0.001710s ]
INFO: [ app_begin ] --START--
INFO: ReadHtmlCache Behavior ::run [ RunTime:0.001408s ]
INFO: [ app_begin ] --END-- [ RunTime:0.001565s ]
NOTIC: Âª∫ËÆÆ‰ΩøÁî®IÊñπÊ≥ïÊõø‰ª£_get
INFO: [ view_parse ] --START--
INFO: ParseTemplate Behavior ::run [ RunTime:0.012792s ]
INFO: [ view_parse ] --END-- [ RunTime:0.012915s ]
INFO: [ view_filter ] --START--
INFO: ContentReplace Behavior ::run [ RunTime:0.000788s ]
INFO: TokenBuild Behavior ::run [ RunTime:0.000710s ]
INFO: WriteHtmlCache Behavior ::run [ RunTime:0.000543s ]
INFO: ShowRuntime Behavior ::run [ RunTime:0.000806s ]
INFO: [ view_filter ] --END-- [ RunTime:0.003130s ]
INFO: [ view_end ] --START--
INFO: ShowPageTrace Behavior ::run [ RunTime:0.000770s ]
INFO: [ view_end ] --END-- [ RunTime:0.000850s ]

[ 2013-11-12T14:13:16+08:00 ] 192.168.1.102 /xingtuo/index.php?s=/User/user_list/
INFO: [ route_check ] --START--
INFO: CheckRoute Behavior ::run [ RunTime:0.000983s ]
INFO: [ route_check ] --END-- [ RunTime:0.001094s ]
INFO: [ app_begin ] --START--
INFO: ReadHtmlCache Behavior ::run [ RunTime:0.000780s ]
INFO: [ app_begin ] --END-- [ RunTime:0.000868s ]
SQL: SHOW COLUMNS FROM `xt_users` [ RunTime:0.003320s ]
NOTIC: Âª∫ËÆÆ‰ΩøÁî®IÊñπÊ≥ïÊõø‰ª£_get
SQL: SELECT u.id,u.account,u.name,f.file_address,u.last_login_time,u.last_login_ip,u.login_count,u.type,i.age,i.sex,i.identity,i.email,i.province,i.city,i.street,i.interest,i.purchase,i.remarks FROM xt_users AS u LEFT JOIN xt_user_info AS i ON u.id = i.user_id LEFT JOIN xt_file AS f ON f.id = i.file_id WHERE ( u.status = 0 )  [ RunTime:0.000462s ]
INFO: [ view_parse ] --START--
INFO: ParseTemplate Behavior ::run [ RunTime:0.016787s ]
INFO: [ view_parse ] --END-- [ RunTime:0.016906s ]
INFO: [ view_filter ] --START--
INFO: ContentReplace Behavior ::run [ RunTime:0.000785s ]
INFO: TokenBuild Behavior ::run [ RunTime:0.000839s ]
INFO: WriteHtmlCache Behavior ::run [ RunTime:0.000822s ]
INFO: ShowRuntime Behavior ::run [ RunTime:0.000914s ]
INFO: [ view_filter ] --END-- [ RunTime:0.003688s ]
INFO: [ view_end ] --START--
INFO: ShowPageTrace Behavior ::run [ RunTime:0.001302s ]
INFO: [ view_end ] --END-- [ RunTime:0.001446s ]

[ 2013-11-12T14:13:17+08:00 ] 192.168.1.102 /xingtuo/index.php?s=/User/user_add/type/user
INFO: [ route_check ] --START--
INFO: CheckRoute Behavior ::run [ RunTime:0.002071s ]
INFO: [ route_check ] --END-- [ RunTime:0.002296s ]
INFO: [ app_begin ] --START--
INFO: ReadHtmlCache Behavior ::run [ RunTime:0.001073s ]
INFO: [ app_begin ] --END-- [ RunTime:0.001226s ]
NOTIC: Âª∫ËÆÆ‰ΩøÁî®IÊñπÊ≥ïÊõø‰ª£_get
INFO: [ view_parse ] --START--
INFO: ParseTemplate Behavior ::run [ RunTime:0.017062s ]
INFO: [ view_parse ] --END-- [ RunTime:0.017321s ]
INFO: [ view_filter ] --START--
INFO: ContentReplace Behavior ::run [ RunTime:0.001178s ]
INFO: TokenBuild Behavior ::run [ RunTime:0.000943s ]
INFO: WriteHtmlCache Behavior ::run [ RunTime:0.000639s ]
INFO: ShowRuntime Behavior ::run [ RunTime:0.000753s ]
INFO: [ view_filter ] --END-- [ RunTime:0.003855s ]
INFO: [ view_end ] --START--
INFO: ShowPageTrace Behavior ::run [ RunTime:0.000773s ]
INFO: [ view_end ] --END-- [ RunTime:0.000868s ]

[ 2013-11-12T14:13:18+08:00 ] 192.168.1.102 /xingtuo/index.php?s=/User/user_list/type/2
INFO: [ route_check ] --START--
INFO: CheckRoute Behavior ::run [ RunTime:0.000977s ]
INFO: [ route_check ] --END-- [ RunTime:0.001083s ]
INFO: [ app_begin ] --START--
INFO: ReadHtmlCache Behavior ::run [ RunTime:0.000775s ]
INFO: [ app_begin ] --END-- [ RunTime:0.000866s ]
SQL: SHOW COLUMNS FROM `xt_users` [ RunTime:0.006285s ]
NOTIC: Âª∫ËÆÆ‰ΩøÁî®IÊñπÊ≥ïÊõø‰ª£_get
SQL: SELECT u.id,u.account,u.name,f.file_address,u.last_login_time,u.last_login_ip,u.login_count,u.type,i.age,i.sex,i.identity,i.email,i.province,i.city,i.street,i.interest,i.purchase,i.remarks FROM xt_users AS u LEFT JOIN xt_user_info AS i ON u.id = i.user_id LEFT JOIN xt_file AS f ON f.id = i.file_id WHERE ( u.type = '2' ) AND ( u.status = 0 )  [ RunTime:0.001665s ]
INFO: [ view_parse ] --START--
INFO: ParseTemplate Behavior ::run [ RunTime:0.027831s ]
INFO: [ view_parse ] --END-- [ RunTime:0.028048s ]
INFO: [ view_filter ] --START--
INFO: ContentReplace Behavior ::run [ RunTime:0.001181s ]
INFO: TokenBuild Behavior ::run [ RunTime:0.001099s ]
INFO: WriteHtmlCache Behavior ::run [ RunTime:0.001088s ]
INFO: ShowRuntime Behavior ::run [ RunTime:0.001522s ]
INFO: [ view_filter ] --END-- [ RunTime:0.005369s ]
INFO: [ view_end ] --START--
INFO: ShowPageTrace Behavior ::run [ RunTime:0.001599s ]
INFO: [ view_end ] --END-- [ RunTime:0.001887s ]

[ 2013-11-12T14:13:19+08:00 ] 192.168.1.102 /xingtuo/index.php?s=/Message/index/
INFO: [ route_check ] --START--
INFO: CheckRoute Behavior ::run [ RunTime:0.001219s ]
INFO: [ route_check ] --END-- [ RunTime:0.001384s ]
INFO: [ app_begin ] --START--
INFO: ReadHtmlCache Behavior ::run [ RunTime:0.001179s ]
INFO: [ app_begin ] --END-- [ RunTime:0.001335s ]
SQL: SHOW COLUMNS FROM `xt_question` [ RunTime:0.004243s ]
SQL: SELECT `id`,`user_id`,`content`,`time`,`is_reply` FROM `xt_question` WHERE ( `status` = 0 ) ORDER BY id DESC  [ RunTime:0.000466s ]
INFO: [ view_parse ] --START--
INFO: ParseTemplate Behavior ::run [ RunTime:0.013768s ]
INFO: [ view_parse ] --END-- [ RunTime:0.013892s ]
INFO: [ view_filter ] --START--
INFO: ContentReplace Behavior ::run [ RunTime:0.000735s ]
INFO: TokenBuild Behavior ::run [ RunTime:0.000723s ]
INFO: WriteHtmlCache Behavior ::run [ RunTime:0.000584s ]
INFO: ShowRuntime Behavior ::run [ RunTime:0.000731s ]
INFO: [ view_filter ] --END-- [ RunTime:0.003034s ]
INFO: [ view_end ] --START--
INFO: ShowPageTrace Behavior ::run [ RunTime:0.001245s ]
INFO: [ view_end ] --END-- [ RunTime:0.001409s ]

[ 2013-11-12T14:13:20+08:00 ] 192.168.1.102 /xingtuo/index.php?s=/News/index
INFO: [ route_check ] --START--
INFO: CheckRoute Behavior ::run [ RunTime:0.001079s ]
INFO: [ route_check ] --END-- [ RunTime:0.001200s ]
INFO: [ app_begin ] --START--
INFO: ReadHtmlCache Behavior ::run [ RunTime:0.000884s ]
INFO: [ app_begin ] --END-- [ RunTime:0.001015s ]
SQL: SHOW COLUMNS FROM `xt_news` [ RunTime:0.014453s ]
SQL: SELECT `id`,`name`,`create_time` FROM `xt_news` WHERE ( `status` = 0 )  [ RunTime:0.000305s ]
INFO: [ view_parse ] --START--
INFO: ParseTemplate Behavior ::run [ RunTime:0.015006s ]
INFO: [ view_parse ] --END-- [ RunTime:0.015148s ]
INFO: [ view_filter ] --START--
INFO: ContentReplace Behavior ::run [ RunTime:0.000970s ]
INFO: TokenBuild Behavior ::run [ RunTime:0.000657s ]
INFO: WriteHtmlCache Behavior ::run [ RunTime:0.000544s ]
INFO: ShowRuntime Behavior ::run [ RunTime:0.000697s ]
INFO: [ view_filter ] --END-- [ RunTime:0.003144s ]
INFO: [ view_end ] --START--
INFO: ShowPageTrace Behavior ::run [ RunTime:0.000825s ]
INFO: [ view_end ] --END-- [ RunTime:0.000906s ]

[ 2013-11-12T14:13:20+08:00 ] 192.168.1.102 /xingtuo/index.php?s=/Product/index/
INFO: [ route_check ] --START--
INFO: CheckRoute Behavior ::run [ RunTime:0.001271s ]
INFO: [ route_check ] --END-- [ RunTime:0.001459s ]
INFO: [ app_begin ] --START--
INFO: ReadHtmlCache Behavior ::run [ RunTime:0.002320s ]
INFO: [ app_begin ] --END-- [ RunTime:0.002509s ]
SQL: SHOW COLUMNS FROM `xt_product` [ RunTime:0.008525s ]
SQL: SELECT `id`,`name`,`content`,`create_time` FROM `xt_product` WHERE ( `status` = 0 )  [ RunTime:0.000719s ]
INFO: [ view_parse ] --START--
INFO: ParseTemplate Behavior ::run [ RunTime:0.019782s ]
INFO: [ view_parse ] --END-- [ RunTime:0.019972s ]
INFO: [ view_filter ] --START--
INFO: ContentReplace Behavior ::run [ RunTime:0.000713s ]
INFO: TokenBuild Behavior ::run [ RunTime:0.000619s ]
INFO: WriteHtmlCache Behavior ::run [ RunTime:0.000622s ]
INFO: ShowRuntime Behavior ::run [ RunTime:0.001026s ]
INFO: [ view_filter ] --END-- [ RunTime:0.003352s ]
INFO: [ view_end ] --START--
INFO: ShowPageTrace Behavior ::run [ RunTime:0.001432s ]
INFO: [ view_end ] --END-- [ RunTime:0.001609s ]

[ 2013-11-12T14:13:21+08:00 ] 192.168.1.102 /xingtuo/index.php?s=/News/index
INFO: [ route_check ] --START--
INFO: CheckRoute Behavior ::run [ RunTime:0.002069s ]
INFO: [ route_check ] --END-- [ RunTime:0.003799s ]
INFO: [ app_begin ] --START--
INFO: ReadHtmlCache Behavior ::run [ RunTime:0.001169s ]
INFO: [ app_begin ] --END-- [ RunTime:0.001338s ]
SQL: SHOW COLUMNS FROM `xt_news` [ RunTime:0.003196s ]
SQL: SELECT `id`,`name`,`create_time` FROM `xt_news` WHERE ( `status` = 0 )  [ RunTime:0.000244s ]
INFO: [ view_parse ] --START--
INFO: ParseTemplate Behavior ::run [ RunTime:0.013052s ]
INFO: [ view_parse ] --END-- [ RunTime:0.013188s ]
INFO: [ view_filter ] --START--
INFO: ContentReplace Behavior ::run [ RunTime:0.000654s ]
INFO: TokenBuild Behavior ::run [ RunTime:0.000586s ]
INFO: WriteHtmlCache Behavior ::run [ RunTime:0.000484s ]
INFO: ShowRuntime Behavior ::run [ RunTime:0.000624s ]
INFO: [ view_filter ] --END-- [ RunTime:0.002590s ]
INFO: [ view_end ] --START--
INFO: ShowPageTrace Behavior ::run [ RunTime:0.001146s ]
INFO: [ view_end ] --END-- [ RunTime:0.001315s ]

[ 2013-11-12T14:13:21+08:00 ] 192.168.1.102 /xingtuo/index.php?s=/News/index
INFO: [ route_check ] --START--
INFO: CheckRoute Behavior ::run [ RunTime:0.001223s ]
INFO: [ route_check ] --END-- [ RunTime:0.001350s ]
INFO: [ app_begin ] --START--
INFO: ReadHtmlCache Behavior ::run [ RunTime:0.000799s ]
INFO: [ app_begin ] --END-- [ RunTime:0.000886s ]
SQL: SHOW COLUMNS FROM `xt_news` [ RunTime:0.005238s ]
SQL: SELECT `id`,`name`,`create_time` FROM `xt_news` WHERE ( `status` = 0 )  [ RunTime:0.000368s ]
INFO: [ view_parse ] --START--
INFO: ParseTemplate Behavior ::run [ RunTime:0.014958s ]
INFO: [ view_parse ] --END-- [ RunTime:0.015113s ]
INFO: [ view_filter ] --START--
INFO: ContentReplace Behavior ::run [ RunTime:0.000750s ]
INFO: TokenBuild Behavior ::run [ RunTime:0.000681s ]
INFO: WriteHtmlCache Behavior ::run [ RunTime:0.000577s ]
INFO: ShowRuntime Behavior ::run [ RunTime:0.000731s ]
INFO: [ view_filter ] --END-- [ RunTime:0.002984s ]
INFO: [ view_end ] --START--
INFO: ShowPageTrace Behavior ::run [ RunTime:0.000807s ]
INFO: [ view_end ] --END-- [ RunTime:0.000889s ]

[ 2013-11-12T14:13:22+08:00 ] 192.168.1.102 /xingtuo/index.php?s=/Send/index
INFO: [ route_check ] --START--
INFO: CheckRoute Behavior ::run [ RunTime:0.001668s ]
INFO: [ route_check ] --END-- [ RunTime:0.001896s ]
INFO: [ app_begin ] --START--
INFO: ReadHtmlCache Behavior ::run [ RunTime:0.000960s ]
INFO: [ app_begin ] --END-- [ RunTime:0.001073s ]
INFO: [ view_parse ] --START--
INFO: ParseTemplate Behavior ::run [ RunTime:0.011880s ]
INFO: [ view_parse ] --END-- [ RunTime:0.012041s ]
INFO: [ view_filter ] --START--
INFO: ContentReplace Behavior ::run [ RunTime:0.000763s ]
INFO: TokenBuild Behavior ::run [ RunTime:0.000696s ]
INFO: WriteHtmlCache Behavior ::run [ RunTime:0.000558s ]
INFO: ShowRuntime Behavior ::run [ RunTime:0.001027s ]
INFO: [ view_filter ] --END-- [ RunTime:0.003310s ]
INFO: [ view_end ] --START--
INFO: ShowPageTrace Behavior ::run [ RunTime:0.001012s ]
INFO: [ view_end ] --END-- [ RunTime:0.001111s ]

[ 2013-11-12T14:13:25+08:00 ] 192.168.1.102 /xingtuo/index.php?s=/User/user_list/type/2
INFO: [ route_check ] --START--
INFO: CheckRoute Behavior ::run [ RunTime:0.001304s ]
INFO: [ route_check ] --END-- [ RunTime:0.001478s ]
INFO: [ app_begin ] --START--
INFO: ReadHtmlCache Behavior ::run [ RunTime:0.001193s ]
INFO: [ app_begin ] --END-- [ RunTime:0.001321s ]
SQL: SHOW COLUMNS FROM `xt_users` [ RunTime:0.004397s ]
NOTIC: Âª∫ËÆÆ‰ΩøÁî®IÊñπÊ≥ïÊõø‰ª£_get
SQL: SELECT u.id,u.account,u.name,f.file_address,u.last_login_time,u.last_login_ip,u.login_count,u.type,i.age,i.sex,i.identity,i.email,i.province,i.city,i.street,i.interest,i.purchase,i.remarks FROM xt_users AS u LEFT JOIN xt_user_info AS i ON u.id = i.user_id LEFT JOIN xt_file AS f ON f.id = i.file_id WHERE ( u.type = '2' ) AND ( u.status = 0 )  [ RunTime:0.000505s ]
INFO: [ view_parse ] --START--
INFO: ParseTemplate Behavior ::run [ RunTime:0.018379s ]
INFO: [ view_parse ] --END-- [ RunTime:0.018549s ]
INFO: [ view_filter ] --START--
INFO: ContentReplace Behavior ::run [ RunTime:0.001088s ]
INFO: TokenBuild Behavior ::run [ RunTime:0.001040s ]
INFO: WriteHtmlCache Behavior ::run [ RunTime:0.000889s ]
INFO: ShowRuntime Behavior ::run [ RunTime:0.001060s ]
INFO: [ view_filter ] --END-- [ RunTime:0.004498s ]
INFO: [ view_end ] --START--
INFO: ShowPageTrace Behavior ::run [ RunTime:0.001465s ]
INFO: [ view_end ] --END-- [ RunTime:0.001591s ]

[ 2013-11-12T14:13:26+08:00 ] 192.168.1.102 /xingtuo/index.php?s=/User/user_list/
INFO: [ route_check ] --START--
INFO: CheckRoute Behavior ::run [ RunTime:0.001180s ]
INFO: [ route_check ] --END-- [ RunTime:0.001330s ]
INFO: [ app_begin ] --START--
INFO: ReadHtmlCache Behavior ::run [ RunTime:0.010468s ]
INFO: [ app_begin ] --END-- [ RunTime:0.010582s ]
SQL: SHOW COLUMNS FROM `xt_users` [ RunTime:0.005832s ]
NOTIC: Âª∫ËÆÆ‰ΩøÁî®IÊñπÊ≥ïÊõø‰ª£_get
SQL: SELECT u.id,u.account,u.name,f.file_address,u.last_login_time,u.last_login_ip,u.login_count,u.type,i.age,i.sex,i.identity,i.email,i.province,i.city,i.street,i.interest,i.purchase,i.remarks FROM xt_users AS u LEFT JOIN xt_user_info AS i ON u.id = i.user_id LEFT JOIN xt_file AS f ON f.id = i.file_id WHERE ( u.status = 0 )  [ RunTime:0.000534s ]
INFO: [ view_parse ] --START--
INFO: ParseTemplate Behavior ::run [ RunTime:0.018560s ]
INFO: [ view_parse ] --END-- [ RunTime:0.018693s ]
INFO: [ view_filter ] --START--
INFO: ContentReplace Behavior ::run [ RunTime:0.000798s ]
INFO: TokenBuild Behavior ::run [ RunTime:0.000686s ]
INFO: WriteHtmlCache Behavior ::run [ RunTime:0.000553s ]
INFO: ShowRuntime Behavior ::run [ RunTime:0.000779s ]
INFO: [ view_filter ] --END-- [ RunTime:0.003074s ]
INFO: [ view_end ] --START--
INFO: ShowPageTrace Behavior ::run [ RunTime:0.000801s ]
INFO: [ view_end ] --END-- [ RunTime:0.000888s ]

[ 2013-11-12T14:13:27+08:00 ] 192.168.1.102 /xingtuo/index.php?s=/System/index
INFO: [ route_check ] --START--
INFO: CheckRoute Behavior ::run [ RunTime:0.001214s ]
INFO: [ route_check ] --END-- [ RunTime:0.001369s ]
INFO: [ app_begin ] --START--
INFO: ReadHtmlCache Behavior ::run [ RunTime:0.000948s ]
INFO: [ app_begin ] --END-- [ RunTime:0.001075s ]
SQL: SHOW COLUMNS FROM `xt_users` [ RunTime:0.004550s ]
SQL: SELECT COUNT(*) AS tp_count FROM `xt_users` WHERE ( `status` = 0 ) LIMIT 1   [ RunTime:0.000252s ]
SQL: SHOW COLUMNS FROM `xt_question` [ RunTime:0.004157s ]
SQL: SELECT COUNT(*) AS tp_count FROM `xt_question` WHERE ( `status` = 0 ) AND ( `is_reply` = 1 ) LIMIT 1   [ RunTime:0.000407s ]
INFO: [ view_parse ] --START--
INFO: ParseTemplate Behavior ::run [ RunTime:0.017628s ]
INFO: [ view_parse ] --END-- [ RunTime:0.017866s ]
INFO: [ view_filter ] --START--
INFO: ContentReplace Behavior ::run [ RunTime:0.001222s ]
INFO: TokenBuild Behavior ::run [ RunTime:0.001061s ]
INFO: WriteHtmlCache Behavior ::run [ RunTime:0.001019s ]
INFO: ShowRuntime Behavior ::run [ RunTime:0.001360s ]
INFO: [ view_filter ] --END-- [ RunTime:0.005128s ]
INFO: [ view_end ] --START--
INFO: ShowPageTrace Behavior ::run [ RunTime:0.001424s ]
INFO: [ view_end ] --END-- [ RunTime:0.001602s ]

[ 2013-11-12T14:13:27+08:00 ] 192.168.1.102 /xingtuo/index.php?s=/User/user_list/
INFO: [ route_check ] --START--
INFO: CheckRoute Behavior ::run [ RunTime:0.001267s ]
INFO: [ route_check ] --END-- [ RunTime:0.001417s ]
INFO: [ app_begin ] --START--
INFO: ReadHtmlCache Behavior ::run [ RunTime:0.000824s ]
INFO: [ app_begin ] --END-- [ RunTime:0.000909s ]
SQL: SHOW COLUMNS FROM `xt_users` [ RunTime:0.003888s ]
NOTIC: Âª∫ËÆÆ‰ΩøÁî®IÊñπÊ≥ïÊõø‰ª£_get
SQL: SELECT u.id,u.account,u.name,f.file_address,u.last_login_time,u.last_login_ip,u.login_count,u.type,i.age,i.sex,i.identity,i.email,i.province,i.city,i.street,i.interest,i.purchase,i.remarks FROM xt_users AS u LEFT JOIN xt_user_info AS i ON u.id = i.user_id LEFT JOIN xt_file AS f ON f.id = i.file_id WHERE ( u.status = 0 )  [ RunTime:0.000471s ]
INFO: [ view_parse ] --START--
INFO: ParseTemplate Behavior ::run [ RunTime:0.017160s ]
INFO: [ view_parse ] --END-- [ RunTime:0.017294s ]
INFO: [ view_filter ] --START--
INFO: ContentReplace Behavior ::run [ RunTime:0.000838s ]
INFO: TokenBuild Behavior ::run [ RunTime:0.000718s ]
INFO: WriteHtmlCache Behavior ::run [ RunTime:0.000583s ]
INFO: ShowRuntime Behavior ::run [ RunTime:0.000851s ]
INFO: [ view_filter ] --END-- [ RunTime:0.003249s ]
INFO: [ view_end ] --START--
INFO: ShowPageTrace Behavior ::run [ RunTime:0.000874s ]
INFO: [ view_end ] --END-- [ RunTime:0.000963s ]

[ 2013-11-12T14:13:29+08:00 ] 192.168.1.102 /xingtuo/index.php?s=/User/user_list/type/2
INFO: [ route_check ] --START--
INFO: CheckRoute Behavior ::run [ RunTime:0.002289s ]
INFO: [ route_check ] --END-- [ RunTime:0.002498s ]
INFO: [ app_begin ] --START--
INFO: ReadHtmlCache Behavior ::run [ RunTime:0.001138s ]
INFO: [ app_begin ] --END-- [ RunTime:0.001257s ]
SQL: SHOW COLUMNS FROM `xt_users` [ RunTime:0.003237s ]
NOTIC: Âª∫ËÆÆ‰ΩøÁî®IÊñπÊ≥ïÊõø‰ª£_get
SQL: SELECT u.id,u.account,u.name,f.file_address,u.last_login_time,u.last_login_ip,u.login_count,u.type,i.age,i.sex,i.identity,i.email,i.province,i.city,i.street,i.interest,i.purchase,i.remarks FROM xt_users AS u LEFT JOIN xt_user_info AS i ON u.id = i.user_id LEFT JOIN xt_file AS f ON f.id = i.file_id WHERE ( u.type = '2' ) AND ( u.status = 0 )  [ RunTime:0.000355s ]
INFO: [ view_parse ] --START--
INFO: ParseTemplate Behavior ::run [ RunTime:0.018301s ]
INFO: [ view_parse ] --END-- [ RunTime:0.018468s ]
INFO: [ view_filter ] --START--
INFO: ContentReplace Behavior ::run [ RunTime:0.000857s ]
INFO: TokenBuild Behavior ::run [ RunTime:0.000709s ]
INFO: WriteHtmlCache Behavior ::run [ RunTime:0.000908s ]
INFO: ShowRuntime Behavior ::run [ RunTime:0.001197s ]
INFO: [ view_filter ] --END-- [ RunTime:0.004025s ]
INFO: [ view_end ] --START--
INFO: ShowPageTrace Behavior ::run [ RunTime:0.001039s ]
INFO: [ view_end ] --END-- [ RunTime:0.001138s ]

[ 2013-11-12T14:13:30+08:00 ] 192.168.1.102 /xingtuo/index.php?s=/Message/index/
INFO: [ route_check ] --START--
INFO: CheckRoute Behavior ::run [ RunTime:0.002968s ]
INFO: [ route_check ] --END-- [ RunTime:0.003143s ]
INFO: [ app_begin ] --START--
INFO: ReadHtmlCache Behavior ::run [ RunTime:0.005873s ]
INFO: [ app_begin ] --END-- [ RunTime:0.005986s ]
SQL: SHOW COLUMNS FROM `xt_question` [ RunTime:0.004707s ]
SQL: SELECT `id`,`user_id`,`content`,`time`,`is_reply` FROM `xt_question` WHERE ( `status` = 0 ) ORDER BY id DESC  [ RunTime:0.000392s ]
INFO: [ view_parse ] --START--
INFO: ParseTemplate Behavior ::run [ RunTime:0.015549s ]
INFO: [ view_parse ] --END-- [ RunTime:0.015686s ]
INFO: [ view_filter ] --START--
INFO: ContentReplace Behavior ::run [ RunTime:0.000811s ]
INFO: TokenBuild Behavior ::run [ RunTime:0.000716s ]
INFO: WriteHtmlCache Behavior ::run [ RunTime:0.000571s ]
INFO: ShowRuntime Behavior ::run [ RunTime:0.000920s ]
INFO: [ view_filter ] --END-- [ RunTime:0.003313s ]
INFO: [ view_end ] --START--
INFO: ShowPageTrace Behavior ::run [ RunTime:0.001557s ]
INFO: [ view_end ] --END-- [ RunTime:0.001710s ]

[ 2013-11-12T14:13:31+08:00 ] 192.168.1.102 /xingtuo/index.php?s=/Product/index/
INFO: [ route_check ] --START--
INFO: CheckRoute Behavior ::run [ RunTime:0.001319s ]
INFO: [ route_check ] --END-- [ RunTime:0.001462s ]
INFO: [ app_begin ] --START--
INFO: ReadHtmlCache Behavior ::run [ RunTime:0.000994s ]
INFO: [ app_begin ] --END-- [ RunTime:0.001096s ]
SQL: SHOW COLUMNS FROM `xt_product` [ RunTime:0.002940s ]
SQL: SELECT `id`,`name`,`content`,`create_time` FROM `xt_product` WHERE ( `status` = 0 )  [ RunTime:0.000295s ]
INFO: [ view_parse ] --START--
INFO: ParseTemplate Behavior ::run [ RunTime:0.015866s ]
INFO: [ view_parse ] --END-- [ RunTime:0.016026s ]
INFO: [ view_filter ] --START--
INFO: ContentReplace Behavior ::run [ RunTime:0.000956s ]
INFO: TokenBuild Behavior ::run [ RunTime:0.000876s ]
INFO: WriteHtmlCache Behavior ::run [ RunTime:0.000717s ]
INFO: ShowRuntime Behavior ::run [ RunTime:0.000988s ]
INFO: [ view_filter ] --END-- [ RunTime:0.003840s ]
INFO: [ view_end ] --START--
INFO: ShowPageTrace Behavior ::run [ RunTime:0.001087s ]
INFO: [ view_end ] --END-- [ RunTime:0.001186s ]

[ 2013-11-12T14:44:56+08:00 ] 192.168.1.102 /xingtuo/index.php?s=/Product/index/
INFO: [ route_check ] --START--
INFO: CheckRoute Behavior ::run [ RunTime:0.001194s ]
INFO: [ route_check ] --END-- [ RunTime:0.001318s ]
INFO: [ app_begin ] --START--
INFO: ReadHtmlCache Behavior ::run [ RunTime:0.000896s ]
INFO: [ app_begin ] --END-- [ RunTime:0.000997s ]
NOTIC: [8] Undefined index: user_info C:\wamp\www\xingtuo\Home\Lib\Action\HtmlBaseAction.class.php Á¨¨ 44 Ë°å.
INFO: [ view_parse ] --START--
INFO: ParseTemplate Behavior ::run [ RunTime:0.026241s ]
INFO: [ view_parse ] --END-- [ RunTime:0.026392s ]
INFO: [ view_filter ] --START--
INFO: ContentReplace Behavior ::run [ RunTime:0.000721s ]
INFO: TokenBuild Behavior ::run [ RunTime:0.000689s ]
INFO: WriteHtmlCache Behavior ::run [ RunTime:0.000579s ]
INFO: ShowRuntime Behavior ::run [ RunTime:0.000830s ]
INFO: [ view_filter ] --END-- [ RunTime:0.003082s ]
INFO: [ view_end ] --START--
INFO: ShowPageTrace Behavior ::run [ RunTime:0.000830s ]
INFO: [ view_end ] --END-- [ RunTime:0.000916s ]

[ 2013-11-12T14:45:00+08:00 ] 192.168.1.102 /xingtuo/index.php?s=/Login/index
INFO: [ route_check ] --START--
INFO: CheckRoute Behavior ::run [ RunTime:0.001899s ]
INFO: [ route_check ] --END-- [ RunTime:0.002173s ]
INFO: [ app_begin ] --START--
INFO: ReadHtmlCache Behavior ::run [ RunTime:0.001978s ]
INFO: [ app_begin ] --END-- [ RunTime:0.002213s ]
NOTIC: [8] Undefined index: user_info C:\wamp\www\xingtuo\Home\Lib\Action\HtmlBaseAction.class.php Á¨¨ 44 Ë°å.
INFO: [ view_parse ] --START--
INFO: ParseTemplate Behavior ::run [ RunTime:0.035784s ]
INFO: [ view_parse ] --END-- [ RunTime:0.035994s ]
INFO: [ view_filter ] --START--
INFO: ContentReplace Behavior ::run [ RunTime:0.001109s ]
INFO: TokenBuild Behavior ::run [ RunTime:0.001883s ]
INFO: WriteHtmlCache Behavior ::run [ RunTime:0.001299s ]
INFO: ShowRuntime Behavior ::run [ RunTime:0.001357s ]
INFO: [ view_filter ] --END-- [ RunTime:0.006086s ]
INFO: [ view_end ] --START--
INFO: ShowPageTrace Behavior ::run [ RunTime:0.001373s ]
INFO: [ view_end ] --END-- [ RunTime:0.001554s ]

[ 2013-11-12T14:45:03+08:00 ] 192.168.1.102 /xingtuo/Home/Public/css/loginIEfix.css
INFO: [ route_check ] --START--
INFO: CheckRoute Behavior ::run [ RunTime:0.001978s ]
INFO: [ route_check ] --END-- [ RunTime:0.002176s ]
INFO: [ app_begin ] --START--
INFO: ReadHtmlCache Behavior ::run [ RunTime:0.002008s ]
INFO: [ app_begin ] --END-- [ RunTime:0.002246s ]
ERR: Êó†Ê≥ïÂä†ËΩΩÊ®°Âùó:Home

[ 2013-11-12T17:11:58+08:00 ] 192.168.1.102 /xingtuo/index.php?s=/Product/index/
INFO: [ route_check ] --START--
INFO: CheckRoute Behavior ::run [ RunTime:0.002192s ]
INFO: [ route_check ] --END-- [ RunTime:0.002365s ]
INFO: [ app_begin ] --START--
INFO: ReadHtmlCache Behavior ::run [ RunTime:0.001191s ]
INFO: [ app_begin ] --END-- [ RunTime:0.001326s ]
NOTIC: [8] Undefined index: user_info C:\wamp\www\xingtuo\Home\Lib\Action\HtmlBaseAction.class.php Á¨¨ 44 Ë°å.
INFO: [ view_parse ] --START--
INFO: ParseTemplate Behavior ::run [ RunTime:0.012637s ]
INFO: [ view_parse ] --END-- [ RunTime:0.012868s ]
INFO: [ view_filter ] --START--
INFO: ContentReplace Behavior ::run [ RunTime:0.001022s ]
INFO: TokenBuild Behavior ::run [ RunTime:0.000991s ]
INFO: WriteHtmlCache Behavior ::run [ RunTime:0.000689s ]
INFO: ShowRuntime Behavior ::run [ RunTime:0.001332s ]
INFO: [ view_filter ] --END-- [ RunTime:0.004406s ]
INFO: [ view_end ] --START--
INFO: ShowPageTrace Behavior ::run [ RunTime:0.001188s ]
INFO: [ view_end ] --END-- [ RunTime:0.001318s ]

[ 2013-11-12T17:12:01+08:00 ] 192.168.1.102 /xingtuo/index.php?s=/Login/index
INFO: [ route_check ] --START--
INFO: CheckRoute Behavior ::run [ RunTime:0.000836s ]
INFO: [ route_check ] --END-- [ RunTime:0.000950s ]
INFO: [ app_begin ] --START--
INFO: ReadHtmlCache Behavior ::run [ RunTime:0.000701s ]
INFO: [ app_begin ] --END-- [ RunTime:0.000786s ]
NOTIC: [8] Undefined index: user_info C:\wamp\www\xingtuo\Home\Lib\Action\HtmlBaseAction.class.php Á¨¨ 44 Ë°å.
INFO: [ view_parse ] --START--
INFO: ParseTemplate Behavior ::run [ RunTime:0.022484s ]
INFO: [ view_parse ] --END-- [ RunTime:0.022622s ]
INFO: [ view_filter ] --START--
INFO: ContentReplace Behavior ::run [ RunTime:0.000542s ]
INFO: TokenBuild Behavior ::run [ RunTime:0.001017s ]
INFO: WriteHtmlCache Behavior ::run [ RunTime:0.000614s ]
INFO: ShowRuntime Behavior ::run [ RunTime:0.000709s ]
INFO: [ view_filter ] --END-- [ RunTime:0.003399s ]
INFO: [ view_end ] --START--
INFO: ShowPageTrace Behavior ::run [ RunTime:0.000947s ]
INFO: [ view_end ] --END-- [ RunTime:0.001070s ]

[ 2013-11-12T17:12:09+08:00 ] 192.168.1.102 /xingtuo/index.php?s=/Login/index
INFO: [ route_check ] --START--
INFO: CheckRoute Behavior ::run [ RunTime:0.001459s ]
INFO: [ route_check ] --END-- [ RunTime:0.001603s ]
INFO: [ app_begin ] --START--
INFO: ReadHtmlCache Behavior ::run [ RunTime:0.000889s ]
INFO: [ app_begin ] --END-- [ RunTime:0.001005s ]
NOTIC: [8] Undefined index: user_info C:\wamp\www\xingtuo\Home\Lib\Action\HtmlBaseAction.class.php Á¨¨ 44 Ë°å.
SQL: SHOW COLUMNS FROM `xt_users` [ RunTime:0.013700s ]
SQL: SELECT * FROM `xt_users` WHERE ( `account` = 'admin' ) AND ( `type` = 0 ) AND ( `status` = 0 ) LIMIT 1   [ RunTime:0.000733s ]
SQL: UPDATE `xt_users` SET `id`=1,`account`='admin',`name`='ÁÆ°ÁêÜ',`password`='e10adc3949ba59abbe56e057f20f883e',`last_login_time`=1384247529,`last_login_ip`='192.168.1.102',`login_count`=157,`create_time`=1376561926,`update_time`=1376561926,`type`=0,`status`=0 WHERE ( `id` = 1 ) [ RunTime:0.013020s ]

[ 2013-11-12T17:12:09+08:00 ] 192.168.1.102 /xingtuo/index.php?s=/System/index.html
INFO: [ route_check ] --START--
INFO: CheckRoute Behavior ::run [ RunTime:0.000963s ]
INFO: [ route_check ] --END-- [ RunTime:0.001070s ]
INFO: [ app_begin ] --START--
INFO: ReadHtmlCache Behavior ::run [ RunTime:0.000774s ]
INFO: [ app_begin ] --END-- [ RunTime:0.000860s ]
SQL: SHOW COLUMNS FROM `xt_users` [ RunTime:0.003815s ]
SQL: SELECT COUNT(*) AS tp_count FROM `xt_users` WHERE ( `status` = 0 ) LIMIT 1   [ RunTime:0.038082s ]
SQL: SHOW COLUMNS FROM `xt_question` [ RunTime:0.030174s ]
SQL: SELECT COUNT(*) AS tp_count FROM `xt_question` WHERE ( `status` = 0 ) AND ( `is_reply` = 1 ) LIMIT 1   [ RunTime:0.000315s ]
INFO: [ view_parse ] --START--
INFO: ParseTemplate Behavior ::run [ RunTime:0.045877s ]
INFO: [ view_parse ] --END-- [ RunTime:0.046152s ]
INFO: [ view_filter ] --START--
INFO: ContentReplace Behavior ::run [ RunTime:0.001027s ]
INFO: TokenBuild Behavior ::run [ RunTime:0.000780s ]
INFO: WriteHtmlCache Behavior ::run [ RunTime:0.000629s ]
INFO: ShowRuntime Behavior ::run [ RunTime:0.000939s ]
INFO: [ view_filter ] --END-- [ RunTime:0.003721s ]
INFO: [ view_end ] --START--
INFO: ShowPageTrace Behavior ::run [ RunTime:0.000956s ]
INFO: [ view_end ] --END-- [ RunTime:0.001076s ]

[ 2013-11-12T17:12:12+08:00 ] 192.168.1.102 /xingtuo/index.php?s=/Product/index/
INFO: [ route_check ] --START--
INFO: CheckRoute Behavior ::run [ RunTime:0.002927s ]
INFO: [ route_check ] --END-- [ RunTime:0.003172s ]
INFO: [ app_begin ] --START--
INFO: ReadHtmlCache Behavior ::run [ RunTime:0.001942s ]
INFO: [ app_begin ] --END-- [ RunTime:0.002188s ]
SQL: SHOW COLUMNS FROM `xt_product` [ RunTime:0.032485s ]
SQL: SELECT `id`,`name`,`content`,`create_time` FROM `xt_product` WHERE ( `status` = 0 )  [ RunTime:0.012053s ]
INFO: [ view_parse ] --START--
INFO: ParseTemplate Behavior ::run [ RunTime:0.026591s ]
INFO: [ view_parse ] --END-- [ RunTime:0.026795s ]
INFO: [ view_filter ] --START--
INFO: ContentReplace Behavior ::run [ RunTime:0.001112s ]
INFO: TokenBuild Behavior ::run [ RunTime:0.001850s ]
INFO: WriteHtmlCache Behavior ::run [ RunTime:0.003929s ]
INFO: ShowRuntime Behavior ::run [ RunTime:0.001896s ]
INFO: [ view_filter ] --END-- [ RunTime:0.009402s ]
INFO: [ view_end ] --START--
INFO: ShowPageTrace Behavior ::run [ RunTime:0.001264s ]
INFO: [ view_end ] --END-- [ RunTime:0.001408s ]

[ 2013-11-12T17:12:14+08:00 ] 192.168.1.102 /xingtuo/index.php?s=/News/index
INFO: [ route_check ] --START--
INFO: CheckRoute Behavior ::run [ RunTime:0.002418s ]
INFO: [ route_check ] --END-- [ RunTime:0.002689s ]
INFO: [ app_begin ] --START--
INFO: ReadHtmlCache Behavior ::run [ RunTime:0.001484s ]
INFO: [ app_begin ] --END-- [ RunTime:0.001677s ]
SQL: SHOW COLUMNS FROM `xt_news` [ RunTime:0.037821s ]
SQL: SELECT `id`,`name`,`create_time` FROM `xt_news` WHERE ( `status` = 0 )  [ RunTime:0.000288s ]
INFO: [ view_parse ] --START--
INFO: ParseTemplate Behavior ::run [ RunTime:0.026349s ]
INFO: [ view_parse ] --END-- [ RunTime:0.026482s ]
INFO: [ view_filter ] --START--
INFO: ContentReplace Behavior ::run [ RunTime:0.000880s ]
INFO: TokenBuild Behavior ::run [ RunTime:0.000815s ]
INFO: WriteHtmlCache Behavior ::run [ RunTime:0.000671s ]
INFO: ShowRuntime Behavior ::run [ RunTime:0.000981s ]
INFO: [ view_filter ] --END-- [ RunTime:0.003714s ]
INFO: [ view_end ] --START--
INFO: ShowPageTrace Behavior ::run [ RunTime:0.001002s ]
INFO: [ view_end ] --END-- [ RunTime:0.001103s ]

[ 2013-11-12T17:12:46+08:00 ] 192.168.1.102 /xingtuo/index.php?s=/News/index
INFO: [ route_check ] --START--
INFO: CheckRoute Behavior ::run [ RunTime:0.001346s ]
INFO: [ route_check ] --END-- [ RunTime:0.001499s ]
INFO: [ app_begin ] --START--
INFO: ReadHtmlCache Behavior ::run [ RunTime:0.000948s ]
INFO: [ app_begin ] --END-- [ RunTime:0.001085s ]
SQL: SHOW COLUMNS FROM `xt_news` [ RunTime:0.005931s ]
SQL: SELECT `id`,`name`,`create_time` FROM `xt_news` WHERE ( `status` = 0 )  [ RunTime:0.000561s ]
INFO: [ view_parse ] --START--
INFO: ParseTemplate Behavior ::run [ RunTime:0.013517s ]
INFO: [ view_parse ] --END-- [ RunTime:0.013706s ]
INFO: [ view_filter ] --START--
INFO: ContentReplace Behavior ::run [ RunTime:0.001101s ]
INFO: TokenBuild Behavior ::run [ RunTime:0.000765s ]
INFO: WriteHtmlCache Behavior ::run [ RunTime:0.000628s ]
INFO: ShowRuntime Behavior ::run [ RunTime:0.000818s ]
INFO: [ view_filter ] --END-- [ RunTime:0.003655s ]
INFO: [ view_end ] --START--
INFO: ShowPageTrace Behavior ::run [ RunTime:0.000805s ]
INFO: [ view_end ] --END-- [ RunTime:0.000892s ]

[ 2013-11-12T17:12:48+08:00 ] 192.168.1.102 /xingtuo/index.php?s=/System/index
INFO: [ route_check ] --START--
INFO: CheckRoute Behavior ::run [ RunTime:0.001352s ]
INFO: [ route_check ] --END-- [ RunTime:0.001471s ]
INFO: [ app_begin ] --START--
INFO: ReadHtmlCache Behavior ::run [ RunTime:0.001226s ]
INFO: [ app_begin ] --END-- [ RunTime:0.001403s ]
SQL: SHOW COLUMNS FROM `xt_users` [ RunTime:0.005569s ]
SQL: SELECT COUNT(*) AS tp_count FROM `xt_users` WHERE ( `status` = 0 ) LIMIT 1   [ RunTime:0.000437s ]
SQL: SHOW COLUMNS FROM `xt_question` [ RunTime:0.005317s ]
SQL: SELECT COUNT(*) AS tp_count FROM `xt_question` WHERE ( `status` = 0 ) AND ( `is_reply` = 1 ) LIMIT 1   [ RunTime:0.000341s ]
INFO: [ view_parse ] --START--
INFO: ParseTemplate Behavior ::run [ RunTime:0.015936s ]
INFO: [ view_parse ] --END-- [ RunTime:0.016173s ]
INFO: [ view_filter ] --START--
INFO: ContentReplace Behavior ::run [ RunTime:0.001607s ]
INFO: TokenBuild Behavior ::run [ RunTime:0.000907s ]
INFO: WriteHtmlCache Behavior ::run [ RunTime:0.000649s ]
INFO: ShowRuntime Behavior ::run [ RunTime:0.000862s ]
INFO: [ view_filter ] --END-- [ RunTime:0.004525s ]
INFO: [ view_end ] --START--
INFO: ShowPageTrace Behavior ::run [ RunTime:0.001155s ]
INFO: [ view_end ] --END-- [ RunTime:0.001311s ]

[ 2013-11-12T17:25:23+08:00 ] 192.168.1.102 /xingtuo/index.php?s=/System/index
INFO: [ route_check ] --START--
INFO: CheckRoute Behavior ::run [ RunTime:0.001126s ]
INFO: [ route_check ] --END-- [ RunTime:0.001247s ]
INFO: [ app_begin ] --START--
INFO: ReadHtmlCache Behavior ::run [ RunTime:0.001088s ]
INFO: [ app_begin ] --END-- [ RunTime:0.001201s ]
SQL: SHOW COLUMNS FROM `xt_users` [ RunTime:0.003852s ]
SQL: SELECT COUNT(*) AS tp_count FROM `xt_users` WHERE ( `status` = 0 ) LIMIT 1   [ RunTime:0.000268s ]
SQL: SHOW COLUMNS FROM `xt_question` [ RunTime:0.003177s ]
SQL: SELECT COUNT(*) AS tp_count FROM `xt_question` WHERE ( `status` = 0 ) AND ( `is_reply` = 1 ) LIMIT 1   [ RunTime:0.000722s ]
INFO: [ view_parse ] --START--
INFO: ParseTemplate Behavior ::run [ RunTime:0.015908s ]
INFO: [ view_parse ] --END-- [ RunTime:0.016085s ]
INFO: [ view_filter ] --START--
INFO: ContentReplace Behavior ::run [ RunTime:0.001260s ]
INFO: TokenBuild Behavior ::run [ RunTime:0.000921s ]
INFO: WriteHtmlCache Behavior ::run [ RunTime:0.000960s ]
INFO: ShowRuntime Behavior ::run [ RunTime:0.000959s ]
INFO: [ view_filter ] --END-- [ RunTime:0.004417s ]
INFO: [ view_end ] --START--
INFO: ShowPageTrace Behavior ::run [ RunTime:0.001087s ]
INFO: [ view_end ] --END-- [ RunTime:0.001205s ]

[ 2013-11-12T17:25:25+08:00 ] 192.168.1.102 /xingtuo/index.php?s=/User/user_list/
INFO: [ route_check ] --START--
INFO: CheckRoute Behavior ::run [ RunTime:0.001094s ]
INFO: [ route_check ] --END-- [ RunTime:0.001241s ]
INFO: [ app_begin ] --START--
INFO: ReadHtmlCache Behavior ::run [ RunTime:0.000899s ]
INFO: [ app_begin ] --END-- [ RunTime:0.000999s ]
SQL: SHOW COLUMNS FROM `xt_users` [ RunTime:0.003897s ]
NOTIC: Âª∫ËÆÆ‰ΩøÁî®IÊñπÊ≥ïÊõø‰ª£_get
SQL: SELECT u.id,u.account,u.name,f.file_address,u.last_login_time,u.last_login_ip,u.login_count,u.type,i.age,i.sex,i.identity,i.email,i.province,i.city,i.street,i.interest,i.purchase,i.remarks FROM xt_users AS u LEFT JOIN xt_user_info AS i ON u.id = i.user_id LEFT JOIN xt_file AS f ON f.id = i.file_id WHERE ( u.status = 0 )  [ RunTime:0.124162s ]
INFO: [ view_parse ] --START--
INFO: ParseTemplate Behavior ::run [ RunTime:0.037380s ]
INFO: [ view_parse ] --END-- [ RunTime:0.037526s ]
INFO: [ view_filter ] --START--
INFO: ContentReplace Behavior ::run [ RunTime:0.000822s ]
INFO: TokenBuild Behavior ::run [ RunTime:0.000699s ]
INFO: WriteHtmlCache Behavior ::run [ RunTime:0.000776s ]
INFO: ShowRuntime Behavior ::run [ RunTime:0.001032s ]
INFO: [ view_filter ] --END-- [ RunTime:0.003682s ]
INFO: [ view_end ] --START--
INFO: ShowPageTrace Behavior ::run [ RunTime:0.000869s ]
INFO: [ view_end ] --END-- [ RunTime:0.000973s ]

[ 2013-11-12T17:25:27+08:00 ] 192.168.1.102 /xingtuo/index.php?s=/Product/index/
INFO: [ route_check ] --START--
INFO: CheckRoute Behavior ::run [ RunTime:0.001277s ]
INFO: [ route_check ] --END-- [ RunTime:0.001416s ]
INFO: [ app_begin ] --START--
INFO: ReadHtmlCache Behavior ::run [ RunTime:0.000975s ]
INFO: [ app_begin ] --END-- [ RunTime:0.001131s ]
SQL: SHOW COLUMNS FROM `xt_product` [ RunTime:0.004602s ]
SQL: SELECT `id`,`name`,`content`,`create_time` FROM `xt_product` WHERE ( `status` = 0 )  [ RunTime:0.000609s ]
INFO: [ view_parse ] --START--
INFO: ParseTemplate Behavior ::run [ RunTime:0.021712s ]
INFO: [ view_parse ] --END-- [ RunTime:0.021883s ]
INFO: [ view_filter ] --START--
INFO: ContentReplace Behavior ::run [ RunTime:0.000948s ]
INFO: TokenBuild Behavior ::run [ RunTime:0.000871s ]
INFO: WriteHtmlCache Behavior ::run [ RunTime:0.000707s ]
INFO: ShowRuntime Behavior ::run [ RunTime:0.001040s ]
INFO: [ view_filter ] --END-- [ RunTime:0.003943s ]
INFO: [ view_end ] --START--
INFO: ShowPageTrace Behavior ::run [ RunTime:0.001297s ]
INFO: [ view_end ] --END-- [ RunTime:0.001454s ]

[ 2013-11-12T17:25:29+08:00 ] 192.168.1.102 /xingtuo/index.php?s=/News/index
INFO: [ route_check ] --START--
INFO: CheckRoute Behavior ::run [ RunTime:0.001645s ]
INFO: [ route_check ] --END-- [ RunTime:0.001806s ]
INFO: [ app_begin ] --START--
INFO: ReadHtmlCache Behavior ::run [ RunTime:0.001133s ]
INFO: [ app_begin ] --END-- [ RunTime:0.001258s ]
SQL: SHOW COLUMNS FROM `xt_news` [ RunTime:0.006631s ]
SQL: SELECT `id`,`name`,`create_time` FROM `xt_news` WHERE ( `status` = 0 )  [ RunTime:0.000257s ]
INFO: [ view_parse ] --START--
INFO: ParseTemplate Behavior ::run [ RunTime:0.012888s ]
INFO: [ view_parse ] --END-- [ RunTime:0.013007s ]
INFO: [ view_filter ] --START--
INFO: ContentReplace Behavior ::run [ RunTime:0.000687s ]
INFO: TokenBuild Behavior ::run [ RunTime:0.000662s ]
INFO: WriteHtmlCache Behavior ::run [ RunTime:0.000547s ]
INFO: ShowRuntime Behavior ::run [ RunTime:0.000702s ]
INFO: [ view_filter ] --END-- [ RunTime:0.002840s ]
INFO: [ view_end ] --START--
INFO: ShowPageTrace Behavior ::run [ RunTime:0.000728s ]
INFO: [ view_end ] --END-- [ RunTime:0.000806s ]

[ 2013-11-12T17:25:30+08:00 ] 192.168.1.102 /xingtuo/index.php?s=/Product/index/
INFO: [ route_check ] --START--
INFO: CheckRoute Behavior ::run [ RunTime:0.001668s ]
INFO: [ route_check ] --END-- [ RunTime:0.001906s ]
INFO: [ app_begin ] --START--
INFO: ReadHtmlCache Behavior ::run [ RunTime:0.001037s ]
INFO: [ app_begin ] --END-- [ RunTime:0.001175s ]
SQL: SHOW COLUMNS FROM `xt_product` [ RunTime:0.004644s ]
SQL: SELECT `id`,`name`,`content`,`create_time` FROM `xt_product` WHERE ( `status` = 0 )  [ RunTime:0.000627s ]
INFO: [ view_parse ] --START--
INFO: ParseTemplate Behavior ::run [ RunTime:0.017412s ]
INFO: [ view_parse ] --END-- [ RunTime:0.017599s ]
INFO: [ view_filter ] --START--
INFO: ContentReplace Behavior ::run [ RunTime:0.000907s ]
INFO: TokenBuild Behavior ::run [ RunTime:0.000804s ]
INFO: WriteHtmlCache Behavior ::run [ RunTime:0.000646s ]
INFO: ShowRuntime Behavior ::run [ RunTime:0.000723s ]
INFO: [ view_filter ] --END-- [ RunTime:0.003394s ]
INFO: [ view_end ] --START--
INFO: ShowPageTrace Behavior ::run [ RunTime:0.000753s ]
INFO: [ view_end ] --END-- [ RunTime:0.000837s ]

[ 2013-11-12T17:26:15+08:00 ] 192.168.1.102 /xingtuo/index.php?s=/Product/index/
INFO: [ route_check ] --START--
INFO: CheckRoute Behavior ::run [ RunTime:0.001003s ]
INFO: [ route_check ] --END-- [ RunTime:0.001271s ]
INFO: [ app_begin ] --START--
INFO: ReadHtmlCache Behavior ::run [ RunTime:0.000740s ]
INFO: [ app_begin ] --END-- [ RunTime:0.000821s ]
SQL: SHOW COLUMNS FROM `xt_product` [ RunTime:0.002881s ]
SQL: SELECT `id`,`name`,`content`,`create_time` FROM `xt_product` WHERE ( `status` = 0 )  [ RunTime:0.000272s ]
INFO: [ view_parse ] --START--
INFO: ParseTemplate Behavior ::run [ RunTime:0.013923s ]
INFO: [ view_parse ] --END-- [ RunTime:0.014145s ]
INFO: [ view_filter ] --START--
INFO: ContentReplace Behavior ::run [ RunTime:0.001577s ]
INFO: TokenBuild Behavior ::run [ RunTime:0.001161s ]
INFO: WriteHtmlCache Behavior ::run [ RunTime:0.000911s ]
INFO: ShowRuntime Behavior ::run [ RunTime:0.000982s ]
INFO: [ view_filter ] --END-- [ RunTime:0.005114s ]
INFO: [ view_end ] --START--
INFO: ShowPageTrace Behavior ::run [ RunTime:0.000813s ]
INFO: [ view_end ] --END-- [ RunTime:0.000902s ]

[ 2013-11-12T17:37:32+08:00 ] 192.168.1.102 /xingtuo/index.php?s=/Product/edit/act/edit/id/2
INFO: [ route_check ] --START--
INFO: CheckRoute Behavior ::run [ RunTime:0.001045s ]
INFO: [ route_check ] --END-- [ RunTime:0.001165s ]
INFO: [ app_begin ] --START--
INFO: ReadHtmlCache Behavior ::run [ RunTime:0.000957s ]
INFO: [ app_begin ] --END-- [ RunTime:0.001097s ]
SQL: SHOW COLUMNS FROM `xt_product` [ RunTime:0.005151s ]
NOTIC: Âª∫ËÆÆ‰ΩøÁî®IÊñπÊ≥ïÊõø‰ª£_get
NOTIC: Âª∫ËÆÆ‰ΩøÁî®IÊñπÊ≥ïÊõø‰ª£_get
SQL: SELECT `id`,`name`,`content`,`create_time` FROM `xt_product` WHERE ( `status` = 0 ) AND ( `id` = 2 ) LIMIT 1   [ RunTime:0.008426s ]
NOTIC: [8] Undefined offset: 0 C:\wamp\www\xingtuo\Home\Lib\Model\BaseModel.class.php Á¨¨ 66 Ë°å.
INFO: [ view_parse ] --START--
INFO: ParseTemplate Behavior ::run [ RunTime:0.044556s ]
INFO: [ view_parse ] --END-- [ RunTime:0.044861s ]
INFO: [ view_filter ] --START--
INFO: ContentReplace Behavior ::run [ RunTime:0.001106s ]
INFO: TokenBuild Behavior ::run [ RunTime:0.000682s ]
INFO: WriteHtmlCache Behavior ::run [ RunTime:0.001094s ]
INFO: ShowRuntime Behavior ::run [ RunTime:0.001166s ]
INFO: [ view_filter ] --END-- [ RunTime:0.004436s ]
INFO: [ view_end ] --START--
INFO: ShowPageTrace Behavior ::run [ RunTime:0.001504s ]
INFO: [ view_end ] --END-- [ RunTime:0.001717s ]

