[ 2014-01-06T13:29:09+08:00 ] 192.168.1.102 /xingtuo/
INFO: [ app_begin ] --START--
INFO: ReadHtmlCache Behavior ::run [ RunTime:0.000864s ]
INFO: [ app_begin ] --END-- [ RunTime:0.000985s ]

[ 2014-01-06T13:29:09+08:00 ] 192.168.1.102 /xingtuo/index.php?s=/User/user_list.html
INFO: [ route_check ] --START--
INFO: CheckRoute Behavior ::run [ RunTime:0.001035s ]
INFO: [ route_check ] --END-- [ RunTime:0.001180s ]
INFO: [ app_begin ] --START--
INFO: ReadHtmlCache Behavior ::run [ RunTime:0.001001s ]
INFO: [ app_begin ] --END-- [ RunTime:0.001126s ]
SQL: SHOW COLUMNS FROM `xt_users` [ RunTime:0.006571s ]
NOTIC: 建议使用I方法替代_get
SQL: SELECT u.id,u.account,u.name,f.file_address,u.last_login_time,u.last_login_ip,u.login_count,u.type,i.age,i.sex,i.identity,i.email,i.province,i.city,i.street,i.interest,i.purchase,i.remarks FROM xt_users AS u LEFT JOIN xt_user_info AS i ON u.id = i.user_id LEFT JOIN xt_file AS f ON f.id = i.file_id WHERE ( u.status = 0 )  [ RunTime:0.003936s ]
INFO: [ view_parse ] --START--
INFO: ParseTemplate Behavior ::run [ RunTime:0.073213s ]
INFO: [ view_parse ] --END-- [ RunTime:0.073362s ]
INFO: [ view_filter ] --START--
INFO: ContentReplace Behavior ::run [ RunTime:0.000931s ]
INFO: TokenBuild Behavior ::run [ RunTime:0.000705s ]
INFO: WriteHtmlCache Behavior ::run [ RunTime:0.000610s ]
INFO: ShowRuntime Behavior ::run [ RunTime:0.000880s ]
INFO: [ view_filter ] --END-- [ RunTime:0.003375s ]
INFO: [ view_end ] --START--
INFO: ShowPageTrace Behavior ::run [ RunTime:0.000950s ]
INFO: [ view_end ] --END-- [ RunTime:0.001068s ]

[ 2014-01-06T13:29:12+08:00 ] 192.168.1.102 /xingtuo/index.php?s=/User/user_list/
INFO: [ route_check ] --START--
INFO: CheckRoute Behavior ::run [ RunTime:0.001440s ]
INFO: [ route_check ] --END-- [ RunTime:0.001597s ]
INFO: [ app_begin ] --START--
INFO: ReadHtmlCache Behavior ::run [ RunTime:0.000913s ]
INFO: [ app_begin ] --END-- [ RunTime:0.001030s ]
SQL: SHOW COLUMNS FROM `xt_users` [ RunTime:0.003910s ]
NOTIC: 建议使用I方法替代_get
SQL: SELECT u.id,u.account,u.name,f.file_address,u.last_login_time,u.last_login_ip,u.login_count,u.type,i.age,i.sex,i.identity,i.email,i.province,i.city,i.street,i.interest,i.purchase,i.remarks FROM xt_users AS u LEFT JOIN xt_user_info AS i ON u.id = i.user_id LEFT JOIN xt_file AS f ON f.id = i.file_id WHERE ( u.status = 0 )  [ RunTime:0.000886s ]
INFO: [ view_parse ] --START--
INFO: ParseTemplate Behavior ::run [ RunTime:0.017582s ]
INFO: [ view_parse ] --END-- [ RunTime:0.017741s ]
INFO: [ view_filter ] --START--
INFO: ContentReplace Behavior ::run [ RunTime:0.001074s ]
INFO: TokenBuild Behavior ::run [ RunTime:0.000845s ]
INFO: WriteHtmlCache Behavior ::run [ RunTime:0.000679s ]
INFO: ShowRuntime Behavior ::run [ RunTime:0.000872s ]
INFO: [ view_filter ] --END-- [ RunTime:0.003802s ]
INFO: [ view_end ] --START--
INFO: ShowPageTrace Behavior ::run [ RunTime:0.000821s ]
INFO: [ view_end ] --END-- [ RunTime:0.000917s ]

[ 2014-01-06T13:29:18+08:00 ] 192.168.1.102 /xingtuo/index.php?s=/User/user_list/
INFO: [ route_check ] --START--
INFO: CheckRoute Behavior ::run [ RunTime:0.001764s ]
INFO: [ route_check ] --END-- [ RunTime:0.001975s ]
INFO: [ app_begin ] --START--
INFO: ReadHtmlCache Behavior ::run [ RunTime:0.001273s ]
INFO: [ app_begin ] --END-- [ RunTime:0.001427s ]
NOTIC: [8] Undefined index: user_info C:\wamp\www\xingtuo\Home\Lib\Action\HtmlBaseAction.class.php 第 44 行.
INFO: [ view_parse ] --START--
INFO: ParseTemplate Behavior ::run [ RunTime:0.026423s ]
INFO: [ view_parse ] --END-- [ RunTime:0.026555s ]
INFO: [ view_filter ] --START--
INFO: ContentReplace Behavior ::run [ RunTime:0.000584s ]
INFO: TokenBuild Behavior ::run [ RunTime:0.000597s ]
INFO: WriteHtmlCache Behavior ::run [ RunTime:0.000561s ]
INFO: ShowRuntime Behavior ::run [ RunTime:0.000691s ]
INFO: [ view_filter ] --END-- [ RunTime:0.002727s ]
INFO: [ view_end ] --START--
INFO: ShowPageTrace Behavior ::run [ RunTime:0.000929s ]
INFO: [ view_end ] --END-- [ RunTime:0.001057s ]

[ 2014-01-06T13:29:21+08:00 ] 192.168.1.102 /xingtuo/index.php?s=/Login/index
INFO: [ route_check ] --START--
INFO: CheckRoute Behavior ::run [ RunTime:0.003628s ]
INFO: [ route_check ] --END-- [ RunTime:0.003834s ]
INFO: [ app_begin ] --START--
INFO: ReadHtmlCache Behavior ::run [ RunTime:0.000858s ]
INFO: [ app_begin ] --END-- [ RunTime:0.000982s ]
NOTIC: [8] Undefined index: user_info C:\wamp\www\xingtuo\Home\Lib\Action\HtmlBaseAction.class.php 第 44 行.
INFO: [ view_parse ] --START--
INFO: ParseTemplate Behavior ::run [ RunTime:0.029484s ]
INFO: [ view_parse ] --END-- [ RunTime:0.029636s ]
INFO: [ view_filter ] --START--
INFO: ContentReplace Behavior ::run [ RunTime:0.000648s ]
INFO: TokenBuild Behavior ::run [ RunTime:0.000613s ]
INFO: WriteHtmlCache Behavior ::run [ RunTime:0.000477s ]
INFO: ShowRuntime Behavior ::run [ RunTime:0.000614s ]
INFO: [ view_filter ] --END-- [ RunTime:0.002608s ]
INFO: [ view_end ] --START--
INFO: ShowPageTrace Behavior ::run [ RunTime:0.000676s ]
INFO: [ view_end ] --END-- [ RunTime:0.000769s ]

[ 2014-01-06T13:29:25+08:00 ] 192.168.1.102 /xingtuo/index.php?s=/Login/index
INFO: [ route_check ] --START--
INFO: CheckRoute Behavior ::run [ RunTime:0.004376s ]
INFO: [ route_check ] --END-- [ RunTime:0.004618s ]
INFO: [ app_begin ] --START--
INFO: ReadHtmlCache Behavior ::run [ RunTime:0.001474s ]
INFO: [ app_begin ] --END-- [ RunTime:0.001629s ]
NOTIC: [8] Undefined index: user_info C:\wamp\www\xingtuo\Home\Lib\Action\HtmlBaseAction.class.php 第 44 行.
SQL: SHOW COLUMNS FROM `xt_users` [ RunTime:0.002980s ]
SQL: SELECT * FROM `xt_users` WHERE ( `account` = 'admin' ) AND ( `type` = 0 ) AND ( `status` = 0 ) LIMIT 1   [ RunTime:0.000385s ]
INFO: [ view_parse ] --START--
INFO: ParseTemplate Behavior ::run [ RunTime:0.008939s ]
INFO: [ view_parse ] --END-- [ RunTime:0.009117s ]
INFO: [ view_filter ] --START--
INFO: ContentReplace Behavior ::run [ RunTime:0.001246s ]
INFO: TokenBuild Behavior ::run [ RunTime:0.001134s ]
INFO: WriteHtmlCache Behavior ::run [ RunTime:0.000807s ]
INFO: ShowRuntime Behavior ::run [ RunTime:0.001064s ]
INFO: [ view_filter ] --END-- [ RunTime:0.004710s ]
INFO: [ view_end ] --START--
INFO: ShowPageTrace Behavior ::run [ RunTime:0.001180s ]
INFO: [ view_end ] --END-- [ RunTime:0.001308s ]

[ 2014-01-06T13:29:29+08:00 ] 192.168.1.102 /xingtuo/index.php?s=/Login/index
INFO: [ route_check ] --START--
INFO: CheckRoute Behavior ::run [ RunTime:0.002197s ]
INFO: [ route_check ] --END-- [ RunTime:0.002443s ]
INFO: [ app_begin ] --START--
INFO: ReadHtmlCache Behavior ::run [ RunTime:0.002349s ]
INFO: [ app_begin ] --END-- [ RunTime:0.002569s ]
NOTIC: [8] Undefined index: user_info C:\wamp\www\xingtuo\Home\Lib\Action\HtmlBaseAction.class.php 第 44 行.
INFO: [ view_parse ] --START--
INFO: ParseTemplate Behavior ::run [ RunTime:0.008564s ]
INFO: [ view_parse ] --END-- [ RunTime:0.008707s ]
INFO: [ view_filter ] --START--
INFO: ContentReplace Behavior ::run [ RunTime:0.000913s ]
INFO: TokenBuild Behavior ::run [ RunTime:0.000685s ]
INFO: WriteHtmlCache Behavior ::run [ RunTime:0.000550s ]
INFO: ShowRuntime Behavior ::run [ RunTime:0.000735s ]
INFO: [ view_filter ] --END-- [ RunTime:0.003223s ]
INFO: [ view_end ] --START--
INFO: ShowPageTrace Behavior ::run [ RunTime:0.000841s ]
INFO: [ view_end ] --END-- [ RunTime:0.000938s ]

[ 2014-01-06T13:29:32+08:00 ] 192.168.1.102 /xingtuo/index.php?s=/Login/index
INFO: [ route_check ] --START--
INFO: CheckRoute Behavior ::run [ RunTime:0.001269s ]
INFO: [ route_check ] --END-- [ RunTime:0.001466s ]
INFO: [ app_begin ] --START--
INFO: ReadHtmlCache Behavior ::run [ RunTime:0.001025s ]
INFO: [ app_begin ] --END-- [ RunTime:0.001123s ]
NOTIC: [8] Undefined index: user_info C:\wamp\www\xingtuo\Home\Lib\Action\HtmlBaseAction.class.php 第 44 行.
SQL: SHOW COLUMNS FROM `xt_users` [ RunTime:0.003897s ]
SQL: SELECT * FROM `xt_users` WHERE ( `account` = 'admin' ) AND ( `type` = 0 ) AND ( `status` = 0 ) LIMIT 1   [ RunTime:0.000326s ]
INFO: [ view_parse ] --START--
INFO: ParseTemplate Behavior ::run [ RunTime:0.013212s ]
INFO: [ view_parse ] --END-- [ RunTime:0.013479s ]
INFO: [ view_filter ] --START--
INFO: ContentReplace Behavior ::run [ RunTime:0.001453s ]
INFO: TokenBuild Behavior ::run [ RunTime:0.001026s ]
INFO: WriteHtmlCache Behavior ::run [ RunTime:0.000736s ]
INFO: ShowRuntime Behavior ::run [ RunTime:0.001110s ]
INFO: [ view_filter ] --END-- [ RunTime:0.004843s ]
INFO: [ view_end ] --START--
INFO: ShowPageTrace Behavior ::run [ RunTime:0.001115s ]
INFO: [ view_end ] --END-- [ RunTime:0.001280s ]

[ 2014-01-06T13:29:35+08:00 ] 192.168.1.102 /xingtuo/index.php?s=/Login/index
INFO: [ route_check ] --START--
INFO: CheckRoute Behavior ::run [ RunTime:0.001084s ]
INFO: [ route_check ] --END-- [ RunTime:0.001215s ]
INFO: [ app_begin ] --START--
INFO: ReadHtmlCache Behavior ::run [ RunTime:0.000956s ]
INFO: [ app_begin ] --END-- [ RunTime:0.001070s ]
NOTIC: [8] Undefined index: user_info C:\wamp\www\xingtuo\Home\Lib\Action\HtmlBaseAction.class.php 第 44 行.
INFO: [ view_parse ] --START--
INFO: ParseTemplate Behavior ::run [ RunTime:0.008949s ]
INFO: [ view_parse ] --END-- [ RunTime:0.009118s ]
INFO: [ view_filter ] --START--
INFO: ContentReplace Behavior ::run [ RunTime:0.000618s ]
INFO: TokenBuild Behavior ::run [ RunTime:0.000589s ]
INFO: WriteHtmlCache Behavior ::run [ RunTime:0.000464s ]
INFO: ShowRuntime Behavior ::run [ RunTime:0.000636s ]
INFO: [ view_filter ] --END-- [ RunTime:0.002585s ]
INFO: [ view_end ] --START--
INFO: ShowPageTrace Behavior ::run [ RunTime:0.000835s ]
INFO: [ view_end ] --END-- [ RunTime:0.000972s ]

[ 2014-01-06T13:29:39+08:00 ] 192.168.1.102 /xingtuo/index.php?s=/Login/index
INFO: [ route_check ] --START--
INFO: CheckRoute Behavior ::run [ RunTime:0.001097s ]
INFO: [ route_check ] --END-- [ RunTime:0.001244s ]
INFO: [ app_begin ] --START--
INFO: ReadHtmlCache Behavior ::run [ RunTime:0.001073s ]
INFO: [ app_begin ] --END-- [ RunTime:0.001196s ]
NOTIC: [8] Undefined index: user_info C:\wamp\www\xingtuo\Home\Lib\Action\HtmlBaseAction.class.php 第 44 行.
SQL: SHOW COLUMNS FROM `xt_users` [ RunTime:0.019378s ]
SQL: SELECT * FROM `xt_users` WHERE ( `account` = 'admin' ) AND ( `type` = 0 ) AND ( `status` = 0 ) LIMIT 1   [ RunTime:0.000317s ]
SQL: UPDATE `xt_users` SET `id`=1,`account`='admin',`name`='管理',`password`='e10adc3949ba59abbe56e057f20f883e',`last_login_time`=1388986178,`last_login_ip`='192.168.1.102',`login_count`=188,`create_time`=1376561926,`update_time`=1376561926,`type`=0,`status`=0 WHERE ( `id` = 1 ) [ RunTime:0.016907s ]

[ 2014-01-06T13:29:39+08:00 ] 192.168.1.102 /xingtuo/index.php?s=/System/index.html
INFO: [ route_check ] --START--
INFO: CheckRoute Behavior ::run [ RunTime:0.000891s ]
INFO: [ route_check ] --END-- [ RunTime:0.001000s ]
INFO: [ app_begin ] --START--
INFO: ReadHtmlCache Behavior ::run [ RunTime:0.000746s ]
INFO: [ app_begin ] --END-- [ RunTime:0.000842s ]
SQL: SHOW COLUMNS FROM `xt_users` [ RunTime:0.003297s ]
SQL: SELECT COUNT(*) AS tp_count FROM `xt_users` WHERE ( `status` = 0 ) LIMIT 1   [ RunTime:0.000258s ]
SQL: SHOW COLUMNS FROM `xt_question` [ RunTime:0.004310s ]
SQL: SELECT COUNT(*) AS tp_count FROM `xt_question` WHERE ( `status` = 0 ) AND ( `is_reply` = 1 ) LIMIT 1   [ RunTime:0.000412s ]
INFO: [ view_parse ] --START--
INFO: ParseTemplate Behavior ::run [ RunTime:0.037577s ]
INFO: [ view_parse ] --END-- [ RunTime:0.037770s ]
INFO: [ view_filter ] --START--
INFO: ContentReplace Behavior ::run [ RunTime:0.001413s ]
INFO: TokenBuild Behavior ::run [ RunTime:0.001109s ]
INFO: WriteHtmlCache Behavior ::run [ RunTime:0.000784s ]
INFO: ShowRuntime Behavior ::run [ RunTime:0.000963s ]
INFO: [ view_filter ] --END-- [ RunTime:0.004704s ]
INFO: [ view_end ] --START--
INFO: ShowPageTrace Behavior ::run [ RunTime:0.002213s ]
INFO: [ view_end ] --END-- [ RunTime:0.002379s ]

[ 2014-01-06T13:29:50+08:00 ] 192.168.1.102 /xingtuo/index.php?s=/ApiLogin/login
INFO: [ route_check ] --START--
INFO: CheckRoute Behavior ::run [ RunTime:0.000990s ]
INFO: [ route_check ] --END-- [ RunTime:0.001101s ]
INFO: [ app_begin ] --START--
INFO: ReadHtmlCache Behavior ::run [ RunTime:0.000813s ]
INFO: [ app_begin ] --END-- [ RunTime:0.000905s ]
INFO: [ view_parse ] --START--
INFO: ParseTemplate Behavior ::run [ RunTime:0.052104s ]
INFO: [ view_parse ] --END-- [ RunTime:0.052313s ]
INFO: [ view_filter ] --START--
INFO: ContentReplace Behavior ::run [ RunTime:0.001179s ]
INFO: TokenBuild Behavior ::run [ RunTime:0.001174s ]
INFO: WriteHtmlCache Behavior ::run [ RunTime:0.000915s ]
INFO: ShowRuntime Behavior ::run [ RunTime:0.001146s ]
INFO: [ view_filter ] --END-- [ RunTime:0.004835s ]
INFO: [ view_end ] --START--
INFO: ShowPageTrace Behavior ::run [ RunTime:0.001468s ]
INFO: [ view_end ] --END-- [ RunTime:0.001604s ]

[ 2014-01-06T13:29:57+08:00 ] 192.168.1.102 /xingtuo/index.php?s=/ApiLogin/register
INFO: [ route_check ] --START--
INFO: CheckRoute Behavior ::run [ RunTime:0.001912s ]
INFO: [ route_check ] --END-- [ RunTime:0.002906s ]
INFO: [ app_begin ] --START--
INFO: ReadHtmlCache Behavior ::run [ RunTime:0.001032s ]
INFO: [ app_begin ] --END-- [ RunTime:0.001132s ]

[ 2014-01-06T13:31:26+08:00 ] 192.168.1.102 /xingtuo/index.php?s=/ApiLogin/register_send
INFO: [ route_check ] --START--
INFO: CheckRoute Behavior ::run [ RunTime:0.001484s ]
INFO: [ route_check ] --END-- [ RunTime:0.001609s ]
INFO: [ app_begin ] --START--
INFO: ReadHtmlCache Behavior ::run [ RunTime:0.000818s ]
INFO: [ app_begin ] --END-- [ RunTime:0.000908s ]
ERR: 非法操作:register_send

[ 2014-01-06T13:31:55+08:00 ] 192.168.1.102 /xingtuo/index.php?s=/ApiSend/register_send
INFO: [ route_check ] --START--
INFO: CheckRoute Behavior ::run [ RunTime:0.001040s ]
INFO: [ route_check ] --END-- [ RunTime:0.001150s ]
INFO: [ app_begin ] --START--
INFO: ReadHtmlCache Behavior ::run [ RunTime:0.000715s ]
INFO: [ app_begin ] --END-- [ RunTime:0.000799s ]
INFO: [ view_parse ] --START--
INFO: ParseTemplate Behavior ::run [ RunTime:0.027272s ]
INFO: [ view_parse ] --END-- [ RunTime:0.027456s ]
INFO: [ view_filter ] --START--
INFO: ContentReplace Behavior ::run [ RunTime:0.000772s ]
INFO: TokenBuild Behavior ::run [ RunTime:0.000693s ]
INFO: WriteHtmlCache Behavior ::run [ RunTime:0.000560s ]
INFO: ShowRuntime Behavior ::run [ RunTime:0.000720s ]
INFO: [ view_filter ] --END-- [ RunTime:0.003033s ]
INFO: [ view_end ] --START--
INFO: ShowPageTrace Behavior ::run [ RunTime:0.000866s ]
INFO: [ view_end ] --END-- [ RunTime:0.000951s ]

[ 2014-01-06T13:32:00+08:00 ] 192.168.1.102 /xingtuo/index.php?s=/ApiSend/register_send
INFO: [ route_check ] --START--
INFO: CheckRoute Behavior ::run [ RunTime:0.001189s ]
INFO: [ route_check ] --END-- [ RunTime:0.001309s ]
INFO: [ app_begin ] --START--
INFO: ReadHtmlCache Behavior ::run [ RunTime:0.000804s ]
INFO: [ app_begin ] --END-- [ RunTime:0.000893s ]
NOTIC: 建议使用I方法替代_post
SQL: SHOW COLUMNS FROM `xt_verify` [ RunTime:0.021311s ]
SQL: INSERT INTO `xt_verify` (`telephone`,`verify`,`expired`,`type`) VALUES ('13761951734',395459,1388986620,1) [ RunTime:0.000543s ]

[ 2014-01-06T13:36:53+08:00 ] 192.168.1.102 /xingtuo/index.php?s=/ApiSend/register_send
INFO: [ route_check ] --START--
INFO: CheckRoute Behavior ::run [ RunTime:0.001145s ]
INFO: [ route_check ] --END-- [ RunTime:0.001308s ]
INFO: [ app_begin ] --START--
INFO: ReadHtmlCache Behavior ::run [ RunTime:0.000976s ]
INFO: [ app_begin ] --END-- [ RunTime:0.001105s ]
NOTIC: 建议使用I方法替代_post
SQL: SHOW COLUMNS FROM `xt_verify` [ RunTime:0.005909s ]
SQL: INSERT INTO `xt_verify` (`telephone`,`verify`,`expired`,`type`) VALUES ('13761951734',371715,1388986913,1) [ RunTime:0.000641s ]

[ 2014-01-06T13:44:04+08:00 ] 192.168.1.102 /xingtuo/index.php?s=/ApiSend/register_send
INFO: [ route_check ] --START--
INFO: CheckRoute Behavior ::run [ RunTime:0.001385s ]
INFO: [ route_check ] --END-- [ RunTime:0.001514s ]
INFO: [ app_begin ] --START--
INFO: ReadHtmlCache Behavior ::run [ RunTime:0.002671s ]
INFO: [ app_begin ] --END-- [ RunTime:0.002799s ]
INFO: [ view_parse ] --START--
INFO: ParseTemplate Behavior ::run [ RunTime:0.009188s ]
INFO: [ view_parse ] --END-- [ RunTime:0.009383s ]
INFO: [ view_filter ] --START--
INFO: ContentReplace Behavior ::run [ RunTime:0.000904s ]
INFO: TokenBuild Behavior ::run [ RunTime:0.000987s ]
INFO: WriteHtmlCache Behavior ::run [ RunTime:0.000854s ]
INFO: ShowRuntime Behavior ::run [ RunTime:0.001138s ]
INFO: [ view_filter ] --END-- [ RunTime:0.004352s ]
INFO: [ view_end ] --START--
INFO: ShowPageTrace Behavior ::run [ RunTime:0.001301s ]
INFO: [ view_end ] --END-- [ RunTime:0.001437s ]

[ 2014-01-06T13:44:07+08:00 ] 192.168.1.102 /xingtuo/index.php?s=/ApiSend/register_send
INFO: [ route_check ] --START--
INFO: CheckRoute Behavior ::run [ RunTime:0.001229s ]
INFO: [ route_check ] --END-- [ RunTime:0.001385s ]
INFO: [ app_begin ] --START--
INFO: ReadHtmlCache Behavior ::run [ RunTime:0.000823s ]
INFO: [ app_begin ] --END-- [ RunTime:0.000927s ]
NOTIC: 建议使用I方法替代_post
SQL: SHOW COLUMNS FROM `xt_verify` [ RunTime:0.008351s ]
SQL: INSERT INTO `xt_verify` (`telephone`,`verify`,`expired`,`type`) VALUES ('13761951734',181094,1388987347,1) [ RunTime:0.000974s ]

[ 2014-01-06T13:44:34+08:00 ] 192.168.1.102 /xingtuo/index.php?s=/ApiSend/register_send
INFO: [ route_check ] --START--
INFO: CheckRoute Behavior ::run [ RunTime:0.001223s ]
INFO: [ route_check ] --END-- [ RunTime:0.001441s ]
INFO: [ app_begin ] --START--
INFO: ReadHtmlCache Behavior ::run [ RunTime:0.000835s ]
INFO: [ app_begin ] --END-- [ RunTime:0.000959s ]
NOTIC: 建议使用I方法替代_post
SQL: SHOW COLUMNS FROM `xt_verify` [ RunTime:0.006512s ]
SQL: INSERT INTO `xt_verify` (`telephone`,`verify`,`expired`,`type`) VALUES ('13761951734',502535,1388987374,1) [ RunTime:0.001012s ]

[ 2014-01-06T13:46:36+08:00 ] 192.168.1.102 /xingtuo/index.php?s=/ApiSend/register_send
INFO: [ route_check ] --START--
INFO: CheckRoute Behavior ::run [ RunTime:0.001019s ]
INFO: [ route_check ] --END-- [ RunTime:0.001162s ]
INFO: [ app_begin ] --START--
INFO: ReadHtmlCache Behavior ::run [ RunTime:0.001006s ]
INFO: [ app_begin ] --END-- [ RunTime:0.001127s ]
NOTIC: 建议使用I方法替代_post
SQL: SHOW COLUMNS FROM `xt_verify` [ RunTime:0.007788s ]
SQL: INSERT INTO `xt_verify` (`telephone`,`verify`,`expired`,`type`) VALUES ('13761951734',765241,1388987496,1) [ RunTime:0.000594s ]

[ 2014-01-06T13:50:30+08:00 ] 192.168.1.102 /xingtuo/index.php?s=/ApiSend/register_send
INFO: [ route_check ] --START--
INFO: CheckRoute Behavior ::run [ RunTime:0.001308s ]
INFO: [ route_check ] --END-- [ RunTime:0.001494s ]
INFO: [ app_begin ] --START--
INFO: ReadHtmlCache Behavior ::run [ RunTime:0.000818s ]
INFO: [ app_begin ] --END-- [ RunTime:0.000922s ]
NOTIC: 建议使用I方法替代_post

[ 2014-01-06T13:54:22+08:00 ] 192.168.1.102 /xingtuo/index.php?s=/ApiSend/register_send
INFO: [ route_check ] --START--
INFO: CheckRoute Behavior ::run [ RunTime:0.001737s ]
INFO: [ route_check ] --END-- [ RunTime:0.001966s ]
INFO: [ app_begin ] --START--
INFO: ReadHtmlCache Behavior ::run [ RunTime:0.001030s ]
INFO: [ app_begin ] --END-- [ RunTime:0.001222s ]
NOTIC: 建议使用I方法替代_post
SQL: SHOW COLUMNS FROM `xt_verify` [ RunTime:0.006697s ]
SQL: INSERT INTO `xt_verify` (`telephone`,`verify`,`expired`,`type`) VALUES ('13761951734',790969,1389030862,1) [ RunTime:0.000474s ]

[ 2014-01-06T13:54:50+08:00 ] 192.168.1.102 /xingtuo/index.php?s=/ApiSend/register_send
INFO: [ route_check ] --START--
INFO: CheckRoute Behavior ::run [ RunTime:0.001460s ]
INFO: [ route_check ] --END-- [ RunTime:0.001662s ]
INFO: [ app_begin ] --START--
INFO: ReadHtmlCache Behavior ::run [ RunTime:0.002146s ]
INFO: [ app_begin ] --END-- [ RunTime:0.002351s ]
NOTIC: 建议使用I方法替代_post
SQL: SHOW COLUMNS FROM `xt_verify` [ RunTime:0.006965s ]
SQL: INSERT INTO `xt_verify` (`telephone`,`verify`,`expired`,`type`) VALUES ('13761951734',211772,1389030890,1) [ RunTime:0.000501s ]

[ 2014-01-06T13:58:22+08:00 ] 192.168.1.102 /xingtuo/index.php?s=/ApiSend/register_send
INFO: [ route_check ] --START--
INFO: CheckRoute Behavior ::run [ RunTime:0.001806s ]
INFO: [ route_check ] --END-- [ RunTime:0.002009s ]
INFO: [ app_begin ] --START--
INFO: ReadHtmlCache Behavior ::run [ RunTime:0.001440s ]
INFO: [ app_begin ] --END-- [ RunTime:0.001611s ]
NOTIC: 建议使用I方法替代_post
SQL: SHOW COLUMNS FROM `xt_verify` [ RunTime:0.006731s ]
SQL: INSERT INTO `xt_verify` (`telephone`,`verify`,`expired`,`type`) VALUES ('13761951734',188288,1389031102,1) [ RunTime:0.000600s ]

